* Starting client
* Connecting to master process on port 6277
* Analyzing classpath: 
  - /mnt/c/Users/Helen/Documents/DataScience18668/GroupProject/project/presto/presto-spark-common/target/classes
  - /home/helen/.m2/repository/com/google/guava/guava/26.0-jre/guava-26.0-jre.jar
  - /home/helen/.m2/repository/org/checkerframework/checker-qual/2.5.2/checker-qual-2.5.2.jar
  - /home/helen/.m2/repository/com/google/errorprone/error_prone_annotations/2.1.3/error_prone_annotations-2.1.3.jar
  - /home/helen/.m2/repository/com/google/j2objc/j2objc-annotations/1.1/j2objc-annotations-1.1.jar
  - /home/helen/.m2/repository/org/codehaus/mojo/animal-sniffer-annotations/1.14/animal-sniffer-annotations-1.14.jar
  - /home/helen/.m2/repository/com/fasterxml/jackson/core/jackson-annotations/2.10.0/jackson-annotations-2.10.0.jar
  - /home/helen/.m2/repository/com/facebook/presto/presto-spi/0.266-SNAPSHOT/presto-spi-0.266-SNAPSHOT.jar
  - /home/helen/.m2/repository/com/facebook/presto/presto-common/0.266-SNAPSHOT/presto-common-0.266-SNAPSHOT.jar
  - /home/helen/.m2/repository/com/facebook/drift/drift-api/1.33/drift-api-1.33.jar
  - /home/helen/.m2/repository/io/airlift/slice/0.38/slice-0.38.jar
  - /home/helen/.m2/repository/io/airlift/units/1.3/units-1.3.jar
  - /home/helen/.m2/repository/org/openjdk/jol/jol-core/0.2/jol-core-0.2.jar
  - /home/helen/.m2/repository/com/facebook/presto/presto-client/0.266-SNAPSHOT/presto-client-0.266-SNAPSHOT.jar
  - /home/helen/.m2/repository/com/fasterxml/jackson/core/jackson-core/2.10.0/jackson-core-2.10.0.jar
  - /home/helen/.m2/repository/com/fasterxml/jackson/core/jackson-databind/2.10.0/jackson-databind-2.10.0.jar
  - /home/helen/.m2/repository/com/facebook/airlift/json/0.201/json-0.201.jar
  - /home/helen/.m2/repository/com/google/inject/guice/4.2.2/guice-4.2.2.jar
  - /home/helen/.m2/repository/aopalliance/aopalliance/1.0/aopalliance-1.0.jar
  - /home/helen/.m2/repository/com/fasterxml/jackson/datatype/jackson-datatype-jdk8/2.10.0/jackson-datatype-jdk8-2.10.0.jar
  - /home/helen/.m2/repository/com/fasterxml/jackson/datatype/jackson-datatype-jsr310/2.10.0/jackson-datatype-jsr310-2.10.0.jar
  - /home/helen/.m2/repository/com/fasterxml/jackson/datatype/jackson-datatype-guava/2.10.0/jackson-datatype-guava-2.10.0.jar
  - /home/helen/.m2/repository/com/fasterxml/jackson/datatype/jackson-datatype-joda/2.10.0/jackson-datatype-joda-2.10.0.jar
  - /home/helen/.m2/repository/com/fasterxml/jackson/module/jackson-module-parameter-names/2.10.0/jackson-module-parameter-names-2.10.0.jar
  - /home/helen/.m2/repository/com/fasterxml/jackson/dataformat/jackson-dataformat-smile/2.10.0/jackson-dataformat-smile-2.10.0.jar
  - /home/helen/.m2/repository/javax/inject/javax.inject/1/javax.inject-1.jar
  - /home/helen/.m2/repository/com/facebook/airlift/security/0.201/security-0.201.jar
  - /home/helen/.m2/repository/com/facebook/airlift/log/0.201/log-0.201.jar
  - /home/helen/.m2/repository/com/google/auth/google-auth-library-oauth2-http/0.12.0/google-auth-library-oauth2-http-0.12.0.jar
  - /home/helen/.m2/repository/com/google/auth/google-auth-library-credentials/0.12.0/google-auth-library-credentials-0.12.0.jar
  - /home/helen/.m2/repository/com/google/http-client/google-http-client/1.27.0/google-http-client-1.27.0.jar
  - /home/helen/.m2/repository/org/apache/httpcomponents/httpclient/4.5.5/httpclient-4.5.5.jar
  - /home/helen/.m2/repository/org/apache/httpcomponents/httpcore/4.4.9/httpcore-4.4.9.jar
  - /home/helen/.m2/repository/commons-codec/commons-codec/1.10/commons-codec-1.10.jar
  - /home/helen/.m2/repository/com/google/http-client/google-http-client-jackson2/1.27.0/google-http-client-jackson2-1.27.0.jar
  - /home/helen/.m2/repository/com/squareup/okhttp3/okhttp/3.9.0/okhttp-3.9.0.jar
  - /home/helen/.m2/repository/com/squareup/okio/okio/1.13.0/okio-1.13.0.jar
  - /home/helen/.m2/repository/com/squareup/okhttp3/okhttp-urlconnection/3.9.0/okhttp-urlconnection-3.9.0.jar
  - /home/helen/.m2/repository/com/google/code/findbugs/jsr305/3.0.2/jsr305-3.0.2.jar
* Finished analyzing classpath
* Generating tests for class com.facebook.presto.spark.PrestoSparkQueryData
* Test criteria:
  - Line Coverage
  - Branch Coverage
  - Exception
  - Mutation testing (weak)
  - Method-Output Coverage
  - Top-Level Method Coverage
  - No-Exception Top-Level Method Coverage
  - Context Branch Coverage
* Setting up search algorithm for whole suite generation
[MASTER] 02:36:00.208 [pool-2-thread-1] WARN  TestSuiteSerialization - Cannot load tests because file does not exist: /mnt/c/Users/Helen/Documents/DataScience18668/GroupProject/project/presto/presto-spark-common/.evosuite/evosuite-seeds/com.facebook.presto.spark.PrestoSparkQueryData.seed
* Loaded 0 tests from /mnt/c/Users/Helen/Documents/DataScience18668/GroupProject/project/presto/presto-spark-common/.evosuite/evosuite-seeds/com.facebook.presto.spark.PrestoSparkQueryData.seed
* Total number of test goals: 
  - Line 6
  - Branch 3
  - Exception 0
  - MutationFactory 0
  - Output 12
  - Method 3
  - MethodNoException 3
  - CBranchFitnessFactory 3
* Using seed 1637404547764
* Starting evolution
[MASTER] 02:36:01.170 [pool-2-thread-1] WARN  TimeController - Phase INITIALIZATION lasted too long, 6 seconds more than allowed.
* Search finished after 50s and 2690 generations, 67915 statements, best individual has fitness: 22.3
* Writing sequences to pool
* Minimizing test suite
* Going to analyze the coverage criteria
* Coverage analysis for criterion LINE
* Coverage of criterion LINE: 33%
* Total number of goals: 6
* Number of covered goals: 2
* Coverage analysis for criterion BRANCH
* Coverage of criterion BRANCH: 33%
* Total number of goals: 3
* Number of covered goals: 1
* Coverage analysis for criterion EXCEPTION
* Coverage of criterion EXCEPTION: 100%
* Total number of goals: 1
* Number of covered goals: 1
* Coverage analysis for criterion WEAKMUTATION
* Coverage of criterion WEAKMUTATION: 100% (no goals)
* Coverage analysis for criterion OUTPUT
* Coverage of criterion OUTPUT: 0%
* Total number of goals: 12
* Number of covered goals: 0
* Coverage analysis for criterion METHOD
* Coverage of criterion METHOD: 33%
* Total number of goals: 3
* Number of covered goals: 1
* Coverage analysis for criterion METHODNOEXCEPTION
* Coverage of criterion METHODNOEXCEPTION: 0%
* Total number of goals: 3
* Number of covered goals: 0
* Coverage analysis for criterion CBRANCH
* Coverage of criterion CBRANCH: 33%
* Total number of goals: 3
* Number of covered goals: 1
* Generated 1 tests with total length 1
* Resulting test suite's coverage: 42% (average coverage for all fitness functions)
* Generating assertions
* Resulting test suite's mutation score: 0%
* Compiling and checking tests
[MASTER] 02:37:05.655 [pool-2-thread-1] WARN  TestSuiteGenerator - JUnit checking timed out
[MASTER] 02:37:05.656 [pool-2-thread-1] WARN  TimeController - Phase JUNIT_CHECK lasted too long, 7 seconds more than allowed.
* Writing JUnit test case 'PrestoSparkQueryData_ESTest' to /mnt/c/Users/Helen/Documents/DataScience18668/GroupProject/project/presto/presto-spark-common/.evosuite/tmp_2021_11_20_02_34_29/tests
* Done!

