[MASTER] 11:13:11.343 [main] ERROR ExternalProcessHandler - Class com.facebook.presto.orc.ByteArrayUtils. Lost connection with clients.
ClientNode: SEARCH
The JVM of the client process crashed:
#
# A fatal error has been detected by the Java Runtime Environment:
#
#  SIGSEGV (0xb) at pc=0x00007fe952772097, pid=23560, tid=0x00007fe8bffff700
#
# JRE version: OpenJDK Runtime Environment (8.0_292-b10) (build 1.8.0_292-8u292-b10-0ubuntu1~20.04-b10)
# Java VM: OpenJDK 64-Bit Server VM (25.292-b10 mixed mode linux-amd64 compressed oops)
# Problematic frame:
# V  [libjvm.so+0xafd097]
#
# Failed to write core dump. Core dumps have been disabled. To enable core dumping, try "ulimit -c unlimited" before starting Java again
#
# If you would like to submit a bug report, please visit:
#   http://bugreport.java.com/bugreport/crash.jsp
#

[MASTER] 11:13:11.444 [main] ERROR SearchStatistics - No statistics has been saved because EvoSuite failed to generate any test case
[MASTER] 11:13:11.544 [main] ERROR TestGeneration - failed to write statistics data
