[MASTER] 19:49:30.378 [TEST_EXECUTION_THREAD_0] ERROR FunctionalMockStatement - Cannot use Mockito on class com.facebook.presto.bytecode.ParameterizedType due to IAE: 
Mockito cannot mock this class: class com.facebook.presto.bytecode.ParameterizedType.

Mockito can only mock non-private & non-final classes.
If you're not sure why you're getting this error, please report to the mailing list.


Java               : 1.8
JVM vendor name    : Private Build
JVM vendor version : 25.292-b10
JVM name           : OpenJDK 64-Bit Server VM
JVM version        : 1.8.0_292-8u292-b10-0ubuntu1~20.04-b10
JVM info           : mixed mode
OS name            : Linux
OS version         : 5.10.16.3-microsoft-standard-WSL2


Underlying exception : java.lang.IllegalArgumentException: Could not create type
[MASTER] 19:49:36.188 [TEST_EXECUTION_THREAD_1] ERROR FunctionalMockStatement - Cannot use Mockito on interface java.lang.Iterable due to IAE: 
Mockito cannot mock this class: interface java.lang.Iterable.

Mockito can only mock non-private & non-final classes.
If you're not sure why you're getting this error, please report to the mailing list.


Java               : 1.8
JVM vendor name    : Private Build
JVM vendor version : 25.292-b10
JVM name           : OpenJDK 64-Bit Server VM
JVM version        : 1.8.0_292-8u292-b10-0ubuntu1~20.04-b10
JVM info           : mixed mode
OS name            : Linux
OS version         : 5.10.16.3-microsoft-standard-WSL2


Underlying exception : java.lang.IllegalArgumentException: Could not create type
[MASTER] 19:49:41.786 [pool-2-thread-1] ERROR TestCluster - Failed to check cache for java.lang.Iterable<T> : Type points to itself
[MASTER] 19:49:58.057 [pool-2-thread-1] ERROR TestCluster - Failed to check cache for java.util.Comparator<T> : Type points to itself
