[MASTER] 01:03:12.918 [pool-2-thread-1] ERROR TestSuiteGenerator - Problem for com.facebook.presto.tpch.TpchMetadata. Full stack:
java.lang.ExceptionInInitializerError: null
	at io.airlift.slice.Slices.<clinit>(Slices.java) ~[slice-0.38.jar:0.38]
	at java.util.stream.ReferencePipeline$3$1.accept(ReferencePipeline.java:193) ~[na:1.8.0_292]
	at java.util.Spliterators$ArraySpliterator.forEachRemaining(Spliterators.java:948) ~[na:1.8.0_292]
	at java.util.stream.AbstractPipeline.copyInto(AbstractPipeline.java:482) ~[na:1.8.0_292]
	at java.util.stream.AbstractPipeline.wrapAndCopyInto(AbstractPipeline.java:472) ~[na:1.8.0_292]
	at java.util.stream.ReduceOps$ReduceOp.evaluateSequential(ReduceOps.java:708) ~[na:1.8.0_292]
	at java.util.stream.AbstractPipeline.evaluate(AbstractPipeline.java:234) ~[na:1.8.0_292]
	at java.util.stream.ReferencePipeline.collect(ReferencePipeline.java:566) ~[na:1.8.0_292]
	at com.facebook.presto.tpch.TpchMetadata.<clinit>(TpchMetadata.java) ~[classes/:na]
	at java.lang.Class.forName0(Native Method) ~[na:1.8.0_292]
	at java.lang.Class.forName(Class.java:348) ~[na:1.8.0_292]
	at sun.reflect.NativeMethodAccessorImpl.invoke0(Native Method) ~[na:1.8.0_292]
	at sun.reflect.NativeMethodAccessorImpl.invoke(NativeMethodAccessorImpl.java:62) ~[na:1.8.0_292]
	at sun.reflect.DelegatingMethodAccessorImpl.invoke(DelegatingMethodAccessorImpl.java:43) ~[na:1.8.0_292]
	at java.lang.reflect.Method.invoke(Method.java:498) ~[na:1.8.0_292]
	at org.evosuite.testcase.statements.MethodStatement$1.execute(MethodStatement.java:257) ~[evosuite-master-1.0.6.jar:1.0.6]
	at org.evosuite.testcase.statements.AbstractStatement.exceptionHandler(AbstractStatement.java:169) ~[evosuite-master-1.0.6.jar:1.0.6]
	at org.evosuite.testcase.statements.MethodStatement.execute(MethodStatement.java:220) ~[evosuite-master-1.0.6.jar:1.0.6]
	at org.evosuite.testcase.execution.TestRunnable.executeStatements(TestRunnable.java:307) ~[evosuite-master-1.0.6.jar:1.0.6]
	at org.evosuite.testcase.execution.TestRunnable.call(TestRunnable.java:213) ~[evosuite-master-1.0.6.jar:1.0.6]
	at org.evosuite.testcase.execution.TestRunnable.call(TestRunnable.java:55) ~[evosuite-master-1.0.6.jar:1.0.6]
	at java.util.concurrent.FutureTask.run(FutureTask.java:266) [na:1.8.0_292]
	at java.util.concurrent.ThreadPoolExecutor.runWorker(ThreadPoolExecutor.java:1149) [na:1.8.0_292]
	at java.util.concurrent.ThreadPoolExecutor$Worker.run(ThreadPoolExecutor.java:624) [na:1.8.0_292]
	at java.lang.Thread.run(Thread.java:748) [na:1.8.0_292]
Caused by: org.evosuite.runtime.mock.java.lang.MockIllegalStateException: Field Slice.base@36(8) is not aligned
	at org.openjdk.jol.info.ClassLayout.checkInvariants(ClassLayout.java:90) ~[jol-core-0.2.jar:na]
	at <evosuite>.<evosuite>(<evosuite>) ~[na:na]
	at <evosuite>.<evosuite>(<evosuite>) ~[na:na]
