[MASTER] 22:00:22.472 [TEST_EXECUTION_THREAD_0] ERROR FunctionalMockStatement - Failed to use Mockito on interface com.facebook.presto.spi.connector.ConnectorPageSinkProvider: null
[MASTER] 22:00:28.251 [TEST_EXECUTION_THREAD_1] ERROR FunctionalMockStatement - Cannot use Mockito on class java.lang.ClassLoader due to IAE: 
Mockito cannot mock this class: class java.lang.ClassLoader.

Mockito can only mock non-private & non-final classes.
If you're not sure why you're getting this error, please report to the mailing list.


Java               : 1.8
JVM vendor name    : Private Build
JVM vendor version : 25.292-b10
JVM name           : OpenJDK 64-Bit Server VM
JVM version        : 1.8.0_292-8u292-b10-0ubuntu1~20.04-b10
JVM info           : mixed mode
OS name            : Linux
OS version         : 5.10.16.3-microsoft-standard-WSL2


Underlying exception : java.lang.IllegalArgumentException: Could not create type
[MASTER] 22:00:37.644 [TEST_EXECUTION_THREAD_2] ERROR FunctionalMockStatement - Cannot use Mockito on interface com.facebook.presto.spi.connector.ConnectorPageSinkProvider due to IAE: 
Mockito cannot mock this class: interface com.facebook.presto.spi.connector.ConnectorPageSinkProvider.

Mockito can only mock non-private & non-final classes.
If you're not sure why you're getting this error, please report to the mailing list.


Java               : 1.8
JVM vendor name    : Private Build
JVM vendor version : 25.292-b10
JVM name           : OpenJDK 64-Bit Server VM
JVM version        : 1.8.0_292-8u292-b10-0ubuntu1~20.04-b10
JVM info           : mixed mode
OS name            : Linux
OS version         : 5.10.16.3-microsoft-standard-WSL2


Underlying exception : java.lang.IllegalArgumentException: Could not create type
[MASTER] 22:00:44.697 [TEST_EXECUTION_THREAD_4] ERROR FunctionalMockStatement - Cannot use Mockito on interface com.facebook.presto.spi.connector.ConnectorTransactionHandle due to IAE: 
Mockito cannot mock this class: interface com.facebook.presto.spi.connector.ConnectorTransactionHandle.

Mockito can only mock non-private & non-final classes.
If you're not sure why you're getting this error, please report to the mailing list.


Java               : 1.8
JVM vendor name    : Private Build
JVM vendor version : 25.292-b10
JVM name           : OpenJDK 64-Bit Server VM
JVM version        : 1.8.0_292-8u292-b10-0ubuntu1~20.04-b10
JVM info           : mixed mode
OS name            : Linux
OS version         : 5.10.16.3-microsoft-standard-WSL2


Underlying exception : java.lang.IllegalArgumentException: Could not create type
[MASTER] 22:00:44.881 [TEST_EXECUTION_THREAD_4] ERROR FunctionalMockStatement - Cannot use Mockito on interface com.facebook.presto.spi.ConnectorSession due to IAE: 
Mockito cannot mock this class: interface com.facebook.presto.spi.ConnectorSession.

Mockito can only mock non-private & non-final classes.
If you're not sure why you're getting this error, please report to the mailing list.


Java               : 1.8
JVM vendor name    : Private Build
JVM vendor version : 25.292-b10
JVM name           : OpenJDK 64-Bit Server VM
JVM version        : 1.8.0_292-8u292-b10-0ubuntu1~20.04-b10
JVM info           : mixed mode
OS name            : Linux
OS version         : 5.10.16.3-microsoft-standard-WSL2


Underlying exception : java.lang.IllegalArgumentException: Could not create type
[MASTER] 22:00:45.176 [TEST_EXECUTION_THREAD_4] ERROR FunctionalMockStatement - Cannot use Mockito on interface com.facebook.presto.spi.ConnectorInsertTableHandle due to IAE: 
Mockito cannot mock this class: interface com.facebook.presto.spi.ConnectorInsertTableHandle.

Mockito can only mock non-private & non-final classes.
If you're not sure why you're getting this error, please report to the mailing list.


Java               : 1.8
JVM vendor name    : Private Build
JVM vendor version : 25.292-b10
JVM name           : OpenJDK 64-Bit Server VM
JVM version        : 1.8.0_292-8u292-b10-0ubuntu1~20.04-b10
JVM info           : mixed mode
OS name            : Linux
OS version         : 5.10.16.3-microsoft-standard-WSL2


Underlying exception : java.lang.IllegalArgumentException: Could not create type
[MASTER] 22:00:45.558 [TEST_EXECUTION_THREAD_4] ERROR FunctionalMockStatement - Cannot use Mockito on class com.facebook.presto.spi.PageSinkContext due to IAE: 
Mockito cannot mock this class: class com.facebook.presto.spi.PageSinkContext.

Mockito can only mock non-private & non-final classes.
If you're not sure why you're getting this error, please report to the mailing list.


Java               : 1.8
JVM vendor name    : Private Build
JVM vendor version : 25.292-b10
JVM name           : OpenJDK 64-Bit Server VM
JVM version        : 1.8.0_292-8u292-b10-0ubuntu1~20.04-b10
JVM info           : mixed mode
OS name            : Linux
OS version         : 5.10.16.3-microsoft-standard-WSL2


Underlying exception : java.lang.IllegalArgumentException: Could not create type
[MASTER] 22:00:45.656 [TEST_EXECUTION_THREAD_4] ERROR FunctionalMockStatement - Cannot use Mockito on interface com.facebook.presto.spi.ConnectorOutputTableHandle due to IAE: 
Mockito cannot mock this class: interface com.facebook.presto.spi.ConnectorOutputTableHandle.

Mockito can only mock non-private & non-final classes.
If you're not sure why you're getting this error, please report to the mailing list.


Java               : 1.8
JVM vendor name    : Private Build
JVM vendor version : 25.292-b10
JVM name           : OpenJDK 64-Bit Server VM
JVM version        : 1.8.0_292-8u292-b10-0ubuntu1~20.04-b10
JVM info           : mixed mode
OS name            : Linux
OS version         : 5.10.16.3-microsoft-standard-WSL2


Underlying exception : java.lang.IllegalArgumentException: Could not create type
