* Starting client
* Connecting to master process on port 5197
* Analyzing classpath: 
  - /mnt/c/Users/Helen/Documents/DataScience18668/GroupProject/project/presto/presto-bytecode/target/classes
  - /home/helen/.m2/repository/org/ow2/asm/asm/9.0/asm-9.0.jar
  - /home/helen/.m2/repository/org/ow2/asm/asm-tree/9.0/asm-tree-9.0.jar
  - /home/helen/.m2/repository/org/ow2/asm/asm-util/9.0/asm-util-9.0.jar
  - /home/helen/.m2/repository/org/ow2/asm/asm-analysis/9.0/asm-analysis-9.0.jar
  - /home/helen/.m2/repository/com/google/code/findbugs/jsr305/3.0.2/jsr305-3.0.2.jar
  - /home/helen/.m2/repository/com/google/guava/guava/26.0-jre/guava-26.0-jre.jar
  - /home/helen/.m2/repository/org/checkerframework/checker-qual/2.5.2/checker-qual-2.5.2.jar
  - /home/helen/.m2/repository/com/google/errorprone/error_prone_annotations/2.1.3/error_prone_annotations-2.1.3.jar
  - /home/helen/.m2/repository/com/google/j2objc/j2objc-annotations/1.1/j2objc-annotations-1.1.jar
  - /home/helen/.m2/repository/org/codehaus/mojo/animal-sniffer-annotations/1.14/animal-sniffer-annotations-1.14.jar
  - /home/helen/.m2/repository/io/airlift/slice/0.38/slice-0.38.jar
  - /home/helen/.m2/repository/org/openjdk/jol/jol-core/0.2/jol-core-0.2.jar
  - /mnt/c/Users/Helen/Documents/DataScience18668/GroupProject/project/presto/presto-testng-services/target/classes
  - /home/helen/.m2/repository/com/facebook/airlift/log/0.201/log-0.201.jar
  - /home/helen/.m2/repository/io/airlift/units/1.3/units-1.3.jar
  - /home/helen/.m2/repository/com/facebook/airlift/concurrent/0.201/concurrent-0.201.jar
  - /home/helen/.m2/repository/org/testng/testng/6.10/testng-6.10.jar
  - /home/helen/.m2/repository/com/beust/jcommander/1.48/jcommander-1.48.jar
  - /home/helen/.m2/repository/org/assertj/assertj-core/3.8.0/assertj-core-3.8.0.jar
* Finished analyzing classpath
* Generating tests for class com.facebook.presto.bytecode.DumpBytecodeVisitor
* Test criteria:
  - Line Coverage
  - Branch Coverage
  - Exception
  - Mutation testing (weak)
  - Method-Output Coverage
  - Top-Level Method Coverage
  - No-Exception Top-Level Method Coverage
  - Context Branch Coverage
* Setting up search algorithm for whole suite generation
* Loaded 71 tests from /mnt/c/Users/Helen/Documents/DataScience18668/GroupProject/project/presto/presto-bytecode/.evosuite/evosuite-seeds/com.facebook.presto.bytecode.DumpBytecodeVisitor.seed
* Total number of test goals: 
  - Line 240
  - Branch 94
  - Exception 0
  - MutationFactory 402
  - Output 70
  - Method 42
  - MethodNoException 42
  - CBranchFitnessFactory 94
* Using seed 1637291975128
* Starting evolution
[MASTER] 19:20:50.254 [pool-2-thread-1] WARN  TimeController - Phase INITIALIZATION lasted too long, 52 seconds more than allowed.
* Search finished after 134s and 114 generations, 68316 statements, best individual has fitness: 280.50707070707074
* Writing sequences to pool
[MASTER] 19:23:24.569 [pool-2-thread-1] WARN  TimeController - Phase SEARCH lasted too long, 22 seconds more than allowed.
* Minimizing test suite
[MASTER] 19:23:55.800 [pool-2-thread-1] WARN  TestSuiteMinimizer - Minimization timeout. Roll back to original test suite
* Going to analyze the coverage criteria
* Coverage analysis for criterion LINE
* Coverage of criterion LINE: 73%
* Total number of goals: 240
* Number of covered goals: 175
* Coverage analysis for criterion BRANCH
* Coverage of criterion BRANCH: 68%
* Total number of goals: 94
* Number of covered goals: 64
* Coverage analysis for criterion EXCEPTION
* Coverage of criterion EXCEPTION: 100%
* Total number of goals: 44
* Number of covered goals: 44
* Coverage analysis for criterion WEAKMUTATION
* Coverage of criterion WEAKMUTATION: 81%
* Total number of goals: 402
* Number of covered goals: 327
* Coverage analysis for criterion OUTPUT
* Coverage of criterion OUTPUT: 27%
* Total number of goals: 70
* Number of covered goals: 19
* Coverage analysis for criterion METHOD
* Coverage of criterion METHOD: 93%
* Total number of goals: 42
* Number of covered goals: 39
* Coverage analysis for criterion METHODNOEXCEPTION
[MASTER] 19:23:56.058 [pool-2-thread-1] WARN  CoverageArchive - A solution with a timeout/exception result has been added to the archive. The covered goal was [METHODNOEX] com.facebook.presto.bytecode.DumpBytecodeVisitor.visitBooleanConstant(Lcom/facebook/presto/bytecode/BytecodeNode;Lcom/facebook/presto/bytecode/instruction/Constant$BooleanConstant;)Ljava/lang/Void;
* Coverage of criterion METHODNOEXCEPTION: 60%
* Total number of goals: 42
* Number of covered goals: 25
* Coverage analysis for criterion CBRANCH
* Coverage of criterion CBRANCH: 65%
* Total number of goals: 94
* Number of covered goals: 61
* Generated 92 tests with total length 1976
* Resulting test suite's coverage: 71% (average coverage for all fitness functions)
* Generating assertions
[MASTER] 19:23:56.192 [pool-2-thread-1] WARN  TimeController - Current phase ASSERTION_GENERATION could run up to 22s, but only 3s are left
