[MASTER] 14:36:22.003 [TEST_EXECUTION_THREAD_0] ERROR MethodInstrumentation - Number of frames does not match number number of bytecode instructions: 0/467
[MASTER] 14:36:22.004 [TEST_EXECUTION_THREAD_0] ERROR MethodInstrumentation - Skipping mutation of method com.facebook.presto.common.type.UnscaledDecimal128Arithmetic.multiply(Lio/airlift/slice/Slice;Lio/airlift/slice/Slice;Lio/airlift/slice/Slice;)V
[MASTER] 14:36:27.139 [pool-2-thread-1] ERROR TestSuiteGenerator - Problem for com.facebook.presto.common.type.UnscaledDecimal128Arithmetic. Full stack:
java.lang.ExceptionInInitializerError: null
	at io.airlift.slice.Slices.<clinit>(Slices.java) ~[slice-0.38.jar:0.38]
	at com.facebook.presto.common.type.UnscaledDecimal128Arithmetic.unscaledDecimal(UnscaledDecimal128Arithmetic.java:143) ~[classes/:na]
	at com.facebook.presto.common.type.UnscaledDecimal128Arithmetic.<clinit>(UnscaledDecimal128Arithmetic.java) ~[classes/:na]
	at java.lang.Class.forName0(Native Method) ~[na:1.8.0_292]
	at java.lang.Class.forName(Class.java:348) ~[na:1.8.0_292]
	at sun.reflect.NativeMethodAccessorImpl.invoke0(Native Method) ~[na:1.8.0_292]
	at sun.reflect.NativeMethodAccessorImpl.invoke(NativeMethodAccessorImpl.java:62) ~[na:1.8.0_292]
	at sun.reflect.DelegatingMethodAccessorImpl.invoke(DelegatingMethodAccessorImpl.java:43) ~[na:1.8.0_292]
	at java.lang.reflect.Method.invoke(Method.java:498) ~[na:1.8.0_292]
	at org.evosuite.testcase.statements.MethodStatement$1.execute(MethodStatement.java:257) ~[evosuite-master-1.0.6.jar:1.0.6]
	at org.evosuite.testcase.statements.AbstractStatement.exceptionHandler(AbstractStatement.java:169) ~[evosuite-master-1.0.6.jar:1.0.6]
	at org.evosuite.testcase.statements.MethodStatement.execute(MethodStatement.java:220) ~[evosuite-master-1.0.6.jar:1.0.6]
	at org.evosuite.testcase.execution.TestRunnable.executeStatements(TestRunnable.java:307) ~[evosuite-master-1.0.6.jar:1.0.6]
	at org.evosuite.testcase.execution.TestRunnable.call(TestRunnable.java:213) ~[evosuite-master-1.0.6.jar:1.0.6]
	at org.evosuite.testcase.execution.TestRunnable.call(TestRunnable.java:55) ~[evosuite-master-1.0.6.jar:1.0.6]
	at java.util.concurrent.FutureTask.run(FutureTask.java:266) [na:1.8.0_292]
	at java.util.concurrent.ThreadPoolExecutor.runWorker(ThreadPoolExecutor.java:1149) [na:1.8.0_292]
	at java.util.concurrent.ThreadPoolExecutor$Worker.run(ThreadPoolExecutor.java:624) [na:1.8.0_292]
	at java.lang.Thread.run(Thread.java:748) [na:1.8.0_292]
Caused by: org.evosuite.runtime.mock.java.lang.MockIllegalStateException: Field Slice.base@36(8) is not aligned
	at org.openjdk.jol.info.ClassLayout.checkInvariants(ClassLayout.java:90) ~[jol-core-0.2.jar:na]
	at <evosuite>.<evosuite>(<evosuite>) ~[na:na]
	at <evosuite>.<evosuite>(<evosuite>) ~[na:na]
