[MASTER] 16:54:00.847 [pool-2-thread-1] ERROR TestSuiteGenerator - Problem for com.facebook.presto.sql.ReservedIdentifiers. Full stack:
java.lang.NoSuchMethodError: org.evosuite.runtime.mock.java.util.MockUUID.UUID(JJ)Ljava/util/UUID;
	at org.antlr.v4.runtime.atn.ATNDeserializer.toUUID(ATNDeserializer.java:695) ~[antlr4-runtime-4.7.1.jar:4.7.1]
	at org.antlr.v4.runtime.atn.ATNDeserializer.deserialize(ATNDeserializer.java:190) ~[antlr4-runtime-4.7.1.jar:4.7.1]
	at com.facebook.presto.sql.parser.SqlBaseLexer.<clinit>(SqlBaseLexer.java) ~[classes/:na]
	at java.lang.Class.forName0(Native Method) ~[na:1.8.0_292]
	at java.lang.Class.forName(Class.java:348) ~[na:1.8.0_292]
	at org.evosuite.setup.TestClusterUtils.getClass(TestClusterUtils.java:312) ~[evosuite-master-1.0.6.jar:1.0.6]
	at org.evosuite.setup.TestClusterGenerator.initializeTargetMethods(TestClusterGenerator.java:663) ~[evosuite-master-1.0.6.jar:1.0.6]
	at org.evosuite.setup.TestClusterGenerator.generateCluster(TestClusterGenerator.java:134) ~[evosuite-master-1.0.6.jar:1.0.6]
	at org.evosuite.setup.DependencyAnalysis.analyze(DependencyAnalysis.java:118) ~[evosuite-master-1.0.6.jar:1.0.6]
	at org.evosuite.setup.DependencyAnalysis.analyzeClass(DependencyAnalysis.java:132) ~[evosuite-master-1.0.6.jar:1.0.6]
	at org.evosuite.TestSuiteGenerator.initializeTargetClass(TestSuiteGenerator.java:110) ~[evosuite-master-1.0.6.jar:1.0.6]
	at org.evosuite.TestSuiteGenerator.generateTestSuite(TestSuiteGenerator.java:130) ~[evosuite-master-1.0.6.jar:1.0.6]
	at org.evosuite.rmi.service.ClientNodeImpl$1.run(ClientNodeImpl.java:145) [evosuite-master-1.0.6.jar:1.0.6]
	at java.util.concurrent.Executors$RunnableAdapter.call(Executors.java:511) [na:1.8.0_292]
	at java.util.concurrent.FutureTask.run(FutureTask.java:266) [na:1.8.0_292]
	at java.util.concurrent.ThreadPoolExecutor.runWorker(ThreadPoolExecutor.java:1149) [na:1.8.0_292]
	at java.util.concurrent.ThreadPoolExecutor$Worker.run(ThreadPoolExecutor.java:624) [na:1.8.0_292]
	at java.lang.Thread.run(Thread.java:748) [na:1.8.0_292]
