* Starting client
* Connecting to master process on port 14483
* Analyzing classpath: 
  - /mnt/c/Users/Helen/Documents/DataScience18668/GroupProject/project/presto/presto-matching/target/classes
  - /home/helen/.m2/repository/com/google/guava/guava/26.0-jre/guava-26.0-jre.jar
  - /home/helen/.m2/repository/com/google/code/findbugs/jsr305/3.0.2/jsr305-3.0.2.jar
  - /home/helen/.m2/repository/org/checkerframework/checker-qual/2.5.2/checker-qual-2.5.2.jar
  - /home/helen/.m2/repository/com/google/errorprone/error_prone_annotations/2.1.3/error_prone_annotations-2.1.3.jar
  - /home/helen/.m2/repository/com/google/j2objc/j2objc-annotations/1.1/j2objc-annotations-1.1.jar
  - /home/helen/.m2/repository/org/codehaus/mojo/animal-sniffer-annotations/1.14/animal-sniffer-annotations-1.14.jar
  - /mnt/c/Users/Helen/Documents/DataScience18668/GroupProject/project/presto/presto-testng-services/target/classes
  - /home/helen/.m2/repository/com/facebook/airlift/log/0.201/log-0.201.jar
  - /home/helen/.m2/repository/io/airlift/units/1.3/units-1.3.jar
  - /home/helen/.m2/repository/com/facebook/airlift/concurrent/0.201/concurrent-0.201.jar
  - /home/helen/.m2/repository/org/testng/testng/6.10/testng-6.10.jar
  - /home/helen/.m2/repository/com/beust/jcommander/1.48/jcommander-1.48.jar
* Finished analyzing classpath
* Generating tests for class com.facebook.presto.matching.Match
* Test criteria:
  - Line Coverage
  - Branch Coverage
  - Exception
  - Mutation testing (weak)
  - Method-Output Coverage
  - Top-Level Method Coverage
  - No-Exception Top-Level Method Coverage
  - Context Branch Coverage
* Setting up search algorithm for whole suite generation
[MASTER] 20:11:49.016 [pool-2-thread-1] WARN  TestSuiteSerialization - Cannot load tests because file does not exist: /mnt/c/Users/Helen/Documents/DataScience18668/GroupProject/project/presto/presto-matching/.evosuite/evosuite-seeds/com.facebook.presto.matching.Match.seed
* Loaded 0 tests from /mnt/c/Users/Helen/Documents/DataScience18668/GroupProject/project/presto/presto-matching/.evosuite/evosuite-seeds/com.facebook.presto.matching.Match.seed
* Total number of test goals: 
  - Line 39
  - Branch 44
  - Exception 0
  - MutationFactory 60
  - Output 22
  - Method 27
  - MethodNoException 27
  - CBranchFitnessFactory 44
* Using seed 1637295067013
* Starting evolution
[MASTER] 20:11:52.380 [pool-2-thread-1] WARN  TimeController - Phase INITIALIZATION lasted too long, 33 seconds more than allowed.
* Search finished after 76s and 78 generations, 35581 statements, best individual has fitness: 211.0625
* Writing sequences to pool
* Minimizing test suite
* Going to analyze the coverage criteria
* Coverage analysis for criterion LINE
* Coverage of criterion LINE: 62%
* Total number of goals: 39
* Number of covered goals: 24
* Coverage analysis for criterion BRANCH
* Coverage of criterion BRANCH: 48%
* Total number of goals: 44
* Number of covered goals: 21
* Coverage analysis for criterion EXCEPTION
* Coverage of criterion EXCEPTION: 100%
* Total number of goals: 7
* Number of covered goals: 7
* Coverage analysis for criterion WEAKMUTATION
* Coverage of criterion WEAKMUTATION: 15%
* Total number of goals: 60
* Number of covered goals: 9
* Coverage analysis for criterion OUTPUT
* Coverage of criterion OUTPUT: 77%
* Total number of goals: 22
* Number of covered goals: 17
* Coverage analysis for criterion METHOD
* Coverage of criterion METHOD: 41%
* Total number of goals: 27
* Number of covered goals: 11
* Coverage analysis for criterion METHODNOEXCEPTION
* Coverage of criterion METHODNOEXCEPTION: 41%
* Total number of goals: 27
* Number of covered goals: 11
* Coverage analysis for criterion CBRANCH
* Coverage of criterion CBRANCH: 45%
* Total number of goals: 44
* Number of covered goals: 20
* Generated 23 tests with total length 84
* Resulting test suite's coverage: 54% (average coverage for all fitness functions)
* Generating assertions
* Resulting test suite's mutation score: 12%
* Compiling and checking tests
