* Starting client
* Connecting to master process on port 18540
* Analyzing classpath: 
  - /mnt/c/Users/Helen/Documents/DataScience18668/GroupProject/project/presto/presto-bytecode/target/classes
  - /home/helen/.m2/repository/org/ow2/asm/asm/9.0/asm-9.0.jar
  - /home/helen/.m2/repository/org/ow2/asm/asm-tree/9.0/asm-tree-9.0.jar
  - /home/helen/.m2/repository/org/ow2/asm/asm-util/9.0/asm-util-9.0.jar
  - /home/helen/.m2/repository/org/ow2/asm/asm-analysis/9.0/asm-analysis-9.0.jar
  - /home/helen/.m2/repository/com/google/code/findbugs/jsr305/3.0.2/jsr305-3.0.2.jar
  - /home/helen/.m2/repository/com/google/guava/guava/26.0-jre/guava-26.0-jre.jar
  - /home/helen/.m2/repository/org/checkerframework/checker-qual/2.5.2/checker-qual-2.5.2.jar
  - /home/helen/.m2/repository/com/google/errorprone/error_prone_annotations/2.1.3/error_prone_annotations-2.1.3.jar
  - /home/helen/.m2/repository/com/google/j2objc/j2objc-annotations/1.1/j2objc-annotations-1.1.jar
  - /home/helen/.m2/repository/org/codehaus/mojo/animal-sniffer-annotations/1.14/animal-sniffer-annotations-1.14.jar
  - /home/helen/.m2/repository/io/airlift/slice/0.38/slice-0.38.jar
  - /home/helen/.m2/repository/org/openjdk/jol/jol-core/0.2/jol-core-0.2.jar
  - /mnt/c/Users/Helen/Documents/DataScience18668/GroupProject/project/presto/presto-testng-services/target/classes
  - /home/helen/.m2/repository/com/facebook/airlift/log/0.201/log-0.201.jar
  - /home/helen/.m2/repository/io/airlift/units/1.3/units-1.3.jar
  - /home/helen/.m2/repository/com/facebook/airlift/concurrent/0.201/concurrent-0.201.jar
  - /home/helen/.m2/repository/org/testng/testng/6.10/testng-6.10.jar
  - /home/helen/.m2/repository/com/beust/jcommander/1.48/jcommander-1.48.jar
  - /home/helen/.m2/repository/org/assertj/assertj-core/3.8.0/assertj-core-3.8.0.jar
* Finished analyzing classpath
* Generating tests for class com.facebook.presto.bytecode.expression.NewArrayBytecodeExpression
* Test criteria:
  - Line Coverage
  - Branch Coverage
  - Exception
  - Mutation testing (weak)
  - Method-Output Coverage
  - Top-Level Method Coverage
  - No-Exception Top-Level Method Coverage
  - Context Branch Coverage
* Setting up search algorithm for whole suite generation
* Loaded 9 tests from /mnt/c/Users/Helen/Documents/DataScience18668/GroupProject/project/presto/presto-bytecode/.evosuite/evosuite-seeds/com.facebook.presto.bytecode.expression.NewArrayBytecodeExpression.seed
* Total number of test goals: 
  - Line 33
  - Branch 16
  - Exception 0
  - MutationFactory 23
  - Output 11
  - Method 6
  - MethodNoException 6
  - CBranchFitnessFactory 16
* Using seed 1637293269268
* Starting evolution
[MASTER] 19:41:40.292 [pool-2-thread-1] WARN  TimeController - Phase INITIALIZATION lasted too long, 22 seconds more than allowed.
* Search finished after 57s and 869 generations, 114076 statements, best individual has fitness: 109.11059907834101
* Writing sequences to pool
* Minimizing test suite
* Going to analyze the coverage criteria
* Coverage analysis for criterion LINE
* Coverage of criterion LINE: 9%
* Total number of goals: 33
* Number of covered goals: 3
* Coverage analysis for criterion BRANCH
* Coverage of criterion BRANCH: 25%
* Total number of goals: 16
* Number of covered goals: 4
* Coverage analysis for criterion EXCEPTION
* Coverage of criterion EXCEPTION: 100%
* Total number of goals: 6
* Number of covered goals: 6
* Coverage analysis for criterion WEAKMUTATION
* Coverage of criterion WEAKMUTATION: 0%
* Total number of goals: 23
* Number of covered goals: 0
* Coverage analysis for criterion OUTPUT
* Coverage of criterion OUTPUT: 0%
* Total number of goals: 11
* Number of covered goals: 0
* Coverage analysis for criterion METHOD
* Coverage of criterion METHOD: 50%
* Total number of goals: 6
* Number of covered goals: 3
* Coverage analysis for criterion METHODNOEXCEPTION
* Coverage of criterion METHODNOEXCEPTION: 0%
* Total number of goals: 6
* Number of covered goals: 0
* Coverage analysis for criterion CBRANCH
* Coverage of criterion CBRANCH: 0%
* Total number of goals: 16
* Number of covered goals: 0
* Generated 6 tests with total length 39
* Resulting test suite's coverage: 23% (average coverage for all fitness functions)
* Generating assertions
* Resulting test suite's mutation score: 0%
* Compiling and checking tests
