[MASTER] 20:19:15.686 [TEST_EXECUTION_THREAD_0] ERROR FunctionalMockStatement - Failed to use Mockito on interface java.util.function.Predicate: null
[MASTER] 20:19:21.086 [TEST_EXECUTION_THREAD_1] ERROR FunctionalMockStatement - Cannot use Mockito on interface java.util.function.Predicate due to IAE: 
Mockito cannot mock this class: interface java.util.function.Predicate.

Mockito can only mock non-private & non-final classes.
If you're not sure why you're getting this error, please report to the mailing list.


Java               : 1.8
JVM vendor name    : Private Build
JVM vendor version : 25.292-b10
JVM name           : OpenJDK 64-Bit Server VM
JVM version        : 1.8.0_292-8u292-b10-0ubuntu1~20.04-b10
JVM info           : mixed mode
OS name            : Linux
OS version         : 5.10.16.3-microsoft-standard-WSL2


Underlying exception : java.lang.IllegalArgumentException: Could not create type
[MASTER] 20:19:21.086 [TEST_EXECUTION_THREAD_2] ERROR FunctionalMockStatement - Cannot use Mockito on interface com.facebook.presto.matching.Matcher due to IAE: 
Mockito cannot mock this class: interface com.facebook.presto.matching.Matcher.

Mockito can only mock non-private & non-final classes.
If you're not sure why you're getting this error, please report to the mailing list.


Java               : 1.8
JVM vendor name    : Private Build
JVM vendor version : 25.292-b10
JVM name           : OpenJDK 64-Bit Server VM
JVM version        : 1.8.0_292-8u292-b10-0ubuntu1~20.04-b10
JVM info           : mixed mode
OS name            : Linux
OS version         : 5.10.16.3-microsoft-standard-WSL2


Underlying exception : java.lang.IllegalArgumentException: Could not create type
[MASTER] 20:19:21.606 [TEST_EXECUTION_THREAD_2] ERROR FunctionalMockStatement - Cannot use Mockito on class com.facebook.presto.matching.PropertyPattern due to IAE: 
Mockito cannot mock this class: class com.facebook.presto.matching.PropertyPattern.

Mockito can only mock non-private & non-final classes.
If you're not sure why you're getting this error, please report to the mailing list.


Java               : 1.8
JVM vendor name    : Private Build
JVM vendor version : 25.292-b10
JVM name           : OpenJDK 64-Bit Server VM
JVM version        : 1.8.0_292-8u292-b10-0ubuntu1~20.04-b10
JVM info           : mixed mode
OS name            : Linux
OS version         : 5.10.16.3-microsoft-standard-WSL2


Underlying exception : java.lang.IllegalArgumentException: Could not create type
[MASTER] 20:19:21.613 [TEST_EXECUTION_THREAD_2] ERROR FunctionalMockStatement - Cannot use Mockito on class com.facebook.presto.matching.Capture due to IAE: 
Mockito cannot mock this class: class com.facebook.presto.matching.Capture.

Mockito can only mock non-private & non-final classes.
If you're not sure why you're getting this error, please report to the mailing list.


Java               : 1.8
JVM vendor name    : Private Build
JVM vendor version : 25.292-b10
JVM name           : OpenJDK 64-Bit Server VM
JVM version        : 1.8.0_292-8u292-b10-0ubuntu1~20.04-b10
JVM info           : mixed mode
OS name            : Linux
OS version         : 5.10.16.3-microsoft-standard-WSL2


Underlying exception : java.lang.IllegalArgumentException: Could not create type
[MASTER] 20:19:21.619 [TEST_EXECUTION_THREAD_2] ERROR FunctionalMockStatement - Cannot use Mockito on class com.facebook.presto.matching.Property due to IAE: 
Mockito cannot mock this class: class com.facebook.presto.matching.Property.

Mockito can only mock non-private & non-final classes.
If you're not sure why you're getting this error, please report to the mailing list.


Java               : 1.8
JVM vendor name    : Private Build
JVM vendor version : 25.292-b10
JVM name           : OpenJDK 64-Bit Server VM
JVM version        : 1.8.0_292-8u292-b10-0ubuntu1~20.04-b10
JVM info           : mixed mode
OS name            : Linux
OS version         : 5.10.16.3-microsoft-standard-WSL2


Underlying exception : java.lang.IllegalArgumentException: Could not create type
[MASTER] 20:19:21.669 [TEST_EXECUTION_THREAD_2] ERROR FunctionalMockStatement - Cannot use Mockito on interface com.facebook.presto.matching.PatternVisitor due to IAE: 
Mockito cannot mock this class: interface com.facebook.presto.matching.PatternVisitor.

Mockito can only mock non-private & non-final classes.
If you're not sure why you're getting this error, please report to the mailing list.


Java               : 1.8
JVM vendor name    : Private Build
JVM vendor version : 25.292-b10
JVM name           : OpenJDK 64-Bit Server VM
JVM version        : 1.8.0_292-8u292-b10-0ubuntu1~20.04-b10
JVM info           : mixed mode
OS name            : Linux
OS version         : 5.10.16.3-microsoft-standard-WSL2


Underlying exception : java.lang.IllegalArgumentException: Could not create type
