* Starting client
* Connecting to master process on port 17992
* Analyzing classpath: 
  - /mnt/c/Users/Helen/Documents/DataScience18668/GroupProject/project/presto/presto-common/target/classes
  - /home/helen/.m2/repository/com/fasterxml/jackson/core/jackson-annotations/2.10.0/jackson-annotations-2.10.0.jar
  - /home/helen/.m2/repository/io/airlift/slice/0.38/slice-0.38.jar
  - /home/helen/.m2/repository/com/facebook/drift/drift-api/1.33/drift-api-1.33.jar
  - /home/helen/.m2/repository/com/google/code/findbugs/jsr305/3.0.2/jsr305-3.0.2.jar
  - /home/helen/.m2/repository/org/openjdk/jol/jol-core/0.2/jol-core-0.2.jar
  - /mnt/c/Users/Helen/Documents/DataScience18668/GroupProject/project/presto/presto-testng-services/target/classes
  - /home/helen/.m2/repository/com/facebook/airlift/log/0.201/log-0.201.jar
  - /home/helen/.m2/repository/io/airlift/units/1.3/units-1.3.jar
  - /home/helen/.m2/repository/com/facebook/airlift/concurrent/0.201/concurrent-0.201.jar
  - /home/helen/.m2/repository/org/testng/testng/6.10/testng-6.10.jar
  - /home/helen/.m2/repository/com/beust/jcommander/1.48/jcommander-1.48.jar
  - /home/helen/.m2/repository/com/google/guava/guava/26.0-jre/guava-26.0-jre.jar
  - /home/helen/.m2/repository/org/checkerframework/checker-qual/2.5.2/checker-qual-2.5.2.jar
  - /home/helen/.m2/repository/com/google/errorprone/error_prone_annotations/2.1.3/error_prone_annotations-2.1.3.jar
  - /home/helen/.m2/repository/com/google/j2objc/j2objc-annotations/1.1/j2objc-annotations-1.1.jar
  - /home/helen/.m2/repository/org/codehaus/mojo/animal-sniffer-annotations/1.14/animal-sniffer-annotations-1.14.jar
  - /home/helen/.m2/repository/org/assertj/assertj-core/3.8.0/assertj-core-3.8.0.jar
  - /home/helen/.m2/repository/org/openjdk/jmh/jmh-core/1.20/jmh-core-1.20.jar
  - /home/helen/.m2/repository/net/sf/jopt-simple/jopt-simple/4.6/jopt-simple-4.6.jar
  - /home/helen/.m2/repository/org/apache/commons/commons-math3/3.6.1/commons-math3-3.6.1.jar
  - /home/helen/.m2/repository/org/openjdk/jmh/jmh-generator-annprocess/1.20/jmh-generator-annprocess-1.20.jar
  - /home/helen/.m2/repository/com/fasterxml/jackson/core/jackson-databind/2.10.0/jackson-databind-2.10.0.jar
  - /home/helen/.m2/repository/it/unimi/dsi/fastutil/8.5.2/fastutil-8.5.2.jar
  - /home/helen/.m2/repository/com/facebook/airlift/json/0.201/json-0.201.jar
  - /home/helen/.m2/repository/com/google/inject/guice/4.2.2/guice-4.2.2.jar
  - /home/helen/.m2/repository/aopalliance/aopalliance/1.0/aopalliance-1.0.jar
  - /home/helen/.m2/repository/com/fasterxml/jackson/datatype/jackson-datatype-jdk8/2.10.0/jackson-datatype-jdk8-2.10.0.jar
  - /home/helen/.m2/repository/com/fasterxml/jackson/datatype/jackson-datatype-jsr310/2.10.0/jackson-datatype-jsr310-2.10.0.jar
  - /home/helen/.m2/repository/com/fasterxml/jackson/datatype/jackson-datatype-guava/2.10.0/jackson-datatype-guava-2.10.0.jar
  - /home/helen/.m2/repository/com/fasterxml/jackson/datatype/jackson-datatype-joda/2.10.0/jackson-datatype-joda-2.10.0.jar
  - /home/helen/.m2/repository/com/fasterxml/jackson/module/jackson-module-parameter-names/2.10.0/jackson-module-parameter-names-2.10.0.jar
  - /home/helen/.m2/repository/com/fasterxml/jackson/dataformat/jackson-dataformat-smile/2.10.0/jackson-dataformat-smile-2.10.0.jar
  - /home/helen/.m2/repository/javax/inject/javax.inject/1/javax.inject-1.jar
  - /home/helen/.m2/repository/com/fasterxml/jackson/core/jackson-core/2.10.0/jackson-core-2.10.0.jar
* Finished analyzing classpath
* Generating tests for class com.facebook.presto.common.predicate.AllOrNoneValueSet
* Test criteria:
  - Line Coverage
  - Branch Coverage
  - Exception
  - Mutation testing (weak)
  - Method-Output Coverage
  - Top-Level Method Coverage
  - No-Exception Top-Level Method Coverage
  - Context Branch Coverage
* Setting up search algorithm for whole suite generation
[MASTER] 15:32:33.504 [pool-2-thread-1] WARN  TestSuiteSerialization - Cannot load tests because file does not exist: /mnt/c/Users/Helen/Documents/DataScience18668/GroupProject/project/presto/presto-common/.evosuite/evosuite-seeds/com.facebook.presto.common.predicate.AllOrNoneValueSet.seed
* Loaded 0 tests from /mnt/c/Users/Helen/Documents/DataScience18668/GroupProject/project/presto/presto-common/.evosuite/evosuite-seeds/com.facebook.presto.common.predicate.AllOrNoneValueSet.seed
* Total number of test goals: 
  - Line 37
  - Branch 43
  - Exception 0
  - MutationFactory 77
  - Output 42
  - Method 17
  - MethodNoException 17
  - CBranchFitnessFactory 43
* Using seed 1637278315320
* Starting evolution
[MASTER] 15:32:35.936 [pool-2-thread-1] WARN  TimeController - Phase INITIALIZATION lasted too long, 30 seconds more than allowed.
* Search finished after 64s and 1636 generations, 41952 statements, best individual has fitness: 362.22058823529414
* Writing sequences to pool
* Minimizing test suite
* Going to analyze the coverage criteria
* Coverage analysis for criterion LINE
* Coverage of criterion LINE: 11%
* Total number of goals: 37
* Number of covered goals: 4
* Coverage analysis for criterion BRANCH
* Coverage of criterion BRANCH: 7%
* Total number of goals: 43
* Number of covered goals: 3
* Coverage analysis for criterion EXCEPTION
* Coverage of criterion EXCEPTION: 100%
* Total number of goals: 3
* Number of covered goals: 3
* Coverage analysis for criterion WEAKMUTATION
* Coverage of criterion WEAKMUTATION: 3%
* Total number of goals: 77
* Number of covered goals: 2
* Coverage analysis for criterion OUTPUT
* Coverage of criterion OUTPUT: 0%
* Total number of goals: 42
* Number of covered goals: 0
* Coverage analysis for criterion METHOD
* Coverage of criterion METHOD: 18%
* Total number of goals: 17
* Number of covered goals: 3
* Coverage analysis for criterion METHODNOEXCEPTION
* Coverage of criterion METHODNOEXCEPTION: 0%
* Total number of goals: 17
* Number of covered goals: 0
* Coverage analysis for criterion CBRANCH
* Coverage of criterion CBRANCH: 7%
* Total number of goals: 43
* Number of covered goals: 3
* Generated 3 tests with total length 3
* Resulting test suite's coverage: 19% (average coverage for all fitness functions)
* Generating assertions
* Resulting test suite's mutation score: 0%
* Compiling and checking tests
