[MASTER] 17:10:20.356 [TEST_EXECUTION_THREAD_0] ERROR FunctionalMockStatement - Failed to use Mockito on class com.facebook.presto.sql.tree.NodeLocation: null
[MASTER] 17:10:25.707 [TEST_EXECUTION_THREAD_1] ERROR FunctionalMockStatement - Cannot use Mockito on class com.facebook.presto.sql.tree.NodeLocation due to IAE: 
Mockito cannot mock this class: class com.facebook.presto.sql.tree.NodeLocation.

Mockito can only mock non-private & non-final classes.
If you're not sure why you're getting this error, please report to the mailing list.


Java               : 1.8
JVM vendor name    : Private Build
JVM vendor version : 25.292-b10
JVM name           : OpenJDK 64-Bit Server VM
JVM version        : 1.8.0_292-8u292-b10-0ubuntu1~20.04-b10
JVM info           : mixed mode
OS name            : Linux
OS version         : 5.10.16.3-microsoft-standard-WSL2


Underlying exception : java.lang.IllegalArgumentException: Could not create type
[MASTER] 17:10:25.770 [TEST_EXECUTION_THREAD_2] ERROR FunctionalMockStatement - Cannot use Mockito on class com.facebook.presto.sql.tree.Identifier due to IAE: 
Mockito cannot mock this class: class com.facebook.presto.sql.tree.Identifier.

Mockito can only mock non-private & non-final classes.
If you're not sure why you're getting this error, please report to the mailing list.


Java               : 1.8
JVM vendor name    : Private Build
JVM vendor version : 25.292-b10
JVM name           : OpenJDK 64-Bit Server VM
JVM version        : 1.8.0_292-8u292-b10-0ubuntu1~20.04-b10
JVM info           : mixed mode
OS name            : Linux
OS version         : 5.10.16.3-microsoft-standard-WSL2


Underlying exception : java.lang.IllegalArgumentException: Could not create type
[MASTER] 17:10:26.400 [TEST_EXECUTION_THREAD_2] ERROR FunctionalMockStatement - Cannot use Mockito on class com.facebook.presto.sql.tree.AstVisitor due to IAE: 
Mockito cannot mock this class: class com.facebook.presto.sql.tree.AstVisitor.

Mockito can only mock non-private & non-final classes.
If you're not sure why you're getting this error, please report to the mailing list.


Java               : 1.8
JVM vendor name    : Private Build
JVM vendor version : 25.292-b10
JVM name           : OpenJDK 64-Bit Server VM
JVM version        : 1.8.0_292-8u292-b10-0ubuntu1~20.04-b10
JVM info           : mixed mode
OS name            : Linux
OS version         : 5.10.16.3-microsoft-standard-WSL2


Underlying exception : java.lang.IllegalArgumentException: Could not create type
[MASTER] 17:10:26.633 [TEST_EXECUTION_THREAD_2] ERROR FunctionalMockStatement - Cannot use Mockito on class com.facebook.presto.sql.tree.BinaryLiteral due to IAE: 
Mockito cannot mock this class: class com.facebook.presto.sql.tree.BinaryLiteral.

Mockito can only mock non-private & non-final classes.
If you're not sure why you're getting this error, please report to the mailing list.


Java               : 1.8
JVM vendor name    : Private Build
JVM vendor version : 25.292-b10
JVM name           : OpenJDK 64-Bit Server VM
JVM version        : 1.8.0_292-8u292-b10-0ubuntu1~20.04-b10
JVM info           : mixed mode
OS name            : Linux
OS version         : 5.10.16.3-microsoft-standard-WSL2


Underlying exception : java.lang.IllegalArgumentException: Could not create type
[MASTER] 17:10:36.463 [pool-2-thread-1] ERROR TestCluster - Failed to check cache for java.util.LinkedList<E> : Type points to itself
[MASTER] 17:10:39.332 [pool-2-thread-1] ERROR TestCluster - Failed to check cache for java.lang.Comparable<T> : Type points to itself
[MASTER] 17:10:39.344 [TEST_EXECUTION_THREAD_2] ERROR FunctionalMockStatement - Cannot use Mockito on class com.facebook.presto.sql.tree.GrantorSpecification due to IAE: 
Mockito cannot mock this class: class com.facebook.presto.sql.tree.GrantorSpecification.

Mockito can only mock non-private & non-final classes.
If you're not sure why you're getting this error, please report to the mailing list.


Java               : 1.8
JVM vendor name    : Private Build
JVM vendor version : 25.292-b10
JVM name           : OpenJDK 64-Bit Server VM
JVM version        : 1.8.0_292-8u292-b10-0ubuntu1~20.04-b10
JVM info           : mixed mode
OS name            : Linux
OS version         : 5.10.16.3-microsoft-standard-WSL2


Underlying exception : java.lang.IllegalArgumentException: Could not create type
[MASTER] 17:10:42.839 [pool-2-thread-1] ERROR TestCluster - Failed to check cache for java.util.function.Predicate<java.lang.Object> : Type points to itself
