[MASTER] 19:12:16.125 [pool-2-thread-1] ERROR TestCluster - Failed to check cache for java.util.Comparator<T> : Type points to itself
[MASTER] 19:12:26.659 [TEST_EXECUTION_THREAD_0] ERROR FunctionalMockStatement - Cannot use Mockito on interface java.util.Comparator due to IAE: 
Mockito cannot mock this class: interface java.util.Comparator.

Mockito can only mock non-private & non-final classes.
If you're not sure why you're getting this error, please report to the mailing list.


Java               : 1.8
JVM vendor name    : Private Build
JVM vendor version : 25.292-b10
JVM name           : OpenJDK 64-Bit Server VM
JVM version        : 1.8.0_292-8u292-b10-0ubuntu1~20.04-b10
JVM info           : mixed mode
OS name            : Linux
OS version         : 5.10.16.3-microsoft-standard-WSL2


Underlying exception : java.lang.IllegalArgumentException: Could not create type
[MASTER] 19:12:37.395 [pool-2-thread-1] ERROR TestCluster - Failed to check cache for java.lang.Class<T> : Type points to itself
[MASTER] 19:12:55.966 [TEST_EXECUTION_THREAD_2] ERROR FunctionalMockStatement - Cannot use Mockito on class com.facebook.presto.bytecode.instruction.Constant$BoxedDoubleConstant due to IAE: 
Mockito cannot mock this class: class com.facebook.presto.bytecode.instruction.Constant$BoxedDoubleConstant.

Mockito can only mock non-private & non-final classes.
If you're not sure why you're getting this error, please report to the mailing list.


Java               : 1.8
JVM vendor name    : Private Build
JVM vendor version : 25.292-b10
JVM name           : OpenJDK 64-Bit Server VM
JVM version        : 1.8.0_292-8u292-b10-0ubuntu1~20.04-b10
JVM info           : mixed mode
OS name            : Linux
OS version         : 5.10.16.3-microsoft-standard-WSL2


Underlying exception : java.lang.IllegalArgumentException: Could not create type
[MASTER] 19:13:03.838 [TEST_EXECUTION_THREAD_2] ERROR FunctionalMockStatement - Cannot use Mockito on class com.facebook.presto.bytecode.instruction.Constant$LongConstant due to IAE: 
Mockito cannot mock this class: class com.facebook.presto.bytecode.instruction.Constant$LongConstant.

Mockito can only mock non-private & non-final classes.
If you're not sure why you're getting this error, please report to the mailing list.


Java               : 1.8
JVM vendor name    : Private Build
JVM vendor version : 25.292-b10
JVM name           : OpenJDK 64-Bit Server VM
JVM version        : 1.8.0_292-8u292-b10-0ubuntu1~20.04-b10
JVM info           : mixed mode
OS name            : Linux
OS version         : 5.10.16.3-microsoft-standard-WSL2


Underlying exception : java.lang.IllegalArgumentException: Could not create type
[MASTER] 19:13:11.092 [TEST_EXECUTION_THREAD_2] ERROR FunctionalMockStatement - Cannot use Mockito on class com.facebook.presto.bytecode.instruction.Constant$BoxedFloatConstant due to IAE: 
Mockito cannot mock this class: class com.facebook.presto.bytecode.instruction.Constant$BoxedFloatConstant.

Mockito can only mock non-private & non-final classes.
If you're not sure why you're getting this error, please report to the mailing list.


Java               : 1.8
JVM vendor name    : Private Build
JVM vendor version : 25.292-b10
JVM name           : OpenJDK 64-Bit Server VM
JVM version        : 1.8.0_292-8u292-b10-0ubuntu1~20.04-b10
JVM info           : mixed mode
OS name            : Linux
OS version         : 5.10.16.3-microsoft-standard-WSL2


Underlying exception : java.lang.IllegalArgumentException: Could not create type
[MASTER] 19:13:57.496 [TEST_EXECUTION_THREAD_2] ERROR FunctionalMockStatement - Cannot use Mockito on interface java.util.function.Consumer due to IAE: 
Mockito cannot mock this class: interface java.util.function.Consumer.

Mockito can only mock non-private & non-final classes.
If you're not sure why you're getting this error, please report to the mailing list.


Java               : 1.8
JVM vendor name    : Private Build
JVM vendor version : 25.292-b10
JVM name           : OpenJDK 64-Bit Server VM
JVM version        : 1.8.0_292-8u292-b10-0ubuntu1~20.04-b10
JVM info           : mixed mode
OS name            : Linux
OS version         : 5.10.16.3-microsoft-standard-WSL2


Underlying exception : java.lang.IllegalArgumentException: Could not create type
[MASTER] 19:15:28.266 [pool-2-thread-1] ERROR TestCluster - Failed to check cache for java.util.Enumeration<E> : Type points to itself
[MASTER] 19:15:28.920 [TEST_EXECUTION_THREAD_2] ERROR FunctionalMockStatement - Cannot use Mockito on class com.facebook.presto.bytecode.instruction.Constant$BoxedBooleanConstant due to IAE: 
Mockito cannot mock this class: class com.facebook.presto.bytecode.instruction.Constant$BoxedBooleanConstant.

Mockito can only mock non-private & non-final classes.
If you're not sure why you're getting this error, please report to the mailing list.


Java               : 1.8
JVM vendor name    : Private Build
JVM vendor version : 25.292-b10
JVM name           : OpenJDK 64-Bit Server VM
JVM version        : 1.8.0_292-8u292-b10-0ubuntu1~20.04-b10
JVM info           : mixed mode
OS name            : Linux
OS version         : 5.10.16.3-microsoft-standard-WSL2


Underlying exception : java.lang.IllegalArgumentException: Could not create type
[MASTER] 19:15:43.612 [TEST_EXECUTION_THREAD_2] ERROR FunctionalMockStatement - Cannot use Mockito on class com.facebook.presto.bytecode.instruction.Constant$DoubleConstant due to IAE: 
Mockito cannot mock this class: class com.facebook.presto.bytecode.instruction.Constant$DoubleConstant.

Mockito can only mock non-private & non-final classes.
If you're not sure why you're getting this error, please report to the mailing list.


Java               : 1.8
JVM vendor name    : Private Build
JVM vendor version : 25.292-b10
JVM name           : OpenJDK 64-Bit Server VM
JVM version        : 1.8.0_292-8u292-b10-0ubuntu1~20.04-b10
JVM info           : mixed mode
OS name            : Linux
OS version         : 5.10.16.3-microsoft-standard-WSL2


Underlying exception : java.lang.IllegalArgumentException: Could not create type
[MASTER] 19:16:32.615 [pool-2-thread-1] ERROR JUnitAnalyzer - Compilation failed on compilation units: [RegularFileObject[/tmp/EvoSuite_0_1637291764636/com/facebook/presto/bytecode/expression/ArithmeticBytecodeExpression_0_tmp__ESTest.java], RegularFileObject[/tmp/EvoSuite_0_1637291764636/com/facebook/presto/bytecode/expression/ArithmeticBytecodeExpression_0_tmp__ESTest_scaffolding.java]]
[MASTER] 19:16:32.616 [pool-2-thread-1] ERROR JUnitAnalyzer - Classpath: /mnt/c/Users/Helen/Documents/DataScience18668/GroupProject/project/presto/presto-bytecode/target/classes:/home/helen/.m2/repository/org/ow2/asm/asm/9.0/asm-9.0.jar:/home/helen/.m2/repository/org/ow2/asm/asm-tree/9.0/asm-tree-9.0.jar:/home/helen/.m2/repository/org/ow2/asm/asm-util/9.0/asm-util-9.0.jar:/home/helen/.m2/repository/org/ow2/asm/asm-analysis/9.0/asm-analysis-9.0.jar:/home/helen/.m2/repository/com/google/code/findbugs/jsr305/3.0.2/jsr305-3.0.2.jar:/home/helen/.m2/repository/com/google/guava/guava/26.0-jre/guava-26.0-jre.jar:/home/helen/.m2/repository/org/checkerframework/checker-qual/2.5.2/checker-qual-2.5.2.jar:/home/helen/.m2/repository/com/google/errorprone/error_prone_annotations/2.1.3/error_prone_annotations-2.1.3.jar:/home/helen/.m2/repository/com/google/j2objc/j2objc-annotations/1.1/j2objc-annotations-1.1.jar:/home/helen/.m2/repository/org/codehaus/mojo/animal-sniffer-annotations/1.14/animal-sniffer-annotations-1.14.jar:/home/helen/.m2/repository/io/airlift/slice/0.38/slice-0.38.jar:/home/helen/.m2/repository/org/openjdk/jol/jol-core/0.2/jol-core-0.2.jar:/mnt/c/Users/Helen/Documents/DataScience18668/GroupProject/project/presto/presto-testng-services/target/classes:/home/helen/.m2/repository/com/facebook/airlift/log/0.201/log-0.201.jar:/home/helen/.m2/repository/io/airlift/units/1.3/units-1.3.jar:/home/helen/.m2/repository/com/facebook/airlift/concurrent/0.201/concurrent-0.201.jar:/home/helen/.m2/repository/org/testng/testng/6.10/testng-6.10.jar:/home/helen/.m2/repository/com/beust/jcommander/1.48/jcommander-1.48.jar:/home/helen/.m2/repository/org/assertj/assertj-core/3.8.0/assertj-core-3.8.0.jar:/mnt/c/Users/Helen/Documents/DataScience18668/GroupProject/project/presto/presto-bytecode/target/classes:/home/helen/.m2/repository/org/ow2/asm/asm/9.0/asm-9.0.jar:/home/helen/.m2/repository/org/ow2/asm/asm-tree/9.0/asm-tree-9.0.jar:/home/helen/.m2/repository/org/ow2/asm/asm-util/9.0/asm-util-9.0.jar:/home/helen/.m2/repository/org/ow2/asm/asm-analysis/9.0/asm-analysis-9.0.jar:/home/helen/.m2/repository/com/google/code/findbugs/jsr305/3.0.2/jsr305-3.0.2.jar:/home/helen/.m2/repository/com/google/guava/guava/26.0-jre/guava-26.0-jre.jar:/home/helen/.m2/repository/org/checkerframework/checker-qual/2.5.2/checker-qual-2.5.2.jar:/home/helen/.m2/repository/com/google/errorprone/error_prone_annotations/2.1.3/error_prone_annotations-2.1.3.jar:/home/helen/.m2/repository/com/google/j2objc/j2objc-annotations/1.1/j2objc-annotations-1.1.jar:/home/helen/.m2/repository/org/codehaus/mojo/animal-sniffer-annotations/1.14/animal-sniffer-annotations-1.14.jar:/home/helen/.m2/repository/io/airlift/slice/0.38/slice-0.38.jar:/home/helen/.m2/repository/org/openjdk/jol/jol-core/0.2/jol-core-0.2.jar:/mnt/c/Users/Helen/Documents/DataScience18668/GroupProject/project/presto/presto-testng-services/target/classes:/home/helen/.m2/repository/com/facebook/airlift/log/0.201/log-0.201.jar:/home/helen/.m2/repository/io/airlift/units/1.3/units-1.3.jar:/home/helen/.m2/repository/com/facebook/airlift/concurrent/0.201/concurrent-0.201.jar:/home/helen/.m2/repository/org/testng/testng/6.10/testng-6.10.jar:/home/helen/.m2/repository/com/beust/jcommander/1.48/jcommander-1.48.jar:/home/helen/.m2/repository/org/assertj/assertj-core/3.8.0/assertj-core-3.8.0.jar:/home/helen/.m2/repository/org/evosuite/evosuite-master/1.0.6/evosuite-master-1.0.6.jar:/home/helen/.m2/repository/org/evosuite/evosuite-client/1.0.6/evosuite-client-1.0.6-tests.jar:/home/helen/.m2/repository/org/evosuite/evosuite-runtime/1.0.6/evosuite-runtime-1.0.6.jar:/home/helen/.m2/repository/javax/ejb/javax.ejb-api/3.2/javax.ejb-api-3.2.jar:/home/helen/.m2/repository/javax/transaction/javax.transaction-api/1.2/javax.transaction-api-1.2.jar:/home/helen/.m2/repository/javax/faces/javax.faces-api/2.2/javax.faces-api-2.2.jar:/home/helen/.m2/repository/javax/ws/rs/jsr311-api/1.1.1/jsr311-api-1.1.1.jar:/home/helen/.m2/repository/org/hsqldb/hsqldb/2.4.0/hsqldb-2.4.0.jar:/home/helen/.m2/repository/org/springframework/spring-orm/4.3.14.RELEASE/spring-orm-4.3.14.RELEASE.jar:/home/helen/.m2/repository/org/springframework/spring-beans/4.3.14.RELEASE/spring-beans-4.3.14.RELEASE.jar:/home/helen/.m2/repository/org/springframework/spring-core/4.3.14.RELEASE/spring-core-4.3.14.RELEASE.jar:/home/helen/.m2/repository/org/springframework/spring-jdbc/4.3.14.RELEASE/spring-jdbc-4.3.14.RELEASE.jar:/home/helen/.m2/repository/org/springframework/spring-tx/4.3.14.RELEASE/spring-tx-4.3.14.RELEASE.jar:/home/helen/.m2/repository/org/springframework/spring-context/4.3.14.RELEASE/spring-context-4.3.14.RELEASE.jar:/home/helen/.m2/repository/org/springframework/spring-aop/4.3.14.RELEASE/spring-aop-4.3.14.RELEASE.jar:/home/helen/.m2/repository/org/springframework/spring-expression/4.3.14.RELEASE/spring-expression-4.3.14.RELEASE.jar:/home/helen/.m2/repository/junit/junit/4.12/junit-4.12.jar:/home/helen/.m2/repository/org/hamcrest/hamcrest-core/1.3/hamcrest-core-1.3.jar:/home/helen/.m2/repository/org/mockito/mockito-core/2.16.0/mockito-core-2.16.0.jar:/home/helen/.m2/repository/net/bytebuddy/byte-buddy/1.7.9/byte-buddy-1.7.9.jar:/home/helen/.m2/repository/net/bytebuddy/byte-buddy-agent/1.7.9/byte-buddy-agent-1.7.9.jar:/home/helen/.m2/repository/org/objenesis/objenesis/2.6/objenesis-2.6.jar:/home/helen/.m2/repository/org/slf4j/slf4j-api/1.7.22/slf4j-api-1.7.22.jar:/home/helen/.m2/repository/org/ow2/asm/asm/6.0/asm-6.0.jar:/home/helen/.m2/repository/org/ow2/asm/asm-commons/6.0/asm-commons-6.0.jar:/home/helen/.m2/repository/org/ow2/asm/asm-tree/6.0/asm-tree-6.0.jar:/home/helen/.m2/repository/org/ow2/asm/asm-analysis/6.0/asm-analysis-6.0.jar:/home/helen/.m2/repository/org/ow2/asm/asm-util/6.0/asm-util-6.0.jar:/home/helen/.m2/repository/javax/xml/bind/jaxb-api/2.3.0/jaxb-api-2.3.0.jar:/home/helen/.m2/repository/com/opencsv/opencsv/4.1/opencsv-4.1.jar:/home/helen/.m2/repository/org/apache/commons/commons-text/1.1/commons-text-1.1.jar:/home/helen/.m2/repository/commons-beanutils/commons-beanutils/1.9.3/commons-beanutils-1.9.3.jar:/home/helen/.m2/repository/commons-logging/commons-logging/1.2/commons-logging-1.2.jar:/home/helen/.m2/repository/commons-collections/commons-collections/3.2.2/commons-collections-3.2.2.jar:/home/helen/.m2/repository/dk/brics/automaton/automaton/1.11-8/automaton-1.11-8.jar:/home/helen/.m2/repository/ch/qos/logback/logback-classic/1.1.3/logback-classic-1.1.3.jar:/home/helen/.m2/repository/ch/qos/logback/logback-core/1.1.3/logback-core-1.1.3.jar:/home/helen/.m2/repository/com/googlecode/gentyref/gentyref/1.2.0/gentyref-1.2.0.jar:/home/helen/.m2/repository/net/sf/jgrapht/jgrapht/0.8.3/jgrapht-0.8.3.jar:/home/helen/.m2/repository/com/thoughtworks/xstream/xstream/1.4.10/xstream-1.4.10.jar:/home/helen/.m2/repository/xmlpull/xmlpull/1.1.3.1/xmlpull-1.1.3.1.jar:/home/helen/.m2/repository/xpp3/xpp3_min/1.1.4c/xpp3_min-1.1.4c.jar:/home/helen/.m2/repository/org/apache/commons/commons-lang3/3.7/commons-lang3-3.7.jar:/home/helen/.m2/repository/commons-io/commons-io/2.6/commons-io-2.6.jar:/home/helen/.m2/repository/commons-cli/commons-cli/1.4/commons-cli-1.4.jar:/home/helen/.m2/repository/org/kohsuke/graphviz-api/1.1/graphviz-api-1.1.jar:/home/helen/.m2/repository/oro/oro/2.0.8/oro-2.0.8.jar:/home/helen/.m2/repository/org/apache/commons/commons-exec/1.3/commons-exec-1.3.jar:/home/helen/.m2/repository/org/jboss/spec/javax/servlet/jboss-servlet-api_3.1_spec/1.0.2.Final/jboss-servlet-api_3.1_spec-1.0.2.Final.jar:/home/helen/.m2/repository/javax/inject/javax.inject/1/javax.inject-1.jar:/home/helen/.m2/repository/javax/enterprise/cdi-api/1.2/cdi-api-1.2.jar:/home/helen/.m2/repository/javax/el/javax.el-api/3.0.0/javax.el-api-3.0.0.jar:/home/helen/.m2/repository/javax/interceptor/javax.interceptor-api/1.2/javax.interceptor-api-1.2.jar:/home/helen/.m2/repository/org/hibernate/hibernate-core/5.2.13.Final/hibernate-core-5.2.13.Final.jar:/home/helen/.m2/repository/org/jboss/logging/jboss-logging/3.3.1.Final/jboss-logging-3.3.1.Final.jar:/home/helen/.m2/repository/org/hibernate/javax/persistence/hibernate-jpa-2.1-api/1.0.0.Final/hibernate-jpa-2.1-api-1.0.0.Final.jar:/home/helen/.m2/repository/org/javassist/javassist/3.22.0-GA/javassist-3.22.0-GA.jar:/home/helen/.m2/repository/antlr/antlr/2.7.7/antlr-2.7.7.jar:/home/helen/.m2/repository/org/jboss/spec/javax/transaction/jboss-transaction-api_1.2_spec/1.0.1.Final/jboss-transaction-api_1.2_spec-1.0.1.Final.jar:/home/helen/.m2/repository/org/jboss/jandex/2.0.3.Final/jandex-2.0.3.Final.jar:/home/helen/.m2/repository/com/fasterxml/classmate/1.3.0/classmate-1.3.0.jar:/home/helen/.m2/repository/dom4j/dom4j/1.6.1/dom4j-1.6.1.jar:/home/helen/.m2/repository/org/hibernate/common/hibernate-commons-annotations/5.0.1.Final/hibernate-commons-annotations-5.0.1.Final.jar:/home/helen/.m2/repository/com/google/code/findbugs/jsr305/2.0.1/jsr305-2.0.1.jar:/mnt/c/Users/Helen/Documents/DataScience18668/GroupProject/project/presto/presto-bytecode/target/classes:/home/helen/.m2/repository/org/ow2/asm/asm/9.0/asm-9.0.jar:/home/helen/.m2/repository/org/ow2/asm/asm-tree/9.0/asm-tree-9.0.jar:/home/helen/.m2/repository/org/ow2/asm/asm-util/9.0/asm-util-9.0.jar:/home/helen/.m2/repository/org/ow2/asm/asm-analysis/9.0/asm-analysis-9.0.jar:/home/helen/.m2/repository/com/google/code/findbugs/jsr305/3.0.2/jsr305-3.0.2.jar:/home/helen/.m2/repository/com/google/guava/guava/26.0-jre/guava-26.0-jre.jar:/home/helen/.m2/repository/org/checkerframework/checker-qual/2.5.2/checker-qual-2.5.2.jar:/home/helen/.m2/repository/com/google/errorprone/error_prone_annotations/2.1.3/error_prone_annotations-2.1.3.jar:/home/helen/.m2/repository/com/google/j2objc/j2objc-annotations/1.1/j2objc-annotations-1.1.jar:/home/helen/.m2/repository/org/codehaus/mojo/animal-sniffer-annotations/1.14/animal-sniffer-annotations-1.14.jar:/home/helen/.m2/repository/io/airlift/slice/0.38/slice-0.38.jar:/home/helen/.m2/repository/org/openjdk/jol/jol-core/0.2/jol-core-0.2.jar:/mnt/c/Users/Helen/Documents/DataScience18668/GroupProject/project/presto/presto-testng-services/target/classes:/home/helen/.m2/repository/com/facebook/airlift/log/0.201/log-0.201.jar:/home/helen/.m2/repository/io/airlift/units/1.3/units-1.3.jar:/home/helen/.m2/repository/com/facebook/airlift/concurrent/0.201/concurrent-0.201.jar:/home/helen/.m2/repository/org/testng/testng/6.10/testng-6.10.jar:/home/helen/.m2/repository/com/beust/jcommander/1.48/jcommander-1.48.jar:/home/helen/.m2/repository/org/assertj/assertj-core/3.8.0/assertj-core-3.8.0.jar
[MASTER] 19:16:32.616 [pool-2-thread-1] ERROR JUnitAnalyzer - evosuiteCP: /mnt/c/Users/Helen/Documents/DataScience18668/GroupProject/project/presto/presto-bytecode/target/classes:/home/helen/.m2/repository/org/ow2/asm/asm/9.0/asm-9.0.jar:/home/helen/.m2/repository/org/ow2/asm/asm-tree/9.0/asm-tree-9.0.jar:/home/helen/.m2/repository/org/ow2/asm/asm-util/9.0/asm-util-9.0.jar:/home/helen/.m2/repository/org/ow2/asm/asm-analysis/9.0/asm-analysis-9.0.jar:/home/helen/.m2/repository/com/google/code/findbugs/jsr305/3.0.2/jsr305-3.0.2.jar:/home/helen/.m2/repository/com/google/guava/guava/26.0-jre/guava-26.0-jre.jar:/home/helen/.m2/repository/org/checkerframework/checker-qual/2.5.2/checker-qual-2.5.2.jar:/home/helen/.m2/repository/com/google/errorprone/error_prone_annotations/2.1.3/error_prone_annotations-2.1.3.jar:/home/helen/.m2/repository/com/google/j2objc/j2objc-annotations/1.1/j2objc-annotations-1.1.jar:/home/helen/.m2/repository/org/codehaus/mojo/animal-sniffer-annotations/1.14/animal-sniffer-annotations-1.14.jar:/home/helen/.m2/repository/io/airlift/slice/0.38/slice-0.38.jar:/home/helen/.m2/repository/org/openjdk/jol/jol-core/0.2/jol-core-0.2.jar:/mnt/c/Users/Helen/Documents/DataScience18668/GroupProject/project/presto/presto-testng-services/target/classes:/home/helen/.m2/repository/com/facebook/airlift/log/0.201/log-0.201.jar:/home/helen/.m2/repository/io/airlift/units/1.3/units-1.3.jar:/home/helen/.m2/repository/com/facebook/airlift/concurrent/0.201/concurrent-0.201.jar:/home/helen/.m2/repository/org/testng/testng/6.10/testng-6.10.jar:/home/helen/.m2/repository/com/beust/jcommander/1.48/jcommander-1.48.jar:/home/helen/.m2/repository/org/assertj/assertj-core/3.8.0/assertj-core-3.8.0.jar:/home/helen/.m2/repository/org/evosuite/evosuite-master/1.0.6/evosuite-master-1.0.6.jar:/home/helen/.m2/repository/org/evosuite/evosuite-client/1.0.6/evosuite-client-1.0.6-tests.jar:/home/helen/.m2/repository/org/evosuite/evosuite-runtime/1.0.6/evosuite-runtime-1.0.6.jar:/home/helen/.m2/repository/javax/ejb/javax.ejb-api/3.2/javax.ejb-api-3.2.jar:/home/helen/.m2/repository/javax/transaction/javax.transaction-api/1.2/javax.transaction-api-1.2.jar:/home/helen/.m2/repository/javax/faces/javax.faces-api/2.2/javax.faces-api-2.2.jar:/home/helen/.m2/repository/javax/ws/rs/jsr311-api/1.1.1/jsr311-api-1.1.1.jar:/home/helen/.m2/repository/org/hsqldb/hsqldb/2.4.0/hsqldb-2.4.0.jar:/home/helen/.m2/repository/org/springframework/spring-orm/4.3.14.RELEASE/spring-orm-4.3.14.RELEASE.jar:/home/helen/.m2/repository/org/springframework/spring-beans/4.3.14.RELEASE/spring-beans-4.3.14.RELEASE.jar:/home/helen/.m2/repository/org/springframework/spring-core/4.3.14.RELEASE/spring-core-4.3.14.RELEASE.jar:/home/helen/.m2/repository/org/springframework/spring-jdbc/4.3.14.RELEASE/spring-jdbc-4.3.14.RELEASE.jar:/home/helen/.m2/repository/org/springframework/spring-tx/4.3.14.RELEASE/spring-tx-4.3.14.RELEASE.jar:/home/helen/.m2/repository/org/springframework/spring-context/4.3.14.RELEASE/spring-context-4.3.14.RELEASE.jar:/home/helen/.m2/repository/org/springframework/spring-aop/4.3.14.RELEASE/spring-aop-4.3.14.RELEASE.jar:/home/helen/.m2/repository/org/springframework/spring-expression/4.3.14.RELEASE/spring-expression-4.3.14.RELEASE.jar:/home/helen/.m2/repository/junit/junit/4.12/junit-4.12.jar:/home/helen/.m2/repository/org/hamcrest/hamcrest-core/1.3/hamcrest-core-1.3.jar:/home/helen/.m2/repository/org/mockito/mockito-core/2.16.0/mockito-core-2.16.0.jar:/home/helen/.m2/repository/net/bytebuddy/byte-buddy/1.7.9/byte-buddy-1.7.9.jar:/home/helen/.m2/repository/net/bytebuddy/byte-buddy-agent/1.7.9/byte-buddy-agent-1.7.9.jar:/home/helen/.m2/repository/org/objenesis/objenesis/2.6/objenesis-2.6.jar:/home/helen/.m2/repository/org/slf4j/slf4j-api/1.7.22/slf4j-api-1.7.22.jar:/home/helen/.m2/repository/org/ow2/asm/asm/6.0/asm-6.0.jar:/home/helen/.m2/repository/org/ow2/asm/asm-commons/6.0/asm-commons-6.0.jar:/home/helen/.m2/repository/org/ow2/asm/asm-tree/6.0/asm-tree-6.0.jar:/home/helen/.m2/repository/org/ow2/asm/asm-analysis/6.0/asm-analysis-6.0.jar:/home/helen/.m2/repository/org/ow2/asm/asm-util/6.0/asm-util-6.0.jar:/home/helen/.m2/repository/javax/xml/bind/jaxb-api/2.3.0/jaxb-api-2.3.0.jar:/home/helen/.m2/repository/com/opencsv/opencsv/4.1/opencsv-4.1.jar:/home/helen/.m2/repository/org/apache/commons/commons-text/1.1/commons-text-1.1.jar:/home/helen/.m2/repository/commons-beanutils/commons-beanutils/1.9.3/commons-beanutils-1.9.3.jar:/home/helen/.m2/repository/commons-logging/commons-logging/1.2/commons-logging-1.2.jar:/home/helen/.m2/repository/commons-collections/commons-collections/3.2.2/commons-collections-3.2.2.jar:/home/helen/.m2/repository/dk/brics/automaton/automaton/1.11-8/automaton-1.11-8.jar:/home/helen/.m2/repository/ch/qos/logback/logback-classic/1.1.3/logback-classic-1.1.3.jar:/home/helen/.m2/repository/ch/qos/logback/logback-core/1.1.3/logback-core-1.1.3.jar:/home/helen/.m2/repository/com/googlecode/gentyref/gentyref/1.2.0/gentyref-1.2.0.jar:/home/helen/.m2/repository/net/sf/jgrapht/jgrapht/0.8.3/jgrapht-0.8.3.jar:/home/helen/.m2/repository/com/thoughtworks/xstream/xstream/1.4.10/xstream-1.4.10.jar:/home/helen/.m2/repository/xmlpull/xmlpull/1.1.3.1/xmlpull-1.1.3.1.jar:/home/helen/.m2/repository/xpp3/xpp3_min/1.1.4c/xpp3_min-1.1.4c.jar:/home/helen/.m2/repository/org/apache/commons/commons-lang3/3.7/commons-lang3-3.7.jar:/home/helen/.m2/repository/commons-io/commons-io/2.6/commons-io-2.6.jar:/home/helen/.m2/repository/commons-cli/commons-cli/1.4/commons-cli-1.4.jar:/home/helen/.m2/repository/org/kohsuke/graphviz-api/1.1/graphviz-api-1.1.jar:/home/helen/.m2/repository/oro/oro/2.0.8/oro-2.0.8.jar:/home/helen/.m2/repository/org/apache/commons/commons-exec/1.3/commons-exec-1.3.jar:/home/helen/.m2/repository/org/jboss/spec/javax/servlet/jboss-servlet-api_3.1_spec/1.0.2.Final/jboss-servlet-api_3.1_spec-1.0.2.Final.jar:/home/helen/.m2/repository/javax/inject/javax.inject/1/javax.inject-1.jar:/home/helen/.m2/repository/javax/enterprise/cdi-api/1.2/cdi-api-1.2.jar:/home/helen/.m2/repository/javax/el/javax.el-api/3.0.0/javax.el-api-3.0.0.jar:/home/helen/.m2/repository/javax/interceptor/javax.interceptor-api/1.2/javax.interceptor-api-1.2.jar:/home/helen/.m2/repository/org/hibernate/hibernate-core/5.2.13.Final/hibernate-core-5.2.13.Final.jar:/home/helen/.m2/repository/org/jboss/logging/jboss-logging/3.3.1.Final/jboss-logging-3.3.1.Final.jar:/home/helen/.m2/repository/org/hibernate/javax/persistence/hibernate-jpa-2.1-api/1.0.0.Final/hibernate-jpa-2.1-api-1.0.0.Final.jar:/home/helen/.m2/repository/org/javassist/javassist/3.22.0-GA/javassist-3.22.0-GA.jar:/home/helen/.m2/repository/antlr/antlr/2.7.7/antlr-2.7.7.jar:/home/helen/.m2/repository/org/jboss/spec/javax/transaction/jboss-transaction-api_1.2_spec/1.0.1.Final/jboss-transaction-api_1.2_spec-1.0.1.Final.jar:/home/helen/.m2/repository/org/jboss/jandex/2.0.3.Final/jandex-2.0.3.Final.jar:/home/helen/.m2/repository/com/fasterxml/classmate/1.3.0/classmate-1.3.0.jar:/home/helen/.m2/repository/dom4j/dom4j/1.6.1/dom4j-1.6.1.jar:/home/helen/.m2/repository/org/hibernate/common/hibernate-commons-annotations/5.0.1.Final/hibernate-commons-annotations-5.0.1.Final.jar:/home/helen/.m2/repository/com/google/code/findbugs/jsr305/2.0.1/jsr305-2.0.1.jar:/mnt/c/Users/Helen/Documents/DataScience18668/GroupProject/project/presto/presto-bytecode/target/classes:/home/helen/.m2/repository/org/ow2/asm/asm/9.0/asm-9.0.jar:/home/helen/.m2/repository/org/ow2/asm/asm-tree/9.0/asm-tree-9.0.jar:/home/helen/.m2/repository/org/ow2/asm/asm-util/9.0/asm-util-9.0.jar:/home/helen/.m2/repository/org/ow2/asm/asm-analysis/9.0/asm-analysis-9.0.jar:/home/helen/.m2/repository/com/google/code/findbugs/jsr305/3.0.2/jsr305-3.0.2.jar:/home/helen/.m2/repository/com/google/guava/guava/26.0-jre/guava-26.0-jre.jar:/home/helen/.m2/repository/org/checkerframework/checker-qual/2.5.2/checker-qual-2.5.2.jar:/home/helen/.m2/repository/com/google/errorprone/error_prone_annotations/2.1.3/error_prone_annotations-2.1.3.jar:/home/helen/.m2/repository/com/google/j2objc/j2objc-annotations/1.1/j2objc-annotations-1.1.jar:/home/helen/.m2/repository/org/codehaus/mojo/animal-sniffer-annotations/1.14/animal-sniffer-annotations-1.14.jar:/home/helen/.m2/repository/io/airlift/slice/0.38/slice-0.38.jar:/home/helen/.m2/repository/org/openjdk/jol/jol-core/0.2/jol-core-0.2.jar:/mnt/c/Users/Helen/Documents/DataScience18668/GroupProject/project/presto/presto-testng-services/target/classes:/home/helen/.m2/repository/com/facebook/airlift/log/0.201/log-0.201.jar:/home/helen/.m2/repository/io/airlift/units/1.3/units-1.3.jar:/home/helen/.m2/repository/com/facebook/airlift/concurrent/0.201/concurrent-0.201.jar:/home/helen/.m2/repository/org/testng/testng/6.10/testng-6.10.jar:/home/helen/.m2/repository/com/beust/jcommander/1.48/jcommander-1.48.jar:/home/helen/.m2/repository/org/assertj/assertj-core/3.8.0/assertj-core-3.8.0.jar
[MASTER] 19:16:32.759 [pool-2-thread-1] ERROR JUnitAnalyzer - Diagnostic: incompatible types: java.lang.Class<java.lang.Class> cannot be converted to java.lang.Class<java.lang.Throwable>: 26
[MASTER] 19:16:32.759 [pool-2-thread-1] ERROR JUnitAnalyzer - Diagnostic: incompatible types: java.lang.Class<java.lang.Class> cannot be converted to java.lang.Class<com.facebook.presto.bytecode.Variable>: 28
[MASTER] 19:16:32.760 [pool-2-thread-1] ERROR JUnitAnalyzer - RegularFileObject[/tmp/EvoSuite_0_1637291764636/com/facebook/presto/bytecode/expression/ArithmeticBytecodeExpression_0_tmp__ESTest.java]
1: /*
2:  * This file was automatically generated by EvoSuite
3:  * Fri Nov 19 03:16:04 GMT 2021
4:  */
5: 
6: package com.facebook.presto.bytecode.expression;
7: 
8: import org.junit.Test;
9: import static org.junit.Assert.*;
10: import static org.evosuite.runtime.EvoAssertions.*;
11: import com.facebook.presto.bytecode.OpCode;
12: import com.facebook.presto.bytecode.Parameter;
13: import com.facebook.presto.bytecode.Variable;
14: import com.facebook.presto.bytecode.expression.ArithmeticBytecodeExpression;
15: import com.facebook.presto.bytecode.expression.BytecodeExpression;
16: import org.evosuite.runtime.EvoRunner;
17: import org.evosuite.runtime.EvoRunnerParameters;
18: import org.junit.runner.RunWith;
19: 
20: @RunWith(EvoRunner.class) @EvoRunnerParameters(mockJVMNonDeterminism = true, useVFS = true, useVNET = true, resetStaticState = true, useJEE = true) 
21: public class ArithmeticBytecodeExpression_0_tmp__ESTest extends ArithmeticBytecodeExpression_0_tmp__ESTest_scaffolding {
22: 
23:   @Test(timeout = 4000)
24:   public void test0()  throws Throwable  {
25:       OpCode opCode0 = OpCode.IADD;
26:       Class<Throwable> class0 = Class.class;
27:       Parameter parameter0 = Parameter.arg("Predicates.subtypeOf(", class0);
28:       Class<Variable> class1 = Class.class;
29:       BytecodeExpression bytecodeExpression0 = parameter0.instanceOf(class1);
30:       // Undeclared exception!
31:       try { 
32:         ArithmeticBytecodeExpression.createArithmeticBytecodeExpression(opCode0, bytecodeExpression0, bytecodeExpression0);
33:         fail("Expecting exception: IllegalArgumentException");
34:       
35:       } catch(IllegalArgumentException e) {
36:          //
37:          // Add argument must be int, long, float, or double, but is boolean
38:          //
39:          verifyException("com.google.common.base.Preconditions", e);
40:       }
41:   }
42: }
RegularFileObject[/tmp/EvoSuite_0_1637291764636/com/facebook/presto/bytecode/expression/ArithmeticBytecodeExpression_0_tmp__ESTest.java]
1: /**
2:  * Scaffolding file used to store all the setups needed to run 
3:  * tests automatically generated by EvoSuite
4:  * Fri Nov 19 03:16:05 GMT 2021
5:  */
6: 
7: package com.facebook.presto.bytecode.expression;
8: 
9: import org.evosuite.runtime.annotation.EvoSuiteClassExclude;
10: import org.junit.BeforeClass;
11: import org.junit.Before;
12: import org.junit.After;
13: import org.junit.AfterClass;
14: import org.evosuite.runtime.sandbox.Sandbox;
15: import org.evosuite.runtime.sandbox.Sandbox.SandboxMode;
16: 
17: @EvoSuiteClassExclude
18: public class ArithmeticBytecodeExpression_0_tmp__ESTest_scaffolding {
19: 
20:   @org.junit.Rule 
21:   public org.evosuite.runtime.vnet.NonFunctionalRequirementRule nfr = new org.evosuite.runtime.vnet.NonFunctionalRequirementRule();
22: 
23:   private static final java.util.Properties defaultProperties = (java.util.Properties) java.lang.System.getProperties().clone(); 
24: 
25:   private org.evosuite.runtime.thread.ThreadStopper threadStopper =  new org.evosuite.runtime.thread.ThreadStopper (org.evosuite.runtime.thread.KillSwitchHandler.getInstance(), 3000);
26: 
27: 
28:   @BeforeClass 
29:   public static void initEvoSuiteFramework() { 
30:     org.evosuite.runtime.RuntimeSettings.className = "com.facebook.presto.bytecode.expression.ArithmeticBytecodeExpression"; 
31:     org.evosuite.runtime.GuiSupport.initialize(); 
32:     org.evosuite.runtime.RuntimeSettings.maxNumberOfThreads = 100; 
33:     org.evosuite.runtime.RuntimeSettings.maxNumberOfIterationsPerLoop = 10000; 
34:     org.evosuite.runtime.RuntimeSettings.mockSystemIn = true; 
35:     org.evosuite.runtime.RuntimeSettings.sandboxMode = org.evosuite.runtime.sandbox.Sandbox.SandboxMode.RECOMMENDED; 
36:     org.evosuite.runtime.sandbox.Sandbox.initializeSecurityManagerForSUT(); 
37:     org.evosuite.runtime.classhandling.JDKClassResetter.init();
38:     setSystemProperties();
39:     initializeClasses();
40:     org.evosuite.runtime.Runtime.getInstance().resetRuntime(); 
41:   } 
42: 
43:   @AfterClass 
44:   public static void clearEvoSuiteFramework(){ 
45:     Sandbox.resetDefaultSecurityManager(); 
46:     java.lang.System.setProperties((java.util.Properties) defaultProperties.clone()); 
47:   } 
48: 
49:   @Before 
50:   public void initTestCase(){ 
51:     threadStopper.storeCurrentThreads();
52:     threadStopper.startRecordingTime();
53:     org.evosuite.runtime.jvm.ShutdownHookHandler.getInstance().initHandler(); 
54:     org.evosuite.runtime.sandbox.Sandbox.goingToExecuteSUTCode(); 
55:     setSystemProperties(); 
56:     org.evosuite.runtime.GuiSupport.setHeadless(); 
57:     org.evosuite.runtime.Runtime.getInstance().resetRuntime(); 
58:     org.evosuite.runtime.agent.InstrumentingAgent.activate(); 
59:   } 
60: 
61:   @After 
62:   public void doneWithTestCase(){ 
63:     threadStopper.killAndJoinClientThreads();
64:     org.evosuite.runtime.jvm.ShutdownHookHandler.getInstance().safeExecuteAddedHooks(); 
65:     org.evosuite.runtime.classhandling.JDKClassResetter.reset(); 
66:     resetClasses(); 
67:     org.evosuite.runtime.sandbox.Sandbox.doneWithExecutingSUTCode(); 
68:     org.evosuite.runtime.agent.InstrumentingAgent.deactivate(); 
69:     org.evosuite.runtime.GuiSupport.restoreHeadlessMode(); 
70:   } 
71: 
72:   public static void setSystemProperties() {
73:  
74:     java.lang.System.setProperties((java.util.Properties) defaultProperties.clone()); 
75:     java.lang.System.setProperty("file.encoding", "UTF-8"); 
76:     java.lang.System.setProperty("java.awt.headless", "true"); 
77:     java.lang.System.setProperty("java.io.tmpdir", "/tmp"); 
78:     java.lang.System.setProperty("user.dir", "/mnt/c/Users/Helen/Documents/DataScience18668/GroupProject/project/presto/presto-bytecode"); 
79:     java.lang.System.setProperty("user.home", "/home/helen"); 
80:     java.lang.System.setProperty("user.language", "en"); 
81:     java.lang.System.setProperty("user.name", "helen"); 
82:     java.lang.System.setProperty("user.timezone", "America/Los_Angeles"); 
83:   }
84: 
85:   private static void initializeClasses() {
86:     org.evosuite.runtime.classhandling.ClassStateSupport.initializeClasses(ArithmeticBytecodeExpression_0_tmp__ESTest_scaffolding.class.getClassLoader() ,
87:       "com.facebook.presto.bytecode.expression.BytecodeExpression",
88:       "com.google.common.collect.Hashing",
89:       "com.google.common.collect.ImmutableList$SubList",
90:       "com.facebook.presto.bytecode.BytecodeVisitor",
91:       "com.facebook.presto.bytecode.expression.CastBytecodeExpression$1",
92:       "com.facebook.presto.bytecode.MethodDefinition",
93:       "com.google.common.collect.PeekingIterator",
94:       "com.facebook.presto.bytecode.expression.InstanceOfBytecodeExpression",
95:       "com.google.common.collect.RegularImmutableList",
96:       "com.facebook.presto.bytecode.instruction.Constant$FloatConstant",
97:       "com.facebook.presto.bytecode.instruction.Constant$BooleanConstant",
98:       "com.facebook.presto.bytecode.expression.SetFieldBytecodeExpression",
99:       "com.facebook.presto.bytecode.expression.GetElementBytecodeExpression",
100:       "com.facebook.presto.bytecode.OpCode",
101:       "com.google.common.collect.RegularImmutableMap$KeySet",
102:       "com.google.common.collect.Iterators$ArrayItr",
103:       "com.facebook.presto.bytecode.expression.ArrayLengthBytecodeExpression",
104:       "com.facebook.presto.bytecode.Variable",
105:       "com.facebook.presto.bytecode.expression.ArithmeticBytecodeExpression$1",
106:       "com.facebook.presto.bytecode.instruction.Constant$BoxedIntegerConstant",
107:       "com.facebook.presto.bytecode.expression.SetArrayElementBytecodeExpression",
108:       "com.google.common.collect.RegularImmutableMap",
109:       "com.facebook.presto.bytecode.Parameter",
110:       "com.facebook.presto.bytecode.StaticTypeBytecodeExpression",
111:       "com.google.common.collect.Iterators$10",
112:       "com.google.common.collect.AbstractMapEntry",
113:       "com.google.common.collect.ImmutableMap$IteratorBasedImmutableMap",
114:       "com.facebook.presto.bytecode.instruction.InstructionNode",
115:       "com.facebook.presto.bytecode.instruction.Constant$BoxedBooleanConstant",
116:       "com.facebook.presto.bytecode.expression.ReturnBytecodeExpression",
117:       "com.google.common.collect.ImmutableAsList",
118:       "com.google.common.collect.ImmutableMapEntrySet$RegularEntrySet",
119:       "com.facebook.presto.bytecode.expression.BytecodeExpressions",
120:       "com.google.common.collect.RegularImmutableAsList",
121:       "com.facebook.presto.bytecode.instruction.Constant$NullConstant",
122:       "com.google.common.collect.ImmutableMapEntrySet",
123:       "com.google.common.base.Strings",
124:       "com.google.common.collect.UnmodifiableListIterator",
125:       "com.facebook.presto.bytecode.instruction.Constant$BoxedDoubleConstant",
126:       "com.facebook.presto.bytecode.instruction.Constant$DoubleConstant",
127:       "com.facebook.presto.bytecode.instruction.Constant$IntConstant",
128:       "com.google.common.collect.ObjectArrays",
129:       "com.facebook.presto.bytecode.expression.ArithmeticBytecodeExpression",
130:       "com.facebook.presto.bytecode.Variable$SetVariableBytecodeExpression",
131:       "com.google.common.collect.AbstractIterator",
132:       "com.facebook.presto.bytecode.instruction.Constant$StringConstant",
133:       "com.google.common.collect.ImmutableList$1",
134:       "com.google.common.collect.ImmutableMap$MapViewOfValuesAsSingletonSets",
135:       "com.facebook.presto.bytecode.expression.NotBytecodeExpression",
136:       "com.facebook.presto.bytecode.expression.NewArrayBytecodeExpression",
137:       "com.google.common.collect.ImmutableMapEntry$NonTerminalImmutableMapEntry",
138:       "com.google.common.base.Preconditions",
139:       "com.google.common.collect.UnmodifiableIterator",
140:       "com.facebook.presto.bytecode.expression.AndBytecodeExpression",
141:       "com.facebook.presto.bytecode.ParameterizedType",
142:       "com.google.common.collect.ImmutableEntry",
143:       "org.objectweb.asm.MethodVisitor",
144:       "com.facebook.presto.bytecode.instruction.Constant",
145:       "com.facebook.presto.bytecode.instruction.Constant$BoxedFloatConstant",
146:       "com.google.common.collect.ImmutableCollection",
147:       "org.objectweb.asm.Type",
148:       "com.google.common.collect.ImmutableList$ReverseImmutableList",
149:       "com.google.common.collect.SingletonImmutableList",
150:       "com.google.common.collect.ImmutableCollection$Builder",
151:       "com.google.common.collect.BiMap",
152:       "com.google.common.collect.IndexedImmutableSet",
153:       "com.google.common.collect.ImmutableSet",
154:       "com.google.common.collect.Iterators$9",
155:       "com.google.common.collect.ImmutableMap",
156:       "com.google.common.collect.ImmutableMapEntry",
157:       "com.facebook.presto.bytecode.expression.ConstantBytecodeExpression",
158:       "com.google.common.collect.AbstractIndexedListIterator",
159:       "com.google.common.collect.CollectPreconditions",
160:       "com.google.common.collect.Iterators$1",
161:       "com.facebook.presto.bytecode.MethodGenerationContext",
162:       "com.facebook.presto.bytecode.expression.OrBytecodeExpression",
163:       "com.facebook.presto.bytecode.instruction.Constant$BoxedLongConstant",
164:       "com.google.common.collect.Iterators$4",
165:       "com.google.common.collect.Iterators$5",
166:       "com.facebook.presto.bytecode.expression.InvokeBytecodeExpression",
167:       "com.facebook.presto.bytecode.expression.CastBytecodeExpression$TypeKind",
168:       "com.facebook.presto.bytecode.expression.CastBytecodeExpression",
169:       "com.facebook.presto.bytecode.expression.NewInstanceBytecodeExpression",
170:       "com.facebook.presto.bytecode.expression.InlineIfBytecodeExpression",
171:       "com.facebook.presto.bytecode.instruction.LabelNode",
172:       "com.google.common.collect.ImmutableMap$1",
173:       "com.google.common.collect.Iterators",
174:       "com.google.common.collect.ImmutableBiMap",
175:       "com.google.common.collect.ImmutableList",
176:       "com.google.common.collect.ImmutableBiMapFauxverideShim",
177:       "com.facebook.presto.bytecode.BytecodeBlock",
178:       "com.facebook.presto.bytecode.instruction.Constant$LongConstant",
179:       "com.facebook.presto.bytecode.expression.InvokeDynamicBytecodeExpression",
180:       "com.facebook.presto.bytecode.expression.NegateBytecodeExpression",
181:       "com.google.common.collect.ImmutableMap$Builder",
182:       "com.facebook.presto.bytecode.expression.PopBytecodeExpression",
183:       "com.facebook.presto.bytecode.instruction.Constant$ClassConstant",
184:       "com.facebook.presto.bytecode.BytecodeNode",
185:       "com.facebook.presto.bytecode.expression.GetFieldBytecodeExpression",
186:       "com.facebook.presto.bytecode.FieldDefinition",
187:       "com.google.common.collect.Iterators$MergingIterator",
188:       "com.google.common.collect.RegularImmutableMap$Values",
189:       "com.facebook.presto.bytecode.instruction.TypeInstruction"
190:     );
191:   } 
192: 
193:   private static void resetClasses() {
194:     org.evosuite.runtime.classhandling.ClassResetter.getInstance().setClassLoader(ArithmeticBytecodeExpression_0_tmp__ESTest_scaffolding.class.getClassLoader()); 
195: 
196:     org.evosuite.runtime.classhandling.ClassStateSupport.resetClasses(
197:       "com.facebook.presto.bytecode.expression.BytecodeExpression",
198:       "com.facebook.presto.bytecode.expression.ArithmeticBytecodeExpression",
199:       "com.google.common.collect.ImmutableMap",
200:       "com.google.common.collect.ImmutableMap$Builder",
201:       "com.google.common.collect.CollectPreconditions",
202:       "com.google.common.collect.ImmutableCollection$Builder",
203:       "com.google.common.collect.RegularImmutableMap",
204:       "com.google.common.base.Preconditions",
205:       "com.google.common.collect.AbstractMapEntry",
206:       "com.google.common.collect.ImmutableEntry",
207:       "com.google.common.collect.ImmutableMapEntry",
208:       "com.google.common.collect.Hashing",
209:       "com.google.common.collect.ImmutableMapEntry$NonTerminalImmutableMapEntry",
210:       "com.facebook.presto.bytecode.OpCode",
211:       "com.facebook.presto.bytecode.expression.ArithmeticBytecodeExpression$1",
212:       "com.google.common.collect.ImmutableCollection",
213:       "com.google.common.collect.ImmutableList",
214:       "com.google.common.collect.RegularImmutableList",
215:       "com.facebook.presto.bytecode.Variable",
216:       "com.facebook.presto.bytecode.Parameter",
217:       "com.facebook.presto.bytecode.ParameterizedType",
218:       "com.facebook.presto.bytecode.expression.InstanceOfBytecodeExpression",
219:       "com.google.common.base.Strings",
220:       "com.facebook.presto.bytecode.expression.ArrayLengthBytecodeExpression",
221:       "com.facebook.presto.bytecode.expression.CastBytecodeExpression",
222:       "com.facebook.presto.bytecode.BytecodeBlock",
223:       "com.facebook.presto.bytecode.expression.CastBytecodeExpression$TypeKind",
224:       "com.facebook.presto.bytecode.expression.CastBytecodeExpression$1",
225:       "com.facebook.presto.bytecode.instruction.TypeInstruction",
226:       "com.facebook.presto.bytecode.Variable$SetVariableBytecodeExpression",
227:       "com.facebook.presto.bytecode.expression.BytecodeExpressions",
228:       "com.facebook.presto.bytecode.expression.ConstantBytecodeExpression",
229:       "com.facebook.presto.bytecode.instruction.Constant",
230:       "com.facebook.presto.bytecode.instruction.Constant$IntConstant",
231:       "com.facebook.presto.bytecode.expression.PopBytecodeExpression",
232:       "com.facebook.presto.bytecode.expression.ComparisonBytecodeExpression",
233:       "org.objectweb.asm.Type",
234:       "com.google.common.collect.ImmutableList$Builder",
235:       "com.facebook.presto.bytecode.ClassDefinition",
236:       "com.google.common.collect.ObjectArrays",
237:       "com.facebook.presto.bytecode.MethodDefinition",
238:       "com.google.common.collect.SingletonImmutableList",
239:       "com.google.common.collect.Iterators",
240:       "com.google.common.collect.UnmodifiableIterator",
241:       "com.google.common.collect.Iterators$9",
242:       "com.google.common.collect.Iterables",
243:       "com.google.common.collect.Lists",
244:       "com.google.common.collect.Lists$TransformingRandomAccessList",
245:       "com.google.common.collect.FluentIterable",
246:       "com.google.common.collect.Iterables$5",
247:       "com.google.common.base.Optional",
248:       "com.google.common.base.Absent",
249:       "com.google.common.collect.UnmodifiableListIterator",
250:       "com.google.common.collect.AbstractIndexedListIterator",
251:       "com.google.common.collect.Iterators$ArrayItr",
252:       "com.google.common.collect.TransformedIterator",
253:       "com.google.common.collect.Iterators$6",
254:       "com.facebook.presto.bytecode.Scope",
255:       "com.facebook.presto.bytecode.expression.NewInstanceBytecodeExpression",
256:       "com.facebook.presto.bytecode.expression.InlineIfBytecodeExpression",
257:       "com.facebook.presto.bytecode.expression.NewArrayBytecodeExpression",
258:       "com.facebook.presto.bytecode.expression.GetElementBytecodeExpression",
259:       "com.facebook.presto.bytecode.expression.SetFieldBytecodeExpression",
260:       "com.facebook.presto.bytecode.expression.InvokeBytecodeExpression",
261:       "com.facebook.presto.bytecode.instruction.Constant$NullConstant",
262:       "com.facebook.presto.bytecode.expression.NotBytecodeExpression",
263:       "com.facebook.presto.bytecode.instruction.Constant$ClassConstant",
264:       "org.objectweb.asm.MethodVisitor",
265:       "org.objectweb.asm.tree.MethodNode",
266:       "com.facebook.presto.bytecode.instruction.Constant$BoxedIntegerConstant",
267:       "com.facebook.presto.bytecode.expression.SetArrayElementBytecodeExpression",
268:       "com.facebook.presto.bytecode.expression.GetFieldBytecodeExpression",
269:       "com.facebook.presto.bytecode.instruction.Constant$FloatConstant",
270:       "com.facebook.presto.bytecode.instruction.Constant$StringConstant",
271:       "com.facebook.presto.bytecode.expression.AndBytecodeExpression",
272:       "com.facebook.presto.bytecode.instruction.Constant$LongConstant",
273:       "com.facebook.presto.bytecode.instruction.Constant$BoxedBooleanConstant",
274:       "com.facebook.presto.bytecode.BytecodeVisitor",
275:       "com.facebook.presto.bytecode.instruction.InvokeInstruction",
276:       "com.google.common.base.CharMatcher",
277:       "com.google.common.base.CharMatcher$AnyOf",
278:       "com.facebook.presto.bytecode.instruction.Constant$BoxedFloatConstant",
279:       "com.facebook.presto.bytecode.expression.NegateBytecodeExpression",
280:       "org.objectweb.asm.tree.InsnList",
281:       "com.facebook.presto.bytecode.MethodGenerationContext",
282:       "com.facebook.presto.bytecode.instruction.VariableInstruction",
283:       "com.facebook.presto.bytecode.instruction.VariableInstruction$LoadVariableInstruction",
284:       "com.facebook.presto.bytecode.expression.ReturnBytecodeExpression",
285:       "org.objectweb.asm.ClassVisitor",
286:       "org.objectweb.asm.ClassWriter",
287:       "org.objectweb.asm.SymbolTable",
288:       "org.objectweb.asm.ByteVector",
289:       "org.objectweb.asm.Symbol",
290:       "org.objectweb.asm.SymbolTable$Entry",
291:       "org.objectweb.asm.MethodWriter",
292:       "org.objectweb.asm.Label",
293:       "org.objectweb.asm.Frame",
294:       "com.facebook.presto.bytecode.control.ForLoop",
295:       "com.facebook.presto.bytecode.instruction.LabelNode",
296:       "com.facebook.presto.bytecode.expression.OrBytecodeExpression",
297:       "org.objectweb.asm.util.Printer",
298:       "org.objectweb.asm.util.Textifier",
299:       "org.objectweb.asm.util.TraceMethodVisitor",
300:       "org.objectweb.asm.tree.AbstractInsnNode",
301:       "org.objectweb.asm.tree.InsnNode",
302:       "com.facebook.presto.bytecode.control.WhileLoop",
303:       "com.facebook.presto.bytecode.instruction.JumpInstruction",
304:       "org.objectweb.asm.tree.Util",
305:       "org.objectweb.asm.util.CheckMethodAdapter$Method",
306:       "org.objectweb.asm.util.CheckMethodAdapter",
307:       "org.objectweb.asm.util.CheckMethodAdapter$1",
308:       "com.facebook.presto.bytecode.FieldDefinition",
309:       "com.google.common.collect.Sets",
310:       "com.google.common.collect.ImmutableSet",
311:       "com.google.common.collect.ImmutableEnumSet",
312:       "com.google.common.collect.RegularImmutableSet",
313:       "com.facebook.presto.bytecode.instruction.Constant$BooleanConstant",
314:       "com.facebook.presto.bytecode.instruction.Constant$BoxedDoubleConstant",
315:       "com.facebook.presto.bytecode.control.DoWhileLoop",
316:       "org.objectweb.asm.ClassReader",
317:       "com.facebook.presto.bytecode.expression.InvokeDynamicBytecodeExpression",
318:       "org.objectweb.asm.util.ASMifier",
319:       "com.facebook.presto.bytecode.Binding",
320:       "com.facebook.presto.bytecode.StaticTypeBytecodeExpression",
321:       "com.google.common.collect.SingletonImmutableSet",
322:       "org.objectweb.asm.ModuleVisitor",
323:       "org.objectweb.asm.ModuleWriter",
324:       "com.google.common.collect.ImmutableSet$Builder",
325:       "com.google.common.collect.ImmutableSet$SetBuilderImpl",
326:       "com.google.common.collect.ImmutableSet$RegularSetBuilderImpl",
327:       "com.google.common.math.IntMath",
328:       "com.google.common.math.MathPreconditions",
329:       "com.google.common.math.IntMath$1",
330:       "com.google.common.primitives.Primitives",
331:       "com.facebook.presto.bytecode.AnnotationDefinition",
332:       "com.google.common.base.Joiner",
333:       "com.google.common.collect.FluentIterable$3",
334:       "com.google.common.collect.FluentIterable$3$1",
335:       "com.google.common.collect.Iterators$ConcatenatedIterator",
336:       "com.facebook.presto.bytecode.instruction.Constant$DoubleConstant",
337:       "com.facebook.presto.bytecode.instruction.Constant$BoxedLongConstant",
338:       "com.facebook.presto.bytecode.instruction.FieldInstruction",
339:       "com.facebook.presto.bytecode.instruction.FieldInstruction$GetFieldInstruction",
340:       "org.objectweb.asm.tree.FieldInsnNode",
341:       "com.google.common.primitives.Ints",
342:       "org.objectweb.asm.tree.LabelNode",
343:       "org.objectweb.asm.TypePath",
344:       "com.google.common.base.MoreObjects",
345:       "com.google.common.base.MoreObjects$ToStringHelper",
346:       "com.google.common.base.MoreObjects$ToStringHelper$ValueHolder",
347:       "org.objectweb.asm.TypeReference",
348:       "org.objectweb.asm.signature.SignatureVisitor",
349:       "org.objectweb.asm.util.TraceSignatureVisitor",
350:       "org.objectweb.asm.signature.SignatureReader",
351:       "com.facebook.presto.bytecode.control.IfStatement",
352:       "com.facebook.presto.bytecode.debug.LineNumberNode",
353:       "com.facebook.presto.bytecode.Comment",
354:       "org.objectweb.asm.tree.LdcInsnNode",
355:       "com.google.common.collect.TransformedListIterator",
356:       "com.google.common.collect.Lists$TransformingRandomAccessList$1",
357:       "com.facebook.presto.bytecode.instruction.FieldInstruction$PutFieldInstruction"
358:     );
359:   }
360: }

[MASTER] 19:16:32.761 [pool-2-thread-1] ERROR JUnitAnalyzer - Failed to compile test case:
OpCode opCode0 = OpCode.IADD;
Class<Throwable> class0 = Class.class;
Parameter parameter0 = Parameter.arg("Predicates.subtypeOf(", class0);
Class<Variable> class1 = Class.class;
BytecodeExpression bytecodeExpression0 = parameter0.instanceOf(class1);
ArithmeticBytecodeExpression.createArithmeticBytecodeExpression(opCode0, bytecodeExpression0, bytecodeExpression0);

[MASTER] 19:16:38.168 [pool-2-thread-1] ERROR JUnitAnalyzer - Compilation failed on compilation units: [RegularFileObject[/tmp/EvoSuite_4_1637291797394/com/facebook/presto/bytecode/expression/ArithmeticBytecodeExpression_4_tmp__ESTest.java], RegularFileObject[/tmp/EvoSuite_4_1637291797394/com/facebook/presto/bytecode/expression/ArithmeticBytecodeExpression_4_tmp__ESTest_scaffolding.java]]
[MASTER] 19:16:38.168 [pool-2-thread-1] ERROR JUnitAnalyzer - Classpath: /mnt/c/Users/Helen/Documents/DataScience18668/GroupProject/project/presto/presto-bytecode/target/classes:/home/helen/.m2/repository/org/ow2/asm/asm/9.0/asm-9.0.jar:/home/helen/.m2/repository/org/ow2/asm/asm-tree/9.0/asm-tree-9.0.jar:/home/helen/.m2/repository/org/ow2/asm/asm-util/9.0/asm-util-9.0.jar:/home/helen/.m2/repository/org/ow2/asm/asm-analysis/9.0/asm-analysis-9.0.jar:/home/helen/.m2/repository/com/google/code/findbugs/jsr305/3.0.2/jsr305-3.0.2.jar:/home/helen/.m2/repository/com/google/guava/guava/26.0-jre/guava-26.0-jre.jar:/home/helen/.m2/repository/org/checkerframework/checker-qual/2.5.2/checker-qual-2.5.2.jar:/home/helen/.m2/repository/com/google/errorprone/error_prone_annotations/2.1.3/error_prone_annotations-2.1.3.jar:/home/helen/.m2/repository/com/google/j2objc/j2objc-annotations/1.1/j2objc-annotations-1.1.jar:/home/helen/.m2/repository/org/codehaus/mojo/animal-sniffer-annotations/1.14/animal-sniffer-annotations-1.14.jar:/home/helen/.m2/repository/io/airlift/slice/0.38/slice-0.38.jar:/home/helen/.m2/repository/org/openjdk/jol/jol-core/0.2/jol-core-0.2.jar:/mnt/c/Users/Helen/Documents/DataScience18668/GroupProject/project/presto/presto-testng-services/target/classes:/home/helen/.m2/repository/com/facebook/airlift/log/0.201/log-0.201.jar:/home/helen/.m2/repository/io/airlift/units/1.3/units-1.3.jar:/home/helen/.m2/repository/com/facebook/airlift/concurrent/0.201/concurrent-0.201.jar:/home/helen/.m2/repository/org/testng/testng/6.10/testng-6.10.jar:/home/helen/.m2/repository/com/beust/jcommander/1.48/jcommander-1.48.jar:/home/helen/.m2/repository/org/assertj/assertj-core/3.8.0/assertj-core-3.8.0.jar:/mnt/c/Users/Helen/Documents/DataScience18668/GroupProject/project/presto/presto-bytecode/target/classes:/home/helen/.m2/repository/org/ow2/asm/asm/9.0/asm-9.0.jar:/home/helen/.m2/repository/org/ow2/asm/asm-tree/9.0/asm-tree-9.0.jar:/home/helen/.m2/repository/org/ow2/asm/asm-util/9.0/asm-util-9.0.jar:/home/helen/.m2/repository/org/ow2/asm/asm-analysis/9.0/asm-analysis-9.0.jar:/home/helen/.m2/repository/com/google/code/findbugs/jsr305/3.0.2/jsr305-3.0.2.jar:/home/helen/.m2/repository/com/google/guava/guava/26.0-jre/guava-26.0-jre.jar:/home/helen/.m2/repository/org/checkerframework/checker-qual/2.5.2/checker-qual-2.5.2.jar:/home/helen/.m2/repository/com/google/errorprone/error_prone_annotations/2.1.3/error_prone_annotations-2.1.3.jar:/home/helen/.m2/repository/com/google/j2objc/j2objc-annotations/1.1/j2objc-annotations-1.1.jar:/home/helen/.m2/repository/org/codehaus/mojo/animal-sniffer-annotations/1.14/animal-sniffer-annotations-1.14.jar:/home/helen/.m2/repository/io/airlift/slice/0.38/slice-0.38.jar:/home/helen/.m2/repository/org/openjdk/jol/jol-core/0.2/jol-core-0.2.jar:/mnt/c/Users/Helen/Documents/DataScience18668/GroupProject/project/presto/presto-testng-services/target/classes:/home/helen/.m2/repository/com/facebook/airlift/log/0.201/log-0.201.jar:/home/helen/.m2/repository/io/airlift/units/1.3/units-1.3.jar:/home/helen/.m2/repository/com/facebook/airlift/concurrent/0.201/concurrent-0.201.jar:/home/helen/.m2/repository/org/testng/testng/6.10/testng-6.10.jar:/home/helen/.m2/repository/com/beust/jcommander/1.48/jcommander-1.48.jar:/home/helen/.m2/repository/org/assertj/assertj-core/3.8.0/assertj-core-3.8.0.jar:/home/helen/.m2/repository/org/evosuite/evosuite-master/1.0.6/evosuite-master-1.0.6.jar:/home/helen/.m2/repository/org/evosuite/evosuite-client/1.0.6/evosuite-client-1.0.6-tests.jar:/home/helen/.m2/repository/org/evosuite/evosuite-runtime/1.0.6/evosuite-runtime-1.0.6.jar:/home/helen/.m2/repository/javax/ejb/javax.ejb-api/3.2/javax.ejb-api-3.2.jar:/home/helen/.m2/repository/javax/transaction/javax.transaction-api/1.2/javax.transaction-api-1.2.jar:/home/helen/.m2/repository/javax/faces/javax.faces-api/2.2/javax.faces-api-2.2.jar:/home/helen/.m2/repository/javax/ws/rs/jsr311-api/1.1.1/jsr311-api-1.1.1.jar:/home/helen/.m2/repository/org/hsqldb/hsqldb/2.4.0/hsqldb-2.4.0.jar:/home/helen/.m2/repository/org/springframework/spring-orm/4.3.14.RELEASE/spring-orm-4.3.14.RELEASE.jar:/home/helen/.m2/repository/org/springframework/spring-beans/4.3.14.RELEASE/spring-beans-4.3.14.RELEASE.jar:/home/helen/.m2/repository/org/springframework/spring-core/4.3.14.RELEASE/spring-core-4.3.14.RELEASE.jar:/home/helen/.m2/repository/org/springframework/spring-jdbc/4.3.14.RELEASE/spring-jdbc-4.3.14.RELEASE.jar:/home/helen/.m2/repository/org/springframework/spring-tx/4.3.14.RELEASE/spring-tx-4.3.14.RELEASE.jar:/home/helen/.m2/repository/org/springframework/spring-context/4.3.14.RELEASE/spring-context-4.3.14.RELEASE.jar:/home/helen/.m2/repository/org/springframework/spring-aop/4.3.14.RELEASE/spring-aop-4.3.14.RELEASE.jar:/home/helen/.m2/repository/org/springframework/spring-expression/4.3.14.RELEASE/spring-expression-4.3.14.RELEASE.jar:/home/helen/.m2/repository/junit/junit/4.12/junit-4.12.jar:/home/helen/.m2/repository/org/hamcrest/hamcrest-core/1.3/hamcrest-core-1.3.jar:/home/helen/.m2/repository/org/mockito/mockito-core/2.16.0/mockito-core-2.16.0.jar:/home/helen/.m2/repository/net/bytebuddy/byte-buddy/1.7.9/byte-buddy-1.7.9.jar:/home/helen/.m2/repository/net/bytebuddy/byte-buddy-agent/1.7.9/byte-buddy-agent-1.7.9.jar:/home/helen/.m2/repository/org/objenesis/objenesis/2.6/objenesis-2.6.jar:/home/helen/.m2/repository/org/slf4j/slf4j-api/1.7.22/slf4j-api-1.7.22.jar:/home/helen/.m2/repository/org/ow2/asm/asm/6.0/asm-6.0.jar:/home/helen/.m2/repository/org/ow2/asm/asm-commons/6.0/asm-commons-6.0.jar:/home/helen/.m2/repository/org/ow2/asm/asm-tree/6.0/asm-tree-6.0.jar:/home/helen/.m2/repository/org/ow2/asm/asm-analysis/6.0/asm-analysis-6.0.jar:/home/helen/.m2/repository/org/ow2/asm/asm-util/6.0/asm-util-6.0.jar:/home/helen/.m2/repository/javax/xml/bind/jaxb-api/2.3.0/jaxb-api-2.3.0.jar:/home/helen/.m2/repository/com/opencsv/opencsv/4.1/opencsv-4.1.jar:/home/helen/.m2/repository/org/apache/commons/commons-text/1.1/commons-text-1.1.jar:/home/helen/.m2/repository/commons-beanutils/commons-beanutils/1.9.3/commons-beanutils-1.9.3.jar:/home/helen/.m2/repository/commons-logging/commons-logging/1.2/commons-logging-1.2.jar:/home/helen/.m2/repository/commons-collections/commons-collections/3.2.2/commons-collections-3.2.2.jar:/home/helen/.m2/repository/dk/brics/automaton/automaton/1.11-8/automaton-1.11-8.jar:/home/helen/.m2/repository/ch/qos/logback/logback-classic/1.1.3/logback-classic-1.1.3.jar:/home/helen/.m2/repository/ch/qos/logback/logback-core/1.1.3/logback-core-1.1.3.jar:/home/helen/.m2/repository/com/googlecode/gentyref/gentyref/1.2.0/gentyref-1.2.0.jar:/home/helen/.m2/repository/net/sf/jgrapht/jgrapht/0.8.3/jgrapht-0.8.3.jar:/home/helen/.m2/repository/com/thoughtworks/xstream/xstream/1.4.10/xstream-1.4.10.jar:/home/helen/.m2/repository/xmlpull/xmlpull/1.1.3.1/xmlpull-1.1.3.1.jar:/home/helen/.m2/repository/xpp3/xpp3_min/1.1.4c/xpp3_min-1.1.4c.jar:/home/helen/.m2/repository/org/apache/commons/commons-lang3/3.7/commons-lang3-3.7.jar:/home/helen/.m2/repository/commons-io/commons-io/2.6/commons-io-2.6.jar:/home/helen/.m2/repository/commons-cli/commons-cli/1.4/commons-cli-1.4.jar:/home/helen/.m2/repository/org/kohsuke/graphviz-api/1.1/graphviz-api-1.1.jar:/home/helen/.m2/repository/oro/oro/2.0.8/oro-2.0.8.jar:/home/helen/.m2/repository/org/apache/commons/commons-exec/1.3/commons-exec-1.3.jar:/home/helen/.m2/repository/org/jboss/spec/javax/servlet/jboss-servlet-api_3.1_spec/1.0.2.Final/jboss-servlet-api_3.1_spec-1.0.2.Final.jar:/home/helen/.m2/repository/javax/inject/javax.inject/1/javax.inject-1.jar:/home/helen/.m2/repository/javax/enterprise/cdi-api/1.2/cdi-api-1.2.jar:/home/helen/.m2/repository/javax/el/javax.el-api/3.0.0/javax.el-api-3.0.0.jar:/home/helen/.m2/repository/javax/interceptor/javax.interceptor-api/1.2/javax.interceptor-api-1.2.jar:/home/helen/.m2/repository/org/hibernate/hibernate-core/5.2.13.Final/hibernate-core-5.2.13.Final.jar:/home/helen/.m2/repository/org/jboss/logging/jboss-logging/3.3.1.Final/jboss-logging-3.3.1.Final.jar:/home/helen/.m2/repository/org/hibernate/javax/persistence/hibernate-jpa-2.1-api/1.0.0.Final/hibernate-jpa-2.1-api-1.0.0.Final.jar:/home/helen/.m2/repository/org/javassist/javassist/3.22.0-GA/javassist-3.22.0-GA.jar:/home/helen/.m2/repository/antlr/antlr/2.7.7/antlr-2.7.7.jar:/home/helen/.m2/repository/org/jboss/spec/javax/transaction/jboss-transaction-api_1.2_spec/1.0.1.Final/jboss-transaction-api_1.2_spec-1.0.1.Final.jar:/home/helen/.m2/repository/org/jboss/jandex/2.0.3.Final/jandex-2.0.3.Final.jar:/home/helen/.m2/repository/com/fasterxml/classmate/1.3.0/classmate-1.3.0.jar:/home/helen/.m2/repository/dom4j/dom4j/1.6.1/dom4j-1.6.1.jar:/home/helen/.m2/repository/org/hibernate/common/hibernate-commons-annotations/5.0.1.Final/hibernate-commons-annotations-5.0.1.Final.jar:/home/helen/.m2/repository/com/google/code/findbugs/jsr305/2.0.1/jsr305-2.0.1.jar:/mnt/c/Users/Helen/Documents/DataScience18668/GroupProject/project/presto/presto-bytecode/target/classes:/home/helen/.m2/repository/org/ow2/asm/asm/9.0/asm-9.0.jar:/home/helen/.m2/repository/org/ow2/asm/asm-tree/9.0/asm-tree-9.0.jar:/home/helen/.m2/repository/org/ow2/asm/asm-util/9.0/asm-util-9.0.jar:/home/helen/.m2/repository/org/ow2/asm/asm-analysis/9.0/asm-analysis-9.0.jar:/home/helen/.m2/repository/com/google/code/findbugs/jsr305/3.0.2/jsr305-3.0.2.jar:/home/helen/.m2/repository/com/google/guava/guava/26.0-jre/guava-26.0-jre.jar:/home/helen/.m2/repository/org/checkerframework/checker-qual/2.5.2/checker-qual-2.5.2.jar:/home/helen/.m2/repository/com/google/errorprone/error_prone_annotations/2.1.3/error_prone_annotations-2.1.3.jar:/home/helen/.m2/repository/com/google/j2objc/j2objc-annotations/1.1/j2objc-annotations-1.1.jar:/home/helen/.m2/repository/org/codehaus/mojo/animal-sniffer-annotations/1.14/animal-sniffer-annotations-1.14.jar:/home/helen/.m2/repository/io/airlift/slice/0.38/slice-0.38.jar:/home/helen/.m2/repository/org/openjdk/jol/jol-core/0.2/jol-core-0.2.jar:/mnt/c/Users/Helen/Documents/DataScience18668/GroupProject/project/presto/presto-testng-services/target/classes:/home/helen/.m2/repository/com/facebook/airlift/log/0.201/log-0.201.jar:/home/helen/.m2/repository/io/airlift/units/1.3/units-1.3.jar:/home/helen/.m2/repository/com/facebook/airlift/concurrent/0.201/concurrent-0.201.jar:/home/helen/.m2/repository/org/testng/testng/6.10/testng-6.10.jar:/home/helen/.m2/repository/com/beust/jcommander/1.48/jcommander-1.48.jar:/home/helen/.m2/repository/org/assertj/assertj-core/3.8.0/assertj-core-3.8.0.jar
[MASTER] 19:16:38.169 [pool-2-thread-1] ERROR JUnitAnalyzer - evosuiteCP: /mnt/c/Users/Helen/Documents/DataScience18668/GroupProject/project/presto/presto-bytecode/target/classes:/home/helen/.m2/repository/org/ow2/asm/asm/9.0/asm-9.0.jar:/home/helen/.m2/repository/org/ow2/asm/asm-tree/9.0/asm-tree-9.0.jar:/home/helen/.m2/repository/org/ow2/asm/asm-util/9.0/asm-util-9.0.jar:/home/helen/.m2/repository/org/ow2/asm/asm-analysis/9.0/asm-analysis-9.0.jar:/home/helen/.m2/repository/com/google/code/findbugs/jsr305/3.0.2/jsr305-3.0.2.jar:/home/helen/.m2/repository/com/google/guava/guava/26.0-jre/guava-26.0-jre.jar:/home/helen/.m2/repository/org/checkerframework/checker-qual/2.5.2/checker-qual-2.5.2.jar:/home/helen/.m2/repository/com/google/errorprone/error_prone_annotations/2.1.3/error_prone_annotations-2.1.3.jar:/home/helen/.m2/repository/com/google/j2objc/j2objc-annotations/1.1/j2objc-annotations-1.1.jar:/home/helen/.m2/repository/org/codehaus/mojo/animal-sniffer-annotations/1.14/animal-sniffer-annotations-1.14.jar:/home/helen/.m2/repository/io/airlift/slice/0.38/slice-0.38.jar:/home/helen/.m2/repository/org/openjdk/jol/jol-core/0.2/jol-core-0.2.jar:/mnt/c/Users/Helen/Documents/DataScience18668/GroupProject/project/presto/presto-testng-services/target/classes:/home/helen/.m2/repository/com/facebook/airlift/log/0.201/log-0.201.jar:/home/helen/.m2/repository/io/airlift/units/1.3/units-1.3.jar:/home/helen/.m2/repository/com/facebook/airlift/concurrent/0.201/concurrent-0.201.jar:/home/helen/.m2/repository/org/testng/testng/6.10/testng-6.10.jar:/home/helen/.m2/repository/com/beust/jcommander/1.48/jcommander-1.48.jar:/home/helen/.m2/repository/org/assertj/assertj-core/3.8.0/assertj-core-3.8.0.jar:/home/helen/.m2/repository/org/evosuite/evosuite-master/1.0.6/evosuite-master-1.0.6.jar:/home/helen/.m2/repository/org/evosuite/evosuite-client/1.0.6/evosuite-client-1.0.6-tests.jar:/home/helen/.m2/repository/org/evosuite/evosuite-runtime/1.0.6/evosuite-runtime-1.0.6.jar:/home/helen/.m2/repository/javax/ejb/javax.ejb-api/3.2/javax.ejb-api-3.2.jar:/home/helen/.m2/repository/javax/transaction/javax.transaction-api/1.2/javax.transaction-api-1.2.jar:/home/helen/.m2/repository/javax/faces/javax.faces-api/2.2/javax.faces-api-2.2.jar:/home/helen/.m2/repository/javax/ws/rs/jsr311-api/1.1.1/jsr311-api-1.1.1.jar:/home/helen/.m2/repository/org/hsqldb/hsqldb/2.4.0/hsqldb-2.4.0.jar:/home/helen/.m2/repository/org/springframework/spring-orm/4.3.14.RELEASE/spring-orm-4.3.14.RELEASE.jar:/home/helen/.m2/repository/org/springframework/spring-beans/4.3.14.RELEASE/spring-beans-4.3.14.RELEASE.jar:/home/helen/.m2/repository/org/springframework/spring-core/4.3.14.RELEASE/spring-core-4.3.14.RELEASE.jar:/home/helen/.m2/repository/org/springframework/spring-jdbc/4.3.14.RELEASE/spring-jdbc-4.3.14.RELEASE.jar:/home/helen/.m2/repository/org/springframework/spring-tx/4.3.14.RELEASE/spring-tx-4.3.14.RELEASE.jar:/home/helen/.m2/repository/org/springframework/spring-context/4.3.14.RELEASE/spring-context-4.3.14.RELEASE.jar:/home/helen/.m2/repository/org/springframework/spring-aop/4.3.14.RELEASE/spring-aop-4.3.14.RELEASE.jar:/home/helen/.m2/repository/org/springframework/spring-expression/4.3.14.RELEASE/spring-expression-4.3.14.RELEASE.jar:/home/helen/.m2/repository/junit/junit/4.12/junit-4.12.jar:/home/helen/.m2/repository/org/hamcrest/hamcrest-core/1.3/hamcrest-core-1.3.jar:/home/helen/.m2/repository/org/mockito/mockito-core/2.16.0/mockito-core-2.16.0.jar:/home/helen/.m2/repository/net/bytebuddy/byte-buddy/1.7.9/byte-buddy-1.7.9.jar:/home/helen/.m2/repository/net/bytebuddy/byte-buddy-agent/1.7.9/byte-buddy-agent-1.7.9.jar:/home/helen/.m2/repository/org/objenesis/objenesis/2.6/objenesis-2.6.jar:/home/helen/.m2/repository/org/slf4j/slf4j-api/1.7.22/slf4j-api-1.7.22.jar:/home/helen/.m2/repository/org/ow2/asm/asm/6.0/asm-6.0.jar:/home/helen/.m2/repository/org/ow2/asm/asm-commons/6.0/asm-commons-6.0.jar:/home/helen/.m2/repository/org/ow2/asm/asm-tree/6.0/asm-tree-6.0.jar:/home/helen/.m2/repository/org/ow2/asm/asm-analysis/6.0/asm-analysis-6.0.jar:/home/helen/.m2/repository/org/ow2/asm/asm-util/6.0/asm-util-6.0.jar:/home/helen/.m2/repository/javax/xml/bind/jaxb-api/2.3.0/jaxb-api-2.3.0.jar:/home/helen/.m2/repository/com/opencsv/opencsv/4.1/opencsv-4.1.jar:/home/helen/.m2/repository/org/apache/commons/commons-text/1.1/commons-text-1.1.jar:/home/helen/.m2/repository/commons-beanutils/commons-beanutils/1.9.3/commons-beanutils-1.9.3.jar:/home/helen/.m2/repository/commons-logging/commons-logging/1.2/commons-logging-1.2.jar:/home/helen/.m2/repository/commons-collections/commons-collections/3.2.2/commons-collections-3.2.2.jar:/home/helen/.m2/repository/dk/brics/automaton/automaton/1.11-8/automaton-1.11-8.jar:/home/helen/.m2/repository/ch/qos/logback/logback-classic/1.1.3/logback-classic-1.1.3.jar:/home/helen/.m2/repository/ch/qos/logback/logback-core/1.1.3/logback-core-1.1.3.jar:/home/helen/.m2/repository/com/googlecode/gentyref/gentyref/1.2.0/gentyref-1.2.0.jar:/home/helen/.m2/repository/net/sf/jgrapht/jgrapht/0.8.3/jgrapht-0.8.3.jar:/home/helen/.m2/repository/com/thoughtworks/xstream/xstream/1.4.10/xstream-1.4.10.jar:/home/helen/.m2/repository/xmlpull/xmlpull/1.1.3.1/xmlpull-1.1.3.1.jar:/home/helen/.m2/repository/xpp3/xpp3_min/1.1.4c/xpp3_min-1.1.4c.jar:/home/helen/.m2/repository/org/apache/commons/commons-lang3/3.7/commons-lang3-3.7.jar:/home/helen/.m2/repository/commons-io/commons-io/2.6/commons-io-2.6.jar:/home/helen/.m2/repository/commons-cli/commons-cli/1.4/commons-cli-1.4.jar:/home/helen/.m2/repository/org/kohsuke/graphviz-api/1.1/graphviz-api-1.1.jar:/home/helen/.m2/repository/oro/oro/2.0.8/oro-2.0.8.jar:/home/helen/.m2/repository/org/apache/commons/commons-exec/1.3/commons-exec-1.3.jar:/home/helen/.m2/repository/org/jboss/spec/javax/servlet/jboss-servlet-api_3.1_spec/1.0.2.Final/jboss-servlet-api_3.1_spec-1.0.2.Final.jar:/home/helen/.m2/repository/javax/inject/javax.inject/1/javax.inject-1.jar:/home/helen/.m2/repository/javax/enterprise/cdi-api/1.2/cdi-api-1.2.jar:/home/helen/.m2/repository/javax/el/javax.el-api/3.0.0/javax.el-api-3.0.0.jar:/home/helen/.m2/repository/javax/interceptor/javax.interceptor-api/1.2/javax.interceptor-api-1.2.jar:/home/helen/.m2/repository/org/hibernate/hibernate-core/5.2.13.Final/hibernate-core-5.2.13.Final.jar:/home/helen/.m2/repository/org/jboss/logging/jboss-logging/3.3.1.Final/jboss-logging-3.3.1.Final.jar:/home/helen/.m2/repository/org/hibernate/javax/persistence/hibernate-jpa-2.1-api/1.0.0.Final/hibernate-jpa-2.1-api-1.0.0.Final.jar:/home/helen/.m2/repository/org/javassist/javassist/3.22.0-GA/javassist-3.22.0-GA.jar:/home/helen/.m2/repository/antlr/antlr/2.7.7/antlr-2.7.7.jar:/home/helen/.m2/repository/org/jboss/spec/javax/transaction/jboss-transaction-api_1.2_spec/1.0.1.Final/jboss-transaction-api_1.2_spec-1.0.1.Final.jar:/home/helen/.m2/repository/org/jboss/jandex/2.0.3.Final/jandex-2.0.3.Final.jar:/home/helen/.m2/repository/com/fasterxml/classmate/1.3.0/classmate-1.3.0.jar:/home/helen/.m2/repository/dom4j/dom4j/1.6.1/dom4j-1.6.1.jar:/home/helen/.m2/repository/org/hibernate/common/hibernate-commons-annotations/5.0.1.Final/hibernate-commons-annotations-5.0.1.Final.jar:/home/helen/.m2/repository/com/google/code/findbugs/jsr305/2.0.1/jsr305-2.0.1.jar:/mnt/c/Users/Helen/Documents/DataScience18668/GroupProject/project/presto/presto-bytecode/target/classes:/home/helen/.m2/repository/org/ow2/asm/asm/9.0/asm-9.0.jar:/home/helen/.m2/repository/org/ow2/asm/asm-tree/9.0/asm-tree-9.0.jar:/home/helen/.m2/repository/org/ow2/asm/asm-util/9.0/asm-util-9.0.jar:/home/helen/.m2/repository/org/ow2/asm/asm-analysis/9.0/asm-analysis-9.0.jar:/home/helen/.m2/repository/com/google/code/findbugs/jsr305/3.0.2/jsr305-3.0.2.jar:/home/helen/.m2/repository/com/google/guava/guava/26.0-jre/guava-26.0-jre.jar:/home/helen/.m2/repository/org/checkerframework/checker-qual/2.5.2/checker-qual-2.5.2.jar:/home/helen/.m2/repository/com/google/errorprone/error_prone_annotations/2.1.3/error_prone_annotations-2.1.3.jar:/home/helen/.m2/repository/com/google/j2objc/j2objc-annotations/1.1/j2objc-annotations-1.1.jar:/home/helen/.m2/repository/org/codehaus/mojo/animal-sniffer-annotations/1.14/animal-sniffer-annotations-1.14.jar:/home/helen/.m2/repository/io/airlift/slice/0.38/slice-0.38.jar:/home/helen/.m2/repository/org/openjdk/jol/jol-core/0.2/jol-core-0.2.jar:/mnt/c/Users/Helen/Documents/DataScience18668/GroupProject/project/presto/presto-testng-services/target/classes:/home/helen/.m2/repository/com/facebook/airlift/log/0.201/log-0.201.jar:/home/helen/.m2/repository/io/airlift/units/1.3/units-1.3.jar:/home/helen/.m2/repository/com/facebook/airlift/concurrent/0.201/concurrent-0.201.jar:/home/helen/.m2/repository/org/testng/testng/6.10/testng-6.10.jar:/home/helen/.m2/repository/com/beust/jcommander/1.48/jcommander-1.48.jar:/home/helen/.m2/repository/org/assertj/assertj-core/3.8.0/assertj-core-3.8.0.jar
[MASTER] 19:16:38.169 [pool-2-thread-1] ERROR JUnitAnalyzer - Diagnostic: incompatible types: java.lang.Class<java.lang.Class> cannot be converted to java.lang.Class<java.lang.Throwable>: 26
[MASTER] 19:16:38.169 [pool-2-thread-1] ERROR JUnitAnalyzer - Diagnostic: incompatible types: java.lang.Class<java.lang.Class> cannot be converted to java.lang.Class<com.facebook.presto.bytecode.Variable>: 28
[MASTER] 19:16:38.170 [pool-2-thread-1] ERROR JUnitAnalyzer - RegularFileObject[/tmp/EvoSuite_4_1637291797394/com/facebook/presto/bytecode/expression/ArithmeticBytecodeExpression_4_tmp__ESTest.java]
1: /*
2:  * This file was automatically generated by EvoSuite
3:  * Fri Nov 19 03:16:37 GMT 2021
4:  */
5: 
6: package com.facebook.presto.bytecode.expression;
7: 
8: import org.junit.Test;
9: import static org.junit.Assert.*;
10: import static org.evosuite.runtime.EvoAssertions.*;
11: import com.facebook.presto.bytecode.OpCode;
12: import com.facebook.presto.bytecode.Parameter;
13: import com.facebook.presto.bytecode.Variable;
14: import com.facebook.presto.bytecode.expression.ArithmeticBytecodeExpression;
15: import com.facebook.presto.bytecode.expression.BytecodeExpression;
16: import org.evosuite.runtime.EvoRunner;
17: import org.evosuite.runtime.EvoRunnerParameters;
18: import org.junit.runner.RunWith;
19: 
20: @RunWith(EvoRunner.class) @EvoRunnerParameters(mockJVMNonDeterminism = true, useVFS = true, useVNET = true, resetStaticState = true, useJEE = true) 
21: public class ArithmeticBytecodeExpression_4_tmp__ESTest extends ArithmeticBytecodeExpression_4_tmp__ESTest_scaffolding {
22: 
23:   @Test(timeout = 4000)
24:   public void test0()  throws Throwable  {
25:       OpCode opCode0 = OpCode.IAND;
26:       Class<Throwable> class0 = Class.class;
27:       Parameter parameter0 = Parameter.arg("ZYkg", class0);
28:       Class<Variable> class1 = Class.class;
29:       BytecodeExpression bytecodeExpression0 = parameter0.instanceOf(class1);
30:       // Undeclared exception!
31:       try { 
32:         ArithmeticBytecodeExpression.createArithmeticBytecodeExpression(opCode0, bytecodeExpression0, bytecodeExpression0);
33:         fail("Expecting exception: IllegalArgumentException");
34:       
35:       } catch(IllegalArgumentException e) {
36:          //
37:          // Bitwise AND argument must be int or long, but is boolean
38:          //
39:          verifyException("com.google.common.base.Preconditions", e);
40:       }
41:   }
42: }
RegularFileObject[/tmp/EvoSuite_4_1637291797394/com/facebook/presto/bytecode/expression/ArithmeticBytecodeExpression_4_tmp__ESTest.java]
1: /**
2:  * Scaffolding file used to store all the setups needed to run 
3:  * tests automatically generated by EvoSuite
4:  * Fri Nov 19 03:16:37 GMT 2021
5:  */
6: 
7: package com.facebook.presto.bytecode.expression;
8: 
9: import org.evosuite.runtime.annotation.EvoSuiteClassExclude;
10: import org.junit.BeforeClass;
11: import org.junit.Before;
12: import org.junit.After;
13: import org.junit.AfterClass;
14: import org.evosuite.runtime.sandbox.Sandbox;
15: import org.evosuite.runtime.sandbox.Sandbox.SandboxMode;
16: 
17: @EvoSuiteClassExclude
18: public class ArithmeticBytecodeExpression_4_tmp__ESTest_scaffolding {
19: 
20:   @org.junit.Rule 
21:   public org.evosuite.runtime.vnet.NonFunctionalRequirementRule nfr = new org.evosuite.runtime.vnet.NonFunctionalRequirementRule();
22: 
23:   private static final java.util.Properties defaultProperties = (java.util.Properties) java.lang.System.getProperties().clone(); 
24: 
25:   private org.evosuite.runtime.thread.ThreadStopper threadStopper =  new org.evosuite.runtime.thread.ThreadStopper (org.evosuite.runtime.thread.KillSwitchHandler.getInstance(), 3000);
26: 
27: 
28:   @BeforeClass 
29:   public static void initEvoSuiteFramework() { 
30:     org.evosuite.runtime.RuntimeSettings.className = "com.facebook.presto.bytecode.expression.ArithmeticBytecodeExpression"; 
31:     org.evosuite.runtime.GuiSupport.initialize(); 
32:     org.evosuite.runtime.RuntimeSettings.maxNumberOfThreads = 100; 
33:     org.evosuite.runtime.RuntimeSettings.maxNumberOfIterationsPerLoop = 10000; 
34:     org.evosuite.runtime.RuntimeSettings.mockSystemIn = true; 
35:     org.evosuite.runtime.RuntimeSettings.sandboxMode = org.evosuite.runtime.sandbox.Sandbox.SandboxMode.RECOMMENDED; 
36:     org.evosuite.runtime.sandbox.Sandbox.initializeSecurityManagerForSUT(); 
37:     org.evosuite.runtime.classhandling.JDKClassResetter.init();
38:     setSystemProperties();
39:     initializeClasses();
40:     org.evosuite.runtime.Runtime.getInstance().resetRuntime(); 
41:   } 
42: 
43:   @AfterClass 
44:   public static void clearEvoSuiteFramework(){ 
45:     Sandbox.resetDefaultSecurityManager(); 
46:     java.lang.System.setProperties((java.util.Properties) defaultProperties.clone()); 
47:   } 
48: 
49:   @Before 
50:   public void initTestCase(){ 
51:     threadStopper.storeCurrentThreads();
52:     threadStopper.startRecordingTime();
53:     org.evosuite.runtime.jvm.ShutdownHookHandler.getInstance().initHandler(); 
54:     org.evosuite.runtime.sandbox.Sandbox.goingToExecuteSUTCode(); 
55:     setSystemProperties(); 
56:     org.evosuite.runtime.GuiSupport.setHeadless(); 
57:     org.evosuite.runtime.Runtime.getInstance().resetRuntime(); 
58:     org.evosuite.runtime.agent.InstrumentingAgent.activate(); 
59:   } 
60: 
61:   @After 
62:   public void doneWithTestCase(){ 
63:     threadStopper.killAndJoinClientThreads();
64:     org.evosuite.runtime.jvm.ShutdownHookHandler.getInstance().safeExecuteAddedHooks(); 
65:     org.evosuite.runtime.classhandling.JDKClassResetter.reset(); 
66:     resetClasses(); 
67:     org.evosuite.runtime.sandbox.Sandbox.doneWithExecutingSUTCode(); 
68:     org.evosuite.runtime.agent.InstrumentingAgent.deactivate(); 
69:     org.evosuite.runtime.GuiSupport.restoreHeadlessMode(); 
70:   } 
71: 
72:   public static void setSystemProperties() {
73:  
74:     java.lang.System.setProperties((java.util.Properties) defaultProperties.clone()); 
75:     java.lang.System.setProperty("file.encoding", "UTF-8"); 
76:     java.lang.System.setProperty("java.awt.headless", "true"); 
77:     java.lang.System.setProperty("java.io.tmpdir", "/tmp"); 
78:     java.lang.System.setProperty("user.dir", "/mnt/c/Users/Helen/Documents/DataScience18668/GroupProject/project/presto/presto-bytecode"); 
79:     java.lang.System.setProperty("user.home", "/home/helen"); 
80:     java.lang.System.setProperty("user.language", "en"); 
81:     java.lang.System.setProperty("user.name", "helen"); 
82:     java.lang.System.setProperty("user.timezone", "America/Los_Angeles"); 
83:   }
84: 
85:   private static void initializeClasses() {
86:     org.evosuite.runtime.classhandling.ClassStateSupport.initializeClasses(ArithmeticBytecodeExpression_4_tmp__ESTest_scaffolding.class.getClassLoader() ,
87:       "com.facebook.presto.bytecode.expression.BytecodeExpression",
88:       "com.google.common.collect.Hashing",
89:       "com.google.common.collect.ImmutableList$SubList",
90:       "com.facebook.presto.bytecode.BytecodeVisitor",
91:       "com.facebook.presto.bytecode.expression.CastBytecodeExpression$1",
92:       "com.facebook.presto.bytecode.MethodDefinition",
93:       "com.google.common.collect.PeekingIterator",
94:       "com.facebook.presto.bytecode.expression.InstanceOfBytecodeExpression",
95:       "com.google.common.collect.RegularImmutableList",
96:       "com.facebook.presto.bytecode.instruction.Constant$FloatConstant",
97:       "com.facebook.presto.bytecode.instruction.Constant$BooleanConstant",
98:       "com.facebook.presto.bytecode.expression.SetFieldBytecodeExpression",
99:       "com.facebook.presto.bytecode.expression.GetElementBytecodeExpression",
100:       "com.facebook.presto.bytecode.OpCode",
101:       "com.google.common.collect.RegularImmutableMap$KeySet",
102:       "com.google.common.collect.Iterators$ArrayItr",
103:       "com.facebook.presto.bytecode.expression.ArrayLengthBytecodeExpression",
104:       "com.facebook.presto.bytecode.Variable",
105:       "com.facebook.presto.bytecode.expression.ArithmeticBytecodeExpression$1",
106:       "com.facebook.presto.bytecode.instruction.Constant$BoxedIntegerConstant",
107:       "com.facebook.presto.bytecode.expression.SetArrayElementBytecodeExpression",
108:       "com.google.common.collect.RegularImmutableMap",
109:       "com.facebook.presto.bytecode.Parameter",
110:       "com.facebook.presto.bytecode.StaticTypeBytecodeExpression",
111:       "com.google.common.collect.Iterators$10",
112:       "com.google.common.collect.AbstractMapEntry",
113:       "com.google.common.collect.ImmutableMap$IteratorBasedImmutableMap",
114:       "com.facebook.presto.bytecode.instruction.InstructionNode",
115:       "com.facebook.presto.bytecode.instruction.Constant$BoxedBooleanConstant",
116:       "com.facebook.presto.bytecode.expression.ReturnBytecodeExpression",
117:       "com.google.common.collect.ImmutableAsList",
118:       "com.google.common.collect.ImmutableMapEntrySet$RegularEntrySet",
119:       "com.facebook.presto.bytecode.expression.BytecodeExpressions",
120:       "com.google.common.collect.RegularImmutableAsList",
121:       "com.facebook.presto.bytecode.instruction.Constant$NullConstant",
122:       "com.google.common.collect.ImmutableMapEntrySet",
123:       "com.google.common.base.Strings",
124:       "com.google.common.collect.UnmodifiableListIterator",
125:       "com.facebook.presto.bytecode.instruction.Constant$BoxedDoubleConstant",
126:       "com.facebook.presto.bytecode.instruction.Constant$DoubleConstant",
127:       "com.facebook.presto.bytecode.instruction.Constant$IntConstant",
128:       "com.google.common.collect.ObjectArrays",
129:       "com.facebook.presto.bytecode.expression.ArithmeticBytecodeExpression",
130:       "com.facebook.presto.bytecode.Variable$SetVariableBytecodeExpression",
131:       "com.google.common.collect.AbstractIterator",
132:       "com.facebook.presto.bytecode.instruction.Constant$StringConstant",
133:       "com.google.common.collect.ImmutableList$1",
134:       "com.google.common.collect.ImmutableMap$MapViewOfValuesAsSingletonSets",
135:       "com.facebook.presto.bytecode.expression.NotBytecodeExpression",
136:       "com.facebook.presto.bytecode.expression.NewArrayBytecodeExpression",
137:       "com.google.common.collect.ImmutableMapEntry$NonTerminalImmutableMapEntry",
138:       "com.google.common.base.Preconditions",
139:       "com.google.common.collect.UnmodifiableIterator",
140:       "com.facebook.presto.bytecode.expression.AndBytecodeExpression",
141:       "com.facebook.presto.bytecode.ParameterizedType",
142:       "com.google.common.collect.ImmutableEntry",
143:       "org.objectweb.asm.MethodVisitor",
144:       "com.facebook.presto.bytecode.instruction.Constant",
145:       "com.facebook.presto.bytecode.instruction.Constant$BoxedFloatConstant",
146:       "com.google.common.collect.ImmutableCollection",
147:       "org.objectweb.asm.Type",
148:       "com.google.common.collect.ImmutableList$ReverseImmutableList",
149:       "com.google.common.collect.SingletonImmutableList",
150:       "com.google.common.collect.ImmutableCollection$Builder",
151:       "com.google.common.collect.BiMap",
152:       "com.google.common.collect.IndexedImmutableSet",
153:       "com.google.common.collect.ImmutableSet",
154:       "com.google.common.collect.Iterators$9",
155:       "com.google.common.collect.ImmutableMap",
156:       "com.google.common.collect.ImmutableMapEntry",
157:       "com.facebook.presto.bytecode.expression.ConstantBytecodeExpression",
158:       "com.google.common.collect.AbstractIndexedListIterator",
159:       "com.google.common.collect.CollectPreconditions",
160:       "com.google.common.collect.Iterators$1",
161:       "com.facebook.presto.bytecode.MethodGenerationContext",
162:       "com.facebook.presto.bytecode.expression.OrBytecodeExpression",
163:       "com.facebook.presto.bytecode.instruction.Constant$BoxedLongConstant",
164:       "com.google.common.collect.Iterators$4",
165:       "com.google.common.collect.Iterators$5",
166:       "com.facebook.presto.bytecode.expression.InvokeBytecodeExpression",
167:       "com.facebook.presto.bytecode.expression.CastBytecodeExpression$TypeKind",
168:       "com.facebook.presto.bytecode.expression.CastBytecodeExpression",
169:       "com.facebook.presto.bytecode.expression.NewInstanceBytecodeExpression",
170:       "com.facebook.presto.bytecode.expression.InlineIfBytecodeExpression",
171:       "com.facebook.presto.bytecode.instruction.LabelNode",
172:       "com.google.common.collect.ImmutableMap$1",
173:       "com.google.common.collect.Iterators",
174:       "com.google.common.collect.ImmutableBiMap",
175:       "com.google.common.collect.ImmutableList",
176:       "com.google.common.collect.ImmutableBiMapFauxverideShim",
177:       "com.facebook.presto.bytecode.BytecodeBlock",
178:       "com.facebook.presto.bytecode.instruction.Constant$LongConstant",
179:       "com.facebook.presto.bytecode.expression.InvokeDynamicBytecodeExpression",
180:       "com.facebook.presto.bytecode.expression.NegateBytecodeExpression",
181:       "com.google.common.collect.ImmutableMap$Builder",
182:       "com.facebook.presto.bytecode.expression.PopBytecodeExpression",
183:       "com.facebook.presto.bytecode.instruction.Constant$ClassConstant",
184:       "com.facebook.presto.bytecode.BytecodeNode",
185:       "com.facebook.presto.bytecode.expression.GetFieldBytecodeExpression",
186:       "com.facebook.presto.bytecode.FieldDefinition",
187:       "com.google.common.collect.Iterators$MergingIterator",
188:       "com.google.common.collect.RegularImmutableMap$Values",
189:       "com.facebook.presto.bytecode.instruction.TypeInstruction"
190:     );
191:   } 
192: 
193:   private static void resetClasses() {
194:     org.evosuite.runtime.classhandling.ClassResetter.getInstance().setClassLoader(ArithmeticBytecodeExpression_4_tmp__ESTest_scaffolding.class.getClassLoader()); 
195: 
196:     org.evosuite.runtime.classhandling.ClassStateSupport.resetClasses(
197:       "com.facebook.presto.bytecode.expression.BytecodeExpression",
198:       "com.facebook.presto.bytecode.expression.ArithmeticBytecodeExpression",
199:       "com.google.common.collect.ImmutableMap",
200:       "com.google.common.collect.ImmutableMap$Builder",
201:       "com.google.common.collect.CollectPreconditions",
202:       "com.google.common.collect.ImmutableCollection$Builder",
203:       "com.google.common.collect.RegularImmutableMap",
204:       "com.google.common.base.Preconditions",
205:       "com.google.common.collect.AbstractMapEntry",
206:       "com.google.common.collect.ImmutableEntry",
207:       "com.google.common.collect.ImmutableMapEntry",
208:       "com.google.common.collect.Hashing",
209:       "com.google.common.collect.ImmutableMapEntry$NonTerminalImmutableMapEntry",
210:       "com.facebook.presto.bytecode.OpCode",
211:       "com.facebook.presto.bytecode.expression.ArithmeticBytecodeExpression$1",
212:       "com.google.common.collect.ImmutableCollection",
213:       "com.google.common.collect.ImmutableList",
214:       "com.google.common.collect.RegularImmutableList",
215:       "com.facebook.presto.bytecode.Variable",
216:       "com.facebook.presto.bytecode.Parameter",
217:       "com.facebook.presto.bytecode.ParameterizedType",
218:       "com.facebook.presto.bytecode.expression.InstanceOfBytecodeExpression",
219:       "com.google.common.base.Strings",
220:       "com.facebook.presto.bytecode.expression.ArrayLengthBytecodeExpression",
221:       "com.facebook.presto.bytecode.expression.CastBytecodeExpression",
222:       "com.facebook.presto.bytecode.BytecodeBlock",
223:       "com.facebook.presto.bytecode.expression.CastBytecodeExpression$TypeKind",
224:       "com.facebook.presto.bytecode.expression.CastBytecodeExpression$1",
225:       "com.facebook.presto.bytecode.instruction.TypeInstruction",
226:       "com.facebook.presto.bytecode.Variable$SetVariableBytecodeExpression",
227:       "com.facebook.presto.bytecode.expression.BytecodeExpressions",
228:       "com.facebook.presto.bytecode.expression.ConstantBytecodeExpression",
229:       "com.facebook.presto.bytecode.instruction.Constant",
230:       "com.facebook.presto.bytecode.instruction.Constant$IntConstant",
231:       "com.facebook.presto.bytecode.expression.PopBytecodeExpression",
232:       "com.facebook.presto.bytecode.expression.ComparisonBytecodeExpression",
233:       "org.objectweb.asm.Type",
234:       "com.google.common.collect.ImmutableList$Builder",
235:       "com.facebook.presto.bytecode.ClassDefinition",
236:       "com.google.common.collect.ObjectArrays",
237:       "com.facebook.presto.bytecode.MethodDefinition",
238:       "com.google.common.collect.SingletonImmutableList",
239:       "com.google.common.collect.Iterators",
240:       "com.google.common.collect.UnmodifiableIterator",
241:       "com.google.common.collect.Iterators$9",
242:       "com.google.common.collect.Iterables",
243:       "com.google.common.collect.Lists",
244:       "com.google.common.collect.Lists$TransformingRandomAccessList",
245:       "com.google.common.collect.FluentIterable",
246:       "com.google.common.collect.Iterables$5",
247:       "com.google.common.base.Optional",
248:       "com.google.common.base.Absent",
249:       "com.google.common.collect.UnmodifiableListIterator",
250:       "com.google.common.collect.AbstractIndexedListIterator",
251:       "com.google.common.collect.Iterators$ArrayItr",
252:       "com.google.common.collect.TransformedIterator",
253:       "com.google.common.collect.Iterators$6",
254:       "com.facebook.presto.bytecode.Scope",
255:       "com.facebook.presto.bytecode.expression.NewInstanceBytecodeExpression",
256:       "com.facebook.presto.bytecode.expression.InlineIfBytecodeExpression",
257:       "com.facebook.presto.bytecode.expression.NewArrayBytecodeExpression",
258:       "com.facebook.presto.bytecode.expression.GetElementBytecodeExpression",
259:       "com.facebook.presto.bytecode.expression.SetFieldBytecodeExpression",
260:       "com.facebook.presto.bytecode.expression.InvokeBytecodeExpression",
261:       "com.facebook.presto.bytecode.instruction.Constant$NullConstant",
262:       "com.facebook.presto.bytecode.expression.NotBytecodeExpression",
263:       "com.facebook.presto.bytecode.instruction.Constant$ClassConstant",
264:       "org.objectweb.asm.MethodVisitor",
265:       "org.objectweb.asm.tree.MethodNode",
266:       "com.facebook.presto.bytecode.instruction.Constant$BoxedIntegerConstant",
267:       "com.facebook.presto.bytecode.expression.SetArrayElementBytecodeExpression",
268:       "com.facebook.presto.bytecode.expression.GetFieldBytecodeExpression",
269:       "com.facebook.presto.bytecode.instruction.Constant$FloatConstant",
270:       "com.facebook.presto.bytecode.instruction.Constant$StringConstant",
271:       "com.facebook.presto.bytecode.expression.AndBytecodeExpression",
272:       "com.facebook.presto.bytecode.instruction.Constant$LongConstant",
273:       "com.facebook.presto.bytecode.instruction.Constant$BoxedBooleanConstant",
274:       "com.facebook.presto.bytecode.BytecodeVisitor",
275:       "com.facebook.presto.bytecode.instruction.InvokeInstruction",
276:       "com.google.common.base.CharMatcher",
277:       "com.google.common.base.CharMatcher$AnyOf",
278:       "com.facebook.presto.bytecode.instruction.Constant$BoxedFloatConstant",
279:       "com.facebook.presto.bytecode.expression.NegateBytecodeExpression",
280:       "org.objectweb.asm.tree.InsnList",
281:       "com.facebook.presto.bytecode.MethodGenerationContext",
282:       "com.facebook.presto.bytecode.instruction.VariableInstruction",
283:       "com.facebook.presto.bytecode.instruction.VariableInstruction$LoadVariableInstruction",
284:       "com.facebook.presto.bytecode.expression.ReturnBytecodeExpression",
285:       "org.objectweb.asm.ClassVisitor",
286:       "org.objectweb.asm.ClassWriter",
287:       "org.objectweb.asm.SymbolTable",
288:       "org.objectweb.asm.ByteVector",
289:       "org.objectweb.asm.Symbol",
290:       "org.objectweb.asm.SymbolTable$Entry",
291:       "org.objectweb.asm.MethodWriter",
292:       "org.objectweb.asm.Label",
293:       "org.objectweb.asm.Frame",
294:       "com.facebook.presto.bytecode.control.ForLoop",
295:       "com.facebook.presto.bytecode.instruction.LabelNode",
296:       "com.facebook.presto.bytecode.expression.OrBytecodeExpression",
297:       "org.objectweb.asm.util.Printer",
298:       "org.objectweb.asm.util.Textifier",
299:       "org.objectweb.asm.util.TraceMethodVisitor",
300:       "org.objectweb.asm.tree.AbstractInsnNode",
301:       "org.objectweb.asm.tree.InsnNode",
302:       "com.facebook.presto.bytecode.control.WhileLoop",
303:       "com.facebook.presto.bytecode.instruction.JumpInstruction",
304:       "org.objectweb.asm.tree.Util",
305:       "org.objectweb.asm.util.CheckMethodAdapter$Method",
306:       "org.objectweb.asm.util.CheckMethodAdapter",
307:       "org.objectweb.asm.util.CheckMethodAdapter$1",
308:       "com.facebook.presto.bytecode.FieldDefinition",
309:       "com.google.common.collect.Sets",
310:       "com.google.common.collect.ImmutableSet",
311:       "com.google.common.collect.ImmutableEnumSet",
312:       "com.google.common.collect.RegularImmutableSet",
313:       "com.facebook.presto.bytecode.instruction.Constant$BooleanConstant",
314:       "com.facebook.presto.bytecode.instruction.Constant$BoxedDoubleConstant",
315:       "com.facebook.presto.bytecode.control.DoWhileLoop",
316:       "org.objectweb.asm.ClassReader",
317:       "com.facebook.presto.bytecode.expression.InvokeDynamicBytecodeExpression",
318:       "org.objectweb.asm.util.ASMifier",
319:       "com.facebook.presto.bytecode.Binding",
320:       "com.facebook.presto.bytecode.StaticTypeBytecodeExpression",
321:       "com.google.common.collect.SingletonImmutableSet",
322:       "org.objectweb.asm.ModuleVisitor",
323:       "org.objectweb.asm.ModuleWriter",
324:       "com.google.common.collect.ImmutableSet$Builder",
325:       "com.google.common.collect.ImmutableSet$SetBuilderImpl",
326:       "com.google.common.collect.ImmutableSet$RegularSetBuilderImpl",
327:       "com.google.common.math.IntMath",
328:       "com.google.common.math.MathPreconditions",
329:       "com.google.common.math.IntMath$1",
330:       "com.google.common.primitives.Primitives",
331:       "com.facebook.presto.bytecode.AnnotationDefinition",
332:       "com.google.common.base.Joiner",
333:       "com.google.common.collect.FluentIterable$3",
334:       "com.google.common.collect.FluentIterable$3$1",
335:       "com.google.common.collect.Iterators$ConcatenatedIterator",
336:       "com.facebook.presto.bytecode.instruction.Constant$DoubleConstant",
337:       "com.facebook.presto.bytecode.instruction.Constant$BoxedLongConstant",
338:       "com.facebook.presto.bytecode.instruction.FieldInstruction",
339:       "com.facebook.presto.bytecode.instruction.FieldInstruction$GetFieldInstruction",
340:       "org.objectweb.asm.tree.FieldInsnNode",
341:       "com.google.common.primitives.Ints",
342:       "org.objectweb.asm.tree.LabelNode",
343:       "org.objectweb.asm.TypePath",
344:       "com.google.common.base.MoreObjects",
345:       "com.google.common.base.MoreObjects$ToStringHelper",
346:       "com.google.common.base.MoreObjects$ToStringHelper$ValueHolder",
347:       "org.objectweb.asm.TypeReference",
348:       "org.objectweb.asm.signature.SignatureVisitor",
349:       "org.objectweb.asm.util.TraceSignatureVisitor",
350:       "org.objectweb.asm.signature.SignatureReader",
351:       "com.facebook.presto.bytecode.control.IfStatement",
352:       "com.facebook.presto.bytecode.debug.LineNumberNode",
353:       "com.facebook.presto.bytecode.Comment",
354:       "org.objectweb.asm.tree.LdcInsnNode",
355:       "com.google.common.collect.TransformedListIterator",
356:       "com.google.common.collect.Lists$TransformingRandomAccessList$1",
357:       "com.facebook.presto.bytecode.instruction.FieldInstruction$PutFieldInstruction"
358:     );
359:   }
360: }

[MASTER] 19:16:38.171 [pool-2-thread-1] ERROR JUnitAnalyzer - Failed to compile test case:
OpCode opCode0 = OpCode.IAND;
Class<Throwable> class0 = Class.class;
Parameter parameter0 = Parameter.arg("ZYkg", class0);
Class<Variable> class1 = Class.class;
BytecodeExpression bytecodeExpression0 = parameter0.instanceOf(class1);
ArithmeticBytecodeExpression.createArithmeticBytecodeExpression(opCode0, bytecodeExpression0, bytecodeExpression0);

