[MASTER] 19:30:12.134 [TEST_EXECUTION_THREAD_0] ERROR FunctionalMockStatement - Cannot use Mockito on interface java.util.Comparator due to IAE: 
Mockito cannot mock this class: interface java.util.Comparator.

Mockito can only mock non-private & non-final classes.
If you're not sure why you're getting this error, please report to the mailing list.


Java               : 1.8
JVM vendor name    : Private Build
JVM vendor version : 25.292-b10
JVM name           : OpenJDK 64-Bit Server VM
JVM version        : 1.8.0_292-8u292-b10-0ubuntu1~20.04-b10
JVM info           : mixed mode
OS name            : Linux
OS version         : 5.10.16.3-microsoft-standard-WSL2


Underlying exception : java.lang.IllegalArgumentException: Could not create type
[MASTER] 19:30:18.877 [TEST_EXECUTION_THREAD_1] ERROR FunctionalMockStatement - Cannot use Mockito on class org.objectweb.asm.MethodVisitor due to IAE: 
Mockito cannot mock this class: class org.objectweb.asm.MethodVisitor.

Mockito can only mock non-private & non-final classes.
If you're not sure why you're getting this error, please report to the mailing list.


Java               : 1.8
JVM vendor name    : Private Build
JVM vendor version : 25.292-b10
JVM name           : OpenJDK 64-Bit Server VM
JVM version        : 1.8.0_292-8u292-b10-0ubuntu1~20.04-b10
JVM info           : mixed mode
OS name            : Linux
OS version         : 5.10.16.3-microsoft-standard-WSL2


Underlying exception : java.lang.IllegalArgumentException: Could not create type
[MASTER] 19:30:19.330 [TEST_EXECUTION_THREAD_2] ERROR FunctionalMockStatement - Cannot use Mockito on class com.facebook.presto.bytecode.Variable due to IAE: 
Mockito cannot mock this class: class com.facebook.presto.bytecode.Variable.

Mockito can only mock non-private & non-final classes.
If you're not sure why you're getting this error, please report to the mailing list.


Java               : 1.8
JVM vendor name    : Private Build
JVM vendor version : 25.292-b10
JVM name           : OpenJDK 64-Bit Server VM
JVM version        : 1.8.0_292-8u292-b10-0ubuntu1~20.04-b10
JVM info           : mixed mode
OS name            : Linux
OS version         : 5.10.16.3-microsoft-standard-WSL2


Underlying exception : java.lang.IllegalArgumentException: Could not create type
[MASTER] 19:30:19.366 [TEST_EXECUTION_THREAD_2] ERROR FunctionalMockStatement - Cannot use Mockito on class com.facebook.presto.bytecode.Scope due to IAE: 
Mockito cannot mock this class: class com.facebook.presto.bytecode.Scope.

Mockito can only mock non-private & non-final classes.
If you're not sure why you're getting this error, please report to the mailing list.


Java               : 1.8
JVM vendor name    : Private Build
JVM vendor version : 25.292-b10
JVM name           : OpenJDK 64-Bit Server VM
JVM version        : 1.8.0_292-8u292-b10-0ubuntu1~20.04-b10
JVM info           : mixed mode
OS name            : Linux
OS version         : 5.10.16.3-microsoft-standard-WSL2


Underlying exception : java.lang.IllegalArgumentException: Could not create type
