* Starting client
* Connecting to master process on port 14428
* Analyzing classpath: 
  - /mnt/c/Users/Helen/Documents/DataScience18668/GroupProject/project/presto/presto-memory-context/target/classes
  - /home/helen/.m2/repository/com/google/code/findbugs/jsr305/3.0.2/jsr305-3.0.2.jar
  - /home/helen/.m2/repository/com/google/guava/guava/26.0-jre/guava-26.0-jre.jar
  - /home/helen/.m2/repository/org/checkerframework/checker-qual/2.5.2/checker-qual-2.5.2.jar
  - /home/helen/.m2/repository/com/google/errorprone/error_prone_annotations/2.1.3/error_prone_annotations-2.1.3.jar
  - /home/helen/.m2/repository/com/google/j2objc/j2objc-annotations/1.1/j2objc-annotations-1.1.jar
  - /home/helen/.m2/repository/org/codehaus/mojo/animal-sniffer-annotations/1.14/animal-sniffer-annotations-1.14.jar
  - /mnt/c/Users/Helen/Documents/DataScience18668/GroupProject/project/presto/presto-testng-services/target/classes
  - /home/helen/.m2/repository/com/facebook/airlift/log/0.201/log-0.201.jar
  - /home/helen/.m2/repository/com/facebook/airlift/concurrent/0.201/concurrent-0.201.jar
  - /home/helen/.m2/repository/com/facebook/airlift/testing/0.201/testing-0.201.jar
  - /home/helen/.m2/repository/javax/validation/validation-api/2.0.1.Final/validation-api-2.0.1.Final.jar
  - /home/helen/.m2/repository/org/apache/bval/bval-jsr/2.0.0/bval-jsr-2.0.0.jar
  - /home/helen/.m2/repository/io/airlift/units/1.3/units-1.3.jar
  - /home/helen/.m2/repository/org/testng/testng/6.10/testng-6.10.jar
  - /home/helen/.m2/repository/com/beust/jcommander/1.48/jcommander-1.48.jar
* Finished analyzing classpath
* Generating tests for class com.facebook.presto.memory.context.SimpleLocalMemoryContext
* Test criteria:
  - Line Coverage
  - Branch Coverage
  - Exception
  - Mutation testing (weak)
  - Method-Output Coverage
  - Top-Level Method Coverage
  - No-Exception Top-Level Method Coverage
  - Context Branch Coverage
* Setting up search algorithm for whole suite generation
[MASTER] 20:23:56.836 [pool-2-thread-1] WARN  TestSuiteSerialization - Cannot load tests because file does not exist: /mnt/c/Users/Helen/Documents/DataScience18668/GroupProject/project/presto/presto-memory-context/.evosuite/evosuite-seeds/com.facebook.presto.memory.context.SimpleLocalMemoryContext.seed
* Loaded 0 tests from /mnt/c/Users/Helen/Documents/DataScience18668/GroupProject/project/presto/presto-memory-context/.evosuite/evosuite-seeds/com.facebook.presto.memory.context.SimpleLocalMemoryContext.seed
* Total number of test goals: 
  - Line 44
  - Branch 29
  - Exception 0
  - MutationFactory 125
  - Output 14
  - Method 8
  - MethodNoException 8
  - CBranchFitnessFactory 29
* Using seed 1637295801114
* Starting evolution
[MASTER] 20:23:59.809 [pool-2-thread-1] WARN  TimeController - Phase INITIALIZATION lasted too long, 19 seconds more than allowed.
* Search finished after 125s and 4554 generations, 241619 statements, best individual has fitness: 308.4767441860465
* Writing sequences to pool
* Minimizing test suite
* Going to analyze the coverage criteria
* Coverage analysis for criterion LINE
* Coverage of criterion LINE: 5%
* Total number of goals: 44
* Number of covered goals: 2
* Coverage analysis for criterion BRANCH
* Coverage of criterion BRANCH: 3%
* Total number of goals: 29
* Number of covered goals: 1
* Coverage analysis for criterion EXCEPTION
* Coverage of criterion EXCEPTION: 100%
* Total number of goals: 1
* Number of covered goals: 1
* Coverage analysis for criterion WEAKMUTATION
* Coverage of criterion WEAKMUTATION: 0%
* Total number of goals: 125
* Number of covered goals: 0
* Coverage analysis for criterion OUTPUT
* Coverage of criterion OUTPUT: 0%
* Total number of goals: 14
* Number of covered goals: 0
* Coverage analysis for criterion METHOD
* Coverage of criterion METHOD: 12%
* Total number of goals: 8
* Number of covered goals: 1
* Coverage analysis for criterion METHODNOEXCEPTION
* Coverage of criterion METHODNOEXCEPTION: 0%
* Total number of goals: 8
* Number of covered goals: 0
* Coverage analysis for criterion CBRANCH
* Coverage of criterion CBRANCH: 3%
* Total number of goals: 29
* Number of covered goals: 1
* Generated 1 tests with total length 1
* Resulting test suite's coverage: 15% (average coverage for all fitness functions)
* Generating assertions
* Resulting test suite's mutation score: 0%
* Compiling and checking tests
[MASTER] 20:26:49.240 [pool-2-thread-1] WARN  TestSuiteGenerator - JUnit checking timed out
[MASTER] 20:26:49.241 [pool-2-thread-1] WARN  TimeController - Phase JUNIT_CHECK lasted too long, 24 seconds more than allowed.
* Writing JUnit test case 'SimpleLocalMemoryContext_ESTest' to /mnt/c/Users/Helen/Documents/DataScience18668/GroupProject/project/presto/presto-memory-context/.evosuite/tmp_2021_11_18_20_23_18/tests
* Done!

