[MASTER] 20:44:14.501 [TEST_EXECUTION_THREAD_0] ERROR FunctionalMockStatement - Failed to use Mockito on class com.facebook.presto.spi.plan.PlanNodeId: null
[MASTER] 20:44:23.326 [TEST_EXECUTION_THREAD_1] ERROR FunctionalMockStatement - Cannot use Mockito on class com.facebook.presto.spi.plan.PlanNodeId due to IAE: 
Mockito cannot mock this class: class com.facebook.presto.spi.plan.PlanNodeId.

Mockito can only mock non-private & non-final classes.
If you're not sure why you're getting this error, please report to the mailing list.


Java               : 1.8
JVM vendor name    : Private Build
JVM vendor version : 25.292-b10
JVM name           : OpenJDK 64-Bit Server VM
JVM version        : 1.8.0_292-8u292-b10-0ubuntu1~20.04-b10
JVM info           : mixed mode
OS name            : Linux
OS version         : 5.10.16.3-microsoft-standard-WSL2


Underlying exception : java.lang.IllegalArgumentException: Could not create type
[MASTER] 20:44:33.452 [TEST_EXECUTION_THREAD_3] ERROR FunctionalMockStatement - Cannot use Mockito on class com.facebook.presto.spi.plan.PlanNode due to IAE: 
Mockito cannot mock this class: class com.facebook.presto.spi.plan.PlanNode.

Mockito can only mock non-private & non-final classes.
If you're not sure why you're getting this error, please report to the mailing list.


Java               : 1.8
JVM vendor name    : Private Build
JVM vendor version : 25.292-b10
JVM name           : OpenJDK 64-Bit Server VM
JVM version        : 1.8.0_292-8u292-b10-0ubuntu1~20.04-b10
JVM info           : mixed mode
OS name            : Linux
OS version         : 5.10.16.3-microsoft-standard-WSL2


Underlying exception : java.lang.IllegalArgumentException: Could not create type
[MASTER] 20:44:35.388 [TEST_EXECUTION_THREAD_3] ERROR FunctionalMockStatement - Cannot use Mockito on class com.facebook.presto.spi.relation.CallExpression due to IAE: 
Mockito cannot mock this class: class com.facebook.presto.spi.relation.CallExpression.

Mockito can only mock non-private & non-final classes.
If you're not sure why you're getting this error, please report to the mailing list.


Java               : 1.8
JVM vendor name    : Private Build
JVM vendor version : 25.292-b10
JVM name           : OpenJDK 64-Bit Server VM
JVM version        : 1.8.0_292-8u292-b10-0ubuntu1~20.04-b10
JVM info           : mixed mode
OS name            : Linux
OS version         : 5.10.16.3-microsoft-standard-WSL2


Underlying exception : java.lang.IllegalArgumentException: Could not create type
[MASTER] 20:45:36.349 [pool-2-thread-1] ERROR TestCluster - Failed to check cache for java.util.HashMap<K, V> : Type points to itself
[MASTER] 20:45:39.820 [pool-2-thread-1] ERROR TestCluster - Failed to check cache for java.util.List<E> : Type points to itself
[MASTER] 20:45:45.387 [TEST_EXECUTION_THREAD_3] ERROR FunctionalMockStatement - Cannot use Mockito on class java.lang.invoke.MethodHandle due to IAE: 
Mockito cannot mock this class: class java.lang.invoke.MethodHandle.

Mockito can only mock non-private & non-final classes.
If you're not sure why you're getting this error, please report to the mailing list.


Java               : 1.8
JVM vendor name    : Private Build
JVM vendor version : 25.292-b10
JVM name           : OpenJDK 64-Bit Server VM
JVM version        : 1.8.0_292-8u292-b10-0ubuntu1~20.04-b10
JVM info           : mixed mode
OS name            : Linux
OS version         : 5.10.16.3-microsoft-standard-WSL2


Underlying exception : java.lang.IllegalArgumentException: Could not create type
[MASTER] 20:45:46.037 [TEST_EXECUTION_THREAD_3] ERROR FunctionalMockStatement - Cannot use Mockito on class com.facebook.presto.common.block.BlockBuilderStatus due to IAE: 
Mockito cannot mock this class: class com.facebook.presto.common.block.BlockBuilderStatus.

Mockito can only mock non-private & non-final classes.
If you're not sure why you're getting this error, please report to the mailing list.


Java               : 1.8
JVM vendor name    : Private Build
JVM vendor version : 25.292-b10
JVM name           : OpenJDK 64-Bit Server VM
JVM version        : 1.8.0_292-8u292-b10-0ubuntu1~20.04-b10
JVM info           : mixed mode
OS name            : Linux
OS version         : 5.10.16.3-microsoft-standard-WSL2


Underlying exception : java.lang.IllegalArgumentException: Could not create type
[MASTER] 20:46:13.920 [TEST_EXECUTION_THREAD_3] ERROR FunctionalMockStatement - Cannot use Mockito on class com.facebook.presto.common.function.SqlFunctionProperties due to IAE: 
Mockito cannot mock this class: class com.facebook.presto.common.function.SqlFunctionProperties.

Mockito can only mock non-private & non-final classes.
If you're not sure why you're getting this error, please report to the mailing list.


Java               : 1.8
JVM vendor name    : Private Build
JVM vendor version : 25.292-b10
JVM name           : OpenJDK 64-Bit Server VM
JVM version        : 1.8.0_292-8u292-b10-0ubuntu1~20.04-b10
JVM info           : mixed mode
OS name            : Linux
OS version         : 5.10.16.3-microsoft-standard-WSL2


Underlying exception : java.lang.IllegalArgumentException: Could not create type
[MASTER] 20:46:39.971 [TEST_EXECUTION_THREAD_3] ERROR FunctionalMockStatement - Cannot use Mockito on class com.facebook.presto.common.type.RowFieldName due to IAE: 
Mockito cannot mock this class: class com.facebook.presto.common.type.RowFieldName.

Mockito can only mock non-private & non-final classes.
If you're not sure why you're getting this error, please report to the mailing list.


Java               : 1.8
JVM vendor name    : Private Build
JVM vendor version : 25.292-b10
JVM name           : OpenJDK 64-Bit Server VM
JVM version        : 1.8.0_292-8u292-b10-0ubuntu1~20.04-b10
JVM info           : mixed mode
OS name            : Linux
OS version         : 5.10.16.3-microsoft-standard-WSL2


Underlying exception : java.lang.IllegalArgumentException: Could not create type
[MASTER] 20:46:53.772 [TEST_EXECUTION_THREAD_3] ERROR FunctionalMockStatement - Cannot use Mockito on interface java.util.function.BiFunction due to IAE: 
Mockito cannot mock this class: interface java.util.function.BiFunction.

Mockito can only mock non-private & non-final classes.
If you're not sure why you're getting this error, please report to the mailing list.


Java               : 1.8
JVM vendor name    : Private Build
JVM vendor version : 25.292-b10
JVM name           : OpenJDK 64-Bit Server VM
JVM version        : 1.8.0_292-8u292-b10-0ubuntu1~20.04-b10
JVM info           : mixed mode
OS name            : Linux
OS version         : 5.10.16.3-microsoft-standard-WSL2


Underlying exception : java.lang.IllegalArgumentException: Could not create type
[MASTER] 20:47:04.132 [TEST_EXECUTION_THREAD_3] ERROR FunctionalMockStatement - Cannot use Mockito on interface com.google.common.base.Function due to IAE: 
Mockito cannot mock this class: interface com.google.common.base.Function.

Mockito can only mock non-private & non-final classes.
If you're not sure why you're getting this error, please report to the mailing list.


Java               : 1.8
JVM vendor name    : Private Build
JVM vendor version : 25.292-b10
JVM name           : OpenJDK 64-Bit Server VM
JVM version        : 1.8.0_292-8u292-b10-0ubuntu1~20.04-b10
JVM info           : mixed mode
OS name            : Linux
OS version         : 5.10.16.3-microsoft-standard-WSL2


Underlying exception : java.lang.IllegalArgumentException: Could not create type
