* Starting client
* Connecting to master process on port 19049
* Analyzing classpath: 
  - /mnt/c/Users/Helen/Documents/DataScience18668/GroupProject/project/presto/presto-spark-launcher/target/classes
  - /mnt/c/Users/Helen/Documents/DataScience18668/GroupProject/project/presto/presto-spark-classloader-interface/target/classes
  - /home/helen/.m2/repository/com/google/guava/guava/26.0-jre/guava-26.0-jre.jar
  - /home/helen/.m2/repository/com/google/code/findbugs/jsr305/3.0.2/jsr305-3.0.2.jar
  - /home/helen/.m2/repository/org/checkerframework/checker-qual/2.5.2/checker-qual-2.5.2.jar
  - /home/helen/.m2/repository/com/google/errorprone/error_prone_annotations/2.1.3/error_prone_annotations-2.1.3.jar
  - /home/helen/.m2/repository/com/google/j2objc/j2objc-annotations/1.1/j2objc-annotations-1.1.jar
  - /home/helen/.m2/repository/org/codehaus/mojo/animal-sniffer-annotations/1.14/animal-sniffer-annotations-1.14.jar
  - /home/helen/.m2/repository/javax/inject/javax.inject/1/javax.inject-1.jar
  - /home/helen/.m2/repository/io/airlift/airline/0.8/airline-0.8.jar
  - /home/helen/.m2/repository/org/apache/commons/commons-compress/1.19/commons-compress-1.19.jar
  - /home/helen/.m2/repository/com/facebook/presto/spark/spark-core/2.0.2-6/spark-core-2.0.2-6.jar
* Finished analyzing classpath
* Generating tests for class com.facebook.presto.spark.launcher.PrestoSparkLoader
* Test criteria:
  - Line Coverage
  - Branch Coverage
  - Exception
  - Mutation testing (weak)
  - Method-Output Coverage
  - Top-Level Method Coverage
  - No-Exception Top-Level Method Coverage
  - Context Branch Coverage
* Setting up search algorithm for whole suite generation
[MASTER] 20:33:46.685 [pool-2-thread-1] WARN  TestSuiteSerialization - Cannot load tests because file does not exist: /mnt/c/Users/Helen/Documents/DataScience18668/GroupProject/project/presto/presto-spark-launcher/.evosuite/evosuite-seeds/com.facebook.presto.spark.launcher.PrestoSparkLoader.seed
* Loaded 0 tests from /mnt/c/Users/Helen/Documents/DataScience18668/GroupProject/project/presto/presto-spark-launcher/.evosuite/evosuite-seeds/com.facebook.presto.spark.launcher.PrestoSparkLoader.seed
* Total number of test goals: 
  - Line 34
  - Branch 15
  - Exception 0
  - MutationFactory 28
  - Output 25
  - Method 4
  - MethodNoException 4
  - CBranchFitnessFactory 15
* Using seed 1637296362774
* Starting evolution
[MASTER] 20:33:54.021 [pool-2-thread-1] WARN  TimeController - Phase INITIALIZATION lasted too long, 60 seconds more than allowed.
[MASTER] 20:33:54.021 [pool-2-thread-1] WARN  TimeController - Current phase SEARCH could run up to 65s, but only 53s are left
