* Starting client
* Connecting to master process on port 10956
* Analyzing classpath: 
  - /mnt/c/Users/Helen/Documents/DataScience18668/GroupProject/project/presto/presto-spark-classloader-interface/target/classes
  - /home/helen/.m2/repository/com/facebook/presto/spark/spark-core/2.0.2-6/spark-core-2.0.2-6.jar
* Finished analyzing classpath
* Generating tests for class com.facebook.presto.spark.classloader_interface.ScalaUtils
* Test criteria:
  - Line Coverage
  - Branch Coverage
  - Exception
  - Mutation testing (weak)
  - Method-Output Coverage
  - Top-Level Method Coverage
  - No-Exception Top-Level Method Coverage
  - Context Branch Coverage
* Setting up search algorithm for whole suite generation
* Loaded 4 tests from /mnt/c/Users/Helen/Documents/DataScience18668/GroupProject/project/presto/presto-spark-classloader-interface/.evosuite/evosuite-seeds/com.facebook.presto.spark.classloader_interface.ScalaUtils.seed
* Total number of test goals: 
  - Line 8
  - Branch 6
  - Exception 0
  - MutationFactory 2
  - Output 8
  - Method 2
  - MethodNoException 2
  - CBranchFitnessFactory 6
* Using seed 1637274470850
* Starting evolution
[MASTER] 14:28:07.021 [pool-2-thread-1] WARN  TimeController - Phase INITIALIZATION lasted too long, 4 seconds more than allowed.
* Search finished after 73s and 4064 generations, 646122 statements, best individual has fitness: 14.75
* Writing sequences to pool
* Minimizing test suite
* Going to analyze the coverage criteria
* Coverage analysis for criterion LINE
* Coverage of criterion LINE: 62%
* Total number of goals: 8
* Number of covered goals: 5
* Coverage analysis for criterion BRANCH
* Coverage of criterion BRANCH: 67%
* Total number of goals: 6
* Number of covered goals: 4
* Coverage analysis for criterion EXCEPTION
* Coverage of criterion EXCEPTION: 100%
* Total number of goals: 1
* Number of covered goals: 1
* Coverage analysis for criterion WEAKMUTATION
* Coverage of criterion WEAKMUTATION: 100%
* Total number of goals: 2
* Number of covered goals: 2
* Coverage analysis for criterion OUTPUT
* Coverage of criterion OUTPUT: 12%
* Total number of goals: 8
* Number of covered goals: 1
* Coverage analysis for criterion METHOD
* Coverage of criterion METHOD: 100%
* Total number of goals: 2
* Number of covered goals: 2
* Coverage analysis for criterion METHODNOEXCEPTION
* Coverage of criterion METHODNOEXCEPTION: 100%
* Total number of goals: 2
* Number of covered goals: 2
* Coverage analysis for criterion CBRANCH
* Coverage of criterion CBRANCH: 67%
* Total number of goals: 6
* Number of covered goals: 4
* Generated 2 tests with total length 3
* Resulting test suite's coverage: 76% (average coverage for all fitness functions)
* Generating assertions
* Resulting test suite's mutation score: 100%
* Compiling and checking tests
* Writing JUnit test case 'ScalaUtils_ESTest' to /mnt/c/Users/Helen/Documents/DataScience18668/GroupProject/project/presto/presto-spark-classloader-interface/.evosuite/tmp_2021_11_18_14_24_49/tests
* Done!

