[MASTER] 14:25:33.070 [pool-2-thread-1] ERROR ConcreteClassAnalyzer - Problem for com.facebook.presto.spark.classloader_interface.PrestoSparkPartitioner. Class not found: org.apache.spark.rdd.BinaryFileRDD
java.lang.ClassNotFoundException: org/apache/spark/rdd/NewHadoopRDD
	at org.evosuite.instrumentation.InstrumentingClassLoader.instrumentClass(InstrumentingClassLoader.java:201) ~[evosuite-master-1.0.6.jar:1.0.6]
	at org.evosuite.instrumentation.InstrumentingClassLoader.loadClass(InstrumentingClassLoader.java:168) ~[evosuite-master-1.0.6.jar:1.0.6]
	at java.lang.Class.forName0(Native Method) ~[na:1.8.0_292]
	at java.lang.Class.forName(Class.java:348) ~[na:1.8.0_292]
	at org.evosuite.setup.ConcreteClassAnalyzer.getConcreteClassesImpl(ConcreteClassAnalyzer.java:130) [evosuite-master-1.0.6.jar:1.0.6]
	at org.evosuite.setup.ConcreteClassAnalyzer.getConcreteClasses(ConcreteClassAnalyzer.java:61) [evosuite-master-1.0.6.jar:1.0.6]
	at org.evosuite.setup.TestClusterGenerator.addDependency(TestClusterGenerator.java:878) [evosuite-master-1.0.6.jar:1.0.6]
	at org.evosuite.setup.TestClusterGenerator.addDependencies(TestClusterGenerator.java:789) [evosuite-master-1.0.6.jar:1.0.6]
	at org.evosuite.setup.TestClusterGenerator.initializeTargetMethods(TestClusterGenerator.java:546) [evosuite-master-1.0.6.jar:1.0.6]
	at org.evosuite.setup.TestClusterGenerator.generateCluster(TestClusterGenerator.java:134) [evosuite-master-1.0.6.jar:1.0.6]
	at org.evosuite.setup.DependencyAnalysis.analyze(DependencyAnalysis.java:118) [evosuite-master-1.0.6.jar:1.0.6]
	at org.evosuite.setup.DependencyAnalysis.analyzeClass(DependencyAnalysis.java:132) [evosuite-master-1.0.6.jar:1.0.6]
	at org.evosuite.TestSuiteGenerator.initializeTargetClass(TestSuiteGenerator.java:110) [evosuite-master-1.0.6.jar:1.0.6]
	at org.evosuite.TestSuiteGenerator.generateTestSuite(TestSuiteGenerator.java:130) [evosuite-master-1.0.6.jar:1.0.6]
	at org.evosuite.rmi.service.ClientNodeImpl$1.run(ClientNodeImpl.java:145) [evosuite-master-1.0.6.jar:1.0.6]
	at java.util.concurrent.Executors$RunnableAdapter.call(Executors.java:511) [na:1.8.0_292]
	at java.util.concurrent.FutureTask.run(FutureTask.java:266) [na:1.8.0_292]
	at java.util.concurrent.ThreadPoolExecutor.runWorker(ThreadPoolExecutor.java:1149) [na:1.8.0_292]
	at java.util.concurrent.ThreadPoolExecutor$Worker.run(ThreadPoolExecutor.java:624) [na:1.8.0_292]
	at java.lang.Thread.run(Thread.java:748) [na:1.8.0_292]
Caused by: java.lang.NoClassDefFoundError: org/apache/spark/rdd/NewHadoopRDD
	at java.lang.ClassLoader.defineClass1(Native Method) ~[na:1.8.0_292]
	at java.lang.ClassLoader.defineClass(ClassLoader.java:756) ~[na:1.8.0_292]
	at java.lang.ClassLoader.defineClass(ClassLoader.java:635) ~[na:1.8.0_292]
	at org.evosuite.instrumentation.InstrumentingClassLoader.instrumentClass(InstrumentingClassLoader.java:194) ~[evosuite-master-1.0.6.jar:1.0.6]
	... 19 common frames omitted
Caused by: java.lang.ClassNotFoundException: Class not found: org/apache/hadoop/mapred/JobConf: java.lang.NullPointerException: Class not found org/apache/hadoop/mapred/JobConf
	at org.evosuite.instrumentation.InstrumentingClassLoader.instrumentClass(InstrumentingClassLoader.java:201) ~[evosuite-master-1.0.6.jar:1.0.6]
	at org.evosuite.instrumentation.InstrumentingClassLoader.loadClass(InstrumentingClassLoader.java:168) ~[evosuite-master-1.0.6.jar:1.0.6]
	... 23 common frames omitted
Caused by: java.lang.RuntimeException: Class not found: org/apache/hadoop/mapred/JobConf: java.lang.NullPointerException: Class not found org/apache/hadoop/mapred/JobConf
	at org.evosuite.runtime.util.ComputeClassWriter.getCommonSuperClass(ComputeClassWriter.java:52) ~[evosuite-master-1.0.6.jar:1.0.6]
	at org.evosuite.shaded.org.objectweb.asm.ClassWriter.getMergedType(ClassWriter.java:1729) ~[evosuite-master-1.0.6.jar:1.0.6]
	at org.evosuite.shaded.org.objectweb.asm.Frame.merge(Frame.java:1530) ~[evosuite-master-1.0.6.jar:1.0.6]
	at org.evosuite.shaded.org.objectweb.asm.Frame.merge(Frame.java:1478) ~[evosuite-master-1.0.6.jar:1.0.6]
	at org.evosuite.shaded.org.objectweb.asm.MethodWriter.visitMaxs(MethodWriter.java:1497) ~[evosuite-master-1.0.6.jar:1.0.6]
	at org.evosuite.shaded.org.objectweb.asm.MethodVisitor.visitMaxs(MethodVisitor.java:867) ~[evosuite-master-1.0.6.jar:1.0.6]
	at org.evosuite.shaded.org.objectweb.asm.MethodVisitor.visitMaxs(MethodVisitor.java:867) ~[evosuite-master-1.0.6.jar:1.0.6]
	at org.evosuite.shaded.org.objectweb.asm.MethodVisitor.visitMaxs(MethodVisitor.java:867) ~[evosuite-master-1.0.6.jar:1.0.6]
	at org.evosuite.runtime.instrumentation.LoopCounterMethodAdapter.visitMaxs(LoopCounterMethodAdapter.java:48) ~[evosuite-master-1.0.6.jar:1.0.6]
	at org.evosuite.shaded.org.objectweb.asm.tree.MethodNode.accept(MethodNode.java:835) ~[evosuite-master-1.0.6.jar:1.0.6]
	at org.evosuite.shaded.org.objectweb.asm.commons.JSRInlinerAdapter.visitEnd(JSRInlinerAdapter.java:187) ~[evosuite-master-1.0.6.jar:1.0.6]
	at org.evosuite.shaded.org.objectweb.asm.MethodVisitor.visitEnd(MethodVisitor.java:878) ~[evosuite-master-1.0.6.jar:1.0.6]
	at org.evosuite.shaded.org.objectweb.asm.MethodVisitor.visitEnd(MethodVisitor.java:878) ~[evosuite-master-1.0.6.jar:1.0.6]
	at org.evosuite.shaded.org.objectweb.asm.MethodVisitor.visitEnd(MethodVisitor.java:878) ~[evosuite-master-1.0.6.jar:1.0.6]
	at org.evosuite.shaded.org.objectweb.asm.ClassReader.readMethod(ClassReader.java:1130) ~[evosuite-master-1.0.6.jar:1.0.6]
	at org.evosuite.shaded.org.objectweb.asm.ClassReader.accept(ClassReader.java:698) ~[evosuite-master-1.0.6.jar:1.0.6]
	at org.evosuite.shaded.org.objectweb.asm.ClassReader.accept(ClassReader.java:500) ~[evosuite-master-1.0.6.jar:1.0.6]
	at org.evosuite.instrumentation.BytecodeInstrumentation.transformBytes(BytecodeInstrumentation.java:294) ~[evosuite-master-1.0.6.jar:1.0.6]
	at org.evosuite.instrumentation.InstrumentingClassLoader.getTransformedBytes(InstrumentingClassLoader.java:175) ~[evosuite-master-1.0.6.jar:1.0.6]
	at org.evosuite.instrumentation.InstrumentingClassLoader.instrumentClass(InstrumentingClassLoader.java:192) ~[evosuite-master-1.0.6.jar:1.0.6]
	... 24 common frames omitted
Caused by: java.lang.NullPointerException: Class not found org/apache/hadoop/mapred/JobConf
	at org.evosuite.runtime.util.ComputeClassWriter.typeInfo(ComputeClassWriter.java:186) ~[evosuite-master-1.0.6.jar:1.0.6]
	at org.evosuite.runtime.util.ComputeClassWriter.getCommonSuperClass(ComputeClassWriter.java:49) ~[evosuite-master-1.0.6.jar:1.0.6]
	... 43 common frames omitted
[MASTER] 14:25:33.070 [pool-2-thread-1] ERROR ConcreteClassAnalyzer - Removing class from inheritance tree
[MASTER] 14:25:33.443 [pool-2-thread-1] ERROR ConcreteClassAnalyzer - Problem for com.facebook.presto.spark.classloader_interface.PrestoSparkPartitioner. Class not found: org.apache.spark.rdd.NewHadoopRDD
java.lang.ClassNotFoundException: Class not found: org/apache/hadoop/mapred/JobConf: java.lang.NullPointerException: Class not found org/apache/hadoop/mapred/JobConf
	at org.evosuite.instrumentation.InstrumentingClassLoader.instrumentClass(InstrumentingClassLoader.java:201) ~[evosuite-master-1.0.6.jar:1.0.6]
	at org.evosuite.instrumentation.InstrumentingClassLoader.loadClass(InstrumentingClassLoader.java:168) ~[evosuite-master-1.0.6.jar:1.0.6]
	at java.lang.Class.forName0(Native Method) ~[na:1.8.0_292]
	at java.lang.Class.forName(Class.java:348) ~[na:1.8.0_292]
	at org.evosuite.setup.ConcreteClassAnalyzer.getConcreteClassesImpl(ConcreteClassAnalyzer.java:130) [evosuite-master-1.0.6.jar:1.0.6]
	at org.evosuite.setup.ConcreteClassAnalyzer.getConcreteClasses(ConcreteClassAnalyzer.java:61) [evosuite-master-1.0.6.jar:1.0.6]
	at org.evosuite.setup.TestClusterGenerator.addDependency(TestClusterGenerator.java:878) [evosuite-master-1.0.6.jar:1.0.6]
	at org.evosuite.setup.TestClusterGenerator.addDependencies(TestClusterGenerator.java:789) [evosuite-master-1.0.6.jar:1.0.6]
	at org.evosuite.setup.TestClusterGenerator.initializeTargetMethods(TestClusterGenerator.java:546) [evosuite-master-1.0.6.jar:1.0.6]
	at org.evosuite.setup.TestClusterGenerator.generateCluster(TestClusterGenerator.java:134) [evosuite-master-1.0.6.jar:1.0.6]
	at org.evosuite.setup.DependencyAnalysis.analyze(DependencyAnalysis.java:118) [evosuite-master-1.0.6.jar:1.0.6]
	at org.evosuite.setup.DependencyAnalysis.analyzeClass(DependencyAnalysis.java:132) [evosuite-master-1.0.6.jar:1.0.6]
	at org.evosuite.TestSuiteGenerator.initializeTargetClass(TestSuiteGenerator.java:110) [evosuite-master-1.0.6.jar:1.0.6]
	at org.evosuite.TestSuiteGenerator.generateTestSuite(TestSuiteGenerator.java:130) [evosuite-master-1.0.6.jar:1.0.6]
	at org.evosuite.rmi.service.ClientNodeImpl$1.run(ClientNodeImpl.java:145) [evosuite-master-1.0.6.jar:1.0.6]
	at java.util.concurrent.Executors$RunnableAdapter.call(Executors.java:511) [na:1.8.0_292]
	at java.util.concurrent.FutureTask.run(FutureTask.java:266) [na:1.8.0_292]
	at java.util.concurrent.ThreadPoolExecutor.runWorker(ThreadPoolExecutor.java:1149) [na:1.8.0_292]
	at java.util.concurrent.ThreadPoolExecutor$Worker.run(ThreadPoolExecutor.java:624) [na:1.8.0_292]
	at java.lang.Thread.run(Thread.java:748) [na:1.8.0_292]
Caused by: java.lang.RuntimeException: Class not found: org/apache/hadoop/mapred/JobConf: java.lang.NullPointerException: Class not found org/apache/hadoop/mapred/JobConf
	at org.evosuite.runtime.util.ComputeClassWriter.getCommonSuperClass(ComputeClassWriter.java:52) ~[evosuite-master-1.0.6.jar:1.0.6]
	at org.evosuite.shaded.org.objectweb.asm.ClassWriter.getMergedType(ClassWriter.java:1729) ~[evosuite-master-1.0.6.jar:1.0.6]
	at org.evosuite.shaded.org.objectweb.asm.Frame.merge(Frame.java:1530) ~[evosuite-master-1.0.6.jar:1.0.6]
	at org.evosuite.shaded.org.objectweb.asm.Frame.merge(Frame.java:1478) ~[evosuite-master-1.0.6.jar:1.0.6]
	at org.evosuite.shaded.org.objectweb.asm.MethodWriter.visitMaxs(MethodWriter.java:1497) ~[evosuite-master-1.0.6.jar:1.0.6]
	at org.evosuite.shaded.org.objectweb.asm.MethodVisitor.visitMaxs(MethodVisitor.java:867) ~[evosuite-master-1.0.6.jar:1.0.6]
	at org.evosuite.shaded.org.objectweb.asm.MethodVisitor.visitMaxs(MethodVisitor.java:867) ~[evosuite-master-1.0.6.jar:1.0.6]
	at org.evosuite.shaded.org.objectweb.asm.MethodVisitor.visitMaxs(MethodVisitor.java:867) ~[evosuite-master-1.0.6.jar:1.0.6]
	at org.evosuite.runtime.instrumentation.LoopCounterMethodAdapter.visitMaxs(LoopCounterMethodAdapter.java:48) ~[evosuite-master-1.0.6.jar:1.0.6]
	at org.evosuite.shaded.org.objectweb.asm.tree.MethodNode.accept(MethodNode.java:835) ~[evosuite-master-1.0.6.jar:1.0.6]
	at org.evosuite.shaded.org.objectweb.asm.commons.JSRInlinerAdapter.visitEnd(JSRInlinerAdapter.java:187) ~[evosuite-master-1.0.6.jar:1.0.6]
	at org.evosuite.shaded.org.objectweb.asm.MethodVisitor.visitEnd(MethodVisitor.java:878) ~[evosuite-master-1.0.6.jar:1.0.6]
	at org.evosuite.shaded.org.objectweb.asm.MethodVisitor.visitEnd(MethodVisitor.java:878) ~[evosuite-master-1.0.6.jar:1.0.6]
	at org.evosuite.shaded.org.objectweb.asm.MethodVisitor.visitEnd(MethodVisitor.java:878) ~[evosuite-master-1.0.6.jar:1.0.6]
	at org.evosuite.shaded.org.objectweb.asm.ClassReader.readMethod(ClassReader.java:1130) ~[evosuite-master-1.0.6.jar:1.0.6]
	at org.evosuite.shaded.org.objectweb.asm.ClassReader.accept(ClassReader.java:698) ~[evosuite-master-1.0.6.jar:1.0.6]
	at org.evosuite.shaded.org.objectweb.asm.ClassReader.accept(ClassReader.java:500) ~[evosuite-master-1.0.6.jar:1.0.6]
	at org.evosuite.instrumentation.BytecodeInstrumentation.transformBytes(BytecodeInstrumentation.java:294) ~[evosuite-master-1.0.6.jar:1.0.6]
	at org.evosuite.instrumentation.InstrumentingClassLoader.getTransformedBytes(InstrumentingClassLoader.java:175) ~[evosuite-master-1.0.6.jar:1.0.6]
	at org.evosuite.instrumentation.InstrumentingClassLoader.instrumentClass(InstrumentingClassLoader.java:192) ~[evosuite-master-1.0.6.jar:1.0.6]
	... 19 common frames omitted
Caused by: java.lang.NullPointerException: Class not found org/apache/hadoop/mapred/JobConf
	at org.evosuite.runtime.util.ComputeClassWriter.typeInfo(ComputeClassWriter.java:186) ~[evosuite-master-1.0.6.jar:1.0.6]
	at org.evosuite.runtime.util.ComputeClassWriter.getCommonSuperClass(ComputeClassWriter.java:49) ~[evosuite-master-1.0.6.jar:1.0.6]
	... 38 common frames omitted
[MASTER] 14:25:33.444 [pool-2-thread-1] ERROR ConcreteClassAnalyzer - Removing class from inheritance tree
[MASTER] 14:25:33.449 [pool-2-thread-1] ERROR ConcreteClassAnalyzer - Problem for com.facebook.presto.spark.classloader_interface.PrestoSparkPartitioner. Class not found: org.apache.spark.rdd.NewHadoopRDD$NewHadoopMapPartitionsWithSplitRDD
java.lang.NoClassDefFoundError: org/apache/spark/rdd/NewHadoopRDD
	at java.lang.Class.getDeclaringClass0(Native Method) ~[na:1.8.0_292]
	at java.lang.Class.getDeclaringClass(Class.java:1235) ~[na:1.8.0_292]
	at java.lang.Class.getEnclosingClass(Class.java:1277) ~[na:1.8.0_292]
	at java.lang.Class.getSimpleBinaryName(Class.java:1443) ~[na:1.8.0_292]
	at java.lang.Class.getSimpleName(Class.java:1309) ~[na:1.8.0_292]
	at java.lang.Class.isAnonymousClass(Class.java:1411) ~[na:1.8.0_292]
	at org.evosuite.setup.TestUsageChecker.canUse(TestUsageChecker.java:155) ~[evosuite-master-1.0.6.jar:1.0.6]
	at org.evosuite.setup.ConcreteClassAnalyzer.getConcreteClassesImpl(ConcreteClassAnalyzer.java:133) [evosuite-master-1.0.6.jar:1.0.6]
	at org.evosuite.setup.ConcreteClassAnalyzer.getConcreteClasses(ConcreteClassAnalyzer.java:61) [evosuite-master-1.0.6.jar:1.0.6]
	at org.evosuite.setup.TestClusterGenerator.addDependency(TestClusterGenerator.java:878) [evosuite-master-1.0.6.jar:1.0.6]
	at org.evosuite.setup.TestClusterGenerator.addDependencies(TestClusterGenerator.java:789) [evosuite-master-1.0.6.jar:1.0.6]
	at org.evosuite.setup.TestClusterGenerator.initializeTargetMethods(TestClusterGenerator.java:546) [evosuite-master-1.0.6.jar:1.0.6]
	at org.evosuite.setup.TestClusterGenerator.generateCluster(TestClusterGenerator.java:134) [evosuite-master-1.0.6.jar:1.0.6]
	at org.evosuite.setup.DependencyAnalysis.analyze(DependencyAnalysis.java:118) [evosuite-master-1.0.6.jar:1.0.6]
	at org.evosuite.setup.DependencyAnalysis.analyzeClass(DependencyAnalysis.java:132) [evosuite-master-1.0.6.jar:1.0.6]
	at org.evosuite.TestSuiteGenerator.initializeTargetClass(TestSuiteGenerator.java:110) [evosuite-master-1.0.6.jar:1.0.6]
	at org.evosuite.TestSuiteGenerator.generateTestSuite(TestSuiteGenerator.java:130) [evosuite-master-1.0.6.jar:1.0.6]
	at org.evosuite.rmi.service.ClientNodeImpl$1.run(ClientNodeImpl.java:145) [evosuite-master-1.0.6.jar:1.0.6]
	at java.util.concurrent.Executors$RunnableAdapter.call(Executors.java:511) [na:1.8.0_292]
	at java.util.concurrent.FutureTask.run(FutureTask.java:266) [na:1.8.0_292]
	at java.util.concurrent.ThreadPoolExecutor.runWorker(ThreadPoolExecutor.java:1149) [na:1.8.0_292]
	at java.util.concurrent.ThreadPoolExecutor$Worker.run(ThreadPoolExecutor.java:624) [na:1.8.0_292]
	at java.lang.Thread.run(Thread.java:748) [na:1.8.0_292]
Caused by: java.lang.ClassNotFoundException: Class not found: org/apache/hadoop/mapred/JobConf: java.lang.NullPointerException: Class not found org/apache/hadoop/mapred/JobConf
	at org.evosuite.instrumentation.InstrumentingClassLoader.instrumentClass(InstrumentingClassLoader.java:201) ~[evosuite-master-1.0.6.jar:1.0.6]
	at org.evosuite.instrumentation.InstrumentingClassLoader.loadClass(InstrumentingClassLoader.java:168) ~[evosuite-master-1.0.6.jar:1.0.6]
	... 23 common frames omitted
Caused by: java.lang.RuntimeException: Class not found: org/apache/hadoop/mapred/JobConf: java.lang.NullPointerException: Class not found org/apache/hadoop/mapred/JobConf
	at org.evosuite.runtime.util.ComputeClassWriter.getCommonSuperClass(ComputeClassWriter.java:52) ~[evosuite-master-1.0.6.jar:1.0.6]
	at org.evosuite.shaded.org.objectweb.asm.ClassWriter.getMergedType(ClassWriter.java:1729) ~[evosuite-master-1.0.6.jar:1.0.6]
	at org.evosuite.shaded.org.objectweb.asm.Frame.merge(Frame.java:1530) ~[evosuite-master-1.0.6.jar:1.0.6]
	at org.evosuite.shaded.org.objectweb.asm.Frame.merge(Frame.java:1478) ~[evosuite-master-1.0.6.jar:1.0.6]
	at org.evosuite.shaded.org.objectweb.asm.MethodWriter.visitMaxs(MethodWriter.java:1497) ~[evosuite-master-1.0.6.jar:1.0.6]
	at org.evosuite.shaded.org.objectweb.asm.MethodVisitor.visitMaxs(MethodVisitor.java:867) ~[evosuite-master-1.0.6.jar:1.0.6]
	at org.evosuite.shaded.org.objectweb.asm.MethodVisitor.visitMaxs(MethodVisitor.java:867) ~[evosuite-master-1.0.6.jar:1.0.6]
	at org.evosuite.shaded.org.objectweb.asm.MethodVisitor.visitMaxs(MethodVisitor.java:867) ~[evosuite-master-1.0.6.jar:1.0.6]
	at org.evosuite.runtime.instrumentation.LoopCounterMethodAdapter.visitMaxs(LoopCounterMethodAdapter.java:48) ~[evosuite-master-1.0.6.jar:1.0.6]
	at org.evosuite.shaded.org.objectweb.asm.tree.MethodNode.accept(MethodNode.java:835) ~[evosuite-master-1.0.6.jar:1.0.6]
	at org.evosuite.shaded.org.objectweb.asm.commons.JSRInlinerAdapter.visitEnd(JSRInlinerAdapter.java:187) ~[evosuite-master-1.0.6.jar:1.0.6]
	at org.evosuite.shaded.org.objectweb.asm.MethodVisitor.visitEnd(MethodVisitor.java:878) ~[evosuite-master-1.0.6.jar:1.0.6]
	at org.evosuite.shaded.org.objectweb.asm.MethodVisitor.visitEnd(MethodVisitor.java:878) ~[evosuite-master-1.0.6.jar:1.0.6]
	at org.evosuite.shaded.org.objectweb.asm.MethodVisitor.visitEnd(MethodVisitor.java:878) ~[evosuite-master-1.0.6.jar:1.0.6]
	at org.evosuite.shaded.org.objectweb.asm.ClassReader.readMethod(ClassReader.java:1130) ~[evosuite-master-1.0.6.jar:1.0.6]
	at org.evosuite.shaded.org.objectweb.asm.ClassReader.accept(ClassReader.java:698) ~[evosuite-master-1.0.6.jar:1.0.6]
	at org.evosuite.shaded.org.objectweb.asm.ClassReader.accept(ClassReader.java:500) ~[evosuite-master-1.0.6.jar:1.0.6]
	at org.evosuite.instrumentation.BytecodeInstrumentation.transformBytes(BytecodeInstrumentation.java:294) ~[evosuite-master-1.0.6.jar:1.0.6]
	at org.evosuite.instrumentation.InstrumentingClassLoader.getTransformedBytes(InstrumentingClassLoader.java:175) ~[evosuite-master-1.0.6.jar:1.0.6]
	at org.evosuite.instrumentation.InstrumentingClassLoader.instrumentClass(InstrumentingClassLoader.java:192) ~[evosuite-master-1.0.6.jar:1.0.6]
	... 24 common frames omitted
Caused by: java.lang.NullPointerException: Class not found org/apache/hadoop/mapred/JobConf
	at org.evosuite.runtime.util.ComputeClassWriter.typeInfo(ComputeClassWriter.java:186) ~[evosuite-master-1.0.6.jar:1.0.6]
	at org.evosuite.runtime.util.ComputeClassWriter.getCommonSuperClass(ComputeClassWriter.java:49) ~[evosuite-master-1.0.6.jar:1.0.6]
	... 43 common frames omitted
[MASTER] 14:25:33.449 [pool-2-thread-1] ERROR ConcreteClassAnalyzer - Removing class from inheritance tree
[MASTER] 14:25:33.836 [pool-2-thread-1] ERROR ConcreteClassAnalyzer - Problem for com.facebook.presto.spark.classloader_interface.PrestoSparkPartitioner. Class not found: org.apache.spark.rdd.WholeTextFileRDD
java.lang.ClassNotFoundException: org/apache/spark/rdd/NewHadoopRDD
	at org.evosuite.instrumentation.InstrumentingClassLoader.instrumentClass(InstrumentingClassLoader.java:201) ~[evosuite-master-1.0.6.jar:1.0.6]
	at org.evosuite.instrumentation.InstrumentingClassLoader.loadClass(InstrumentingClassLoader.java:168) ~[evosuite-master-1.0.6.jar:1.0.6]
	at java.lang.Class.forName0(Native Method) ~[na:1.8.0_292]
	at java.lang.Class.forName(Class.java:348) ~[na:1.8.0_292]
	at org.evosuite.setup.ConcreteClassAnalyzer.getConcreteClassesImpl(ConcreteClassAnalyzer.java:130) [evosuite-master-1.0.6.jar:1.0.6]
	at org.evosuite.setup.ConcreteClassAnalyzer.getConcreteClasses(ConcreteClassAnalyzer.java:61) [evosuite-master-1.0.6.jar:1.0.6]
	at org.evosuite.setup.TestClusterGenerator.addDependency(TestClusterGenerator.java:878) [evosuite-master-1.0.6.jar:1.0.6]
	at org.evosuite.setup.TestClusterGenerator.addDependencies(TestClusterGenerator.java:789) [evosuite-master-1.0.6.jar:1.0.6]
	at org.evosuite.setup.TestClusterGenerator.initializeTargetMethods(TestClusterGenerator.java:546) [evosuite-master-1.0.6.jar:1.0.6]
	at org.evosuite.setup.TestClusterGenerator.generateCluster(TestClusterGenerator.java:134) [evosuite-master-1.0.6.jar:1.0.6]
	at org.evosuite.setup.DependencyAnalysis.analyze(DependencyAnalysis.java:118) [evosuite-master-1.0.6.jar:1.0.6]
	at org.evosuite.setup.DependencyAnalysis.analyzeClass(DependencyAnalysis.java:132) [evosuite-master-1.0.6.jar:1.0.6]
	at org.evosuite.TestSuiteGenerator.initializeTargetClass(TestSuiteGenerator.java:110) [evosuite-master-1.0.6.jar:1.0.6]
	at org.evosuite.TestSuiteGenerator.generateTestSuite(TestSuiteGenerator.java:130) [evosuite-master-1.0.6.jar:1.0.6]
	at org.evosuite.rmi.service.ClientNodeImpl$1.run(ClientNodeImpl.java:145) [evosuite-master-1.0.6.jar:1.0.6]
	at java.util.concurrent.Executors$RunnableAdapter.call(Executors.java:511) [na:1.8.0_292]
	at java.util.concurrent.FutureTask.run(FutureTask.java:266) [na:1.8.0_292]
	at java.util.concurrent.ThreadPoolExecutor.runWorker(ThreadPoolExecutor.java:1149) [na:1.8.0_292]
	at java.util.concurrent.ThreadPoolExecutor$Worker.run(ThreadPoolExecutor.java:624) [na:1.8.0_292]
	at java.lang.Thread.run(Thread.java:748) [na:1.8.0_292]
Caused by: java.lang.NoClassDefFoundError: org/apache/spark/rdd/NewHadoopRDD
	at java.lang.ClassLoader.defineClass1(Native Method) ~[na:1.8.0_292]
	at java.lang.ClassLoader.defineClass(ClassLoader.java:756) ~[na:1.8.0_292]
	at java.lang.ClassLoader.defineClass(ClassLoader.java:635) ~[na:1.8.0_292]
	at org.evosuite.instrumentation.InstrumentingClassLoader.instrumentClass(InstrumentingClassLoader.java:194) ~[evosuite-master-1.0.6.jar:1.0.6]
	... 19 common frames omitted
Caused by: java.lang.ClassNotFoundException: Class not found: org/apache/hadoop/mapred/JobConf: java.lang.NullPointerException: Class not found org/apache/hadoop/mapred/JobConf
	at org.evosuite.instrumentation.InstrumentingClassLoader.instrumentClass(InstrumentingClassLoader.java:201) ~[evosuite-master-1.0.6.jar:1.0.6]
	at org.evosuite.instrumentation.InstrumentingClassLoader.loadClass(InstrumentingClassLoader.java:168) ~[evosuite-master-1.0.6.jar:1.0.6]
	... 23 common frames omitted
Caused by: java.lang.RuntimeException: Class not found: org/apache/hadoop/mapred/JobConf: java.lang.NullPointerException: Class not found org/apache/hadoop/mapred/JobConf
	at org.evosuite.runtime.util.ComputeClassWriter.getCommonSuperClass(ComputeClassWriter.java:52) ~[evosuite-master-1.0.6.jar:1.0.6]
	at org.evosuite.shaded.org.objectweb.asm.ClassWriter.getMergedType(ClassWriter.java:1729) ~[evosuite-master-1.0.6.jar:1.0.6]
	at org.evosuite.shaded.org.objectweb.asm.Frame.merge(Frame.java:1530) ~[evosuite-master-1.0.6.jar:1.0.6]
	at org.evosuite.shaded.org.objectweb.asm.Frame.merge(Frame.java:1478) ~[evosuite-master-1.0.6.jar:1.0.6]
	at org.evosuite.shaded.org.objectweb.asm.MethodWriter.visitMaxs(MethodWriter.java:1497) ~[evosuite-master-1.0.6.jar:1.0.6]
	at org.evosuite.shaded.org.objectweb.asm.MethodVisitor.visitMaxs(MethodVisitor.java:867) ~[evosuite-master-1.0.6.jar:1.0.6]
	at org.evosuite.shaded.org.objectweb.asm.MethodVisitor.visitMaxs(MethodVisitor.java:867) ~[evosuite-master-1.0.6.jar:1.0.6]
	at org.evosuite.shaded.org.objectweb.asm.MethodVisitor.visitMaxs(MethodVisitor.java:867) ~[evosuite-master-1.0.6.jar:1.0.6]
	at org.evosuite.runtime.instrumentation.LoopCounterMethodAdapter.visitMaxs(LoopCounterMethodAdapter.java:48) ~[evosuite-master-1.0.6.jar:1.0.6]
	at org.evosuite.shaded.org.objectweb.asm.tree.MethodNode.accept(MethodNode.java:835) ~[evosuite-master-1.0.6.jar:1.0.6]
	at org.evosuite.shaded.org.objectweb.asm.commons.JSRInlinerAdapter.visitEnd(JSRInlinerAdapter.java:187) ~[evosuite-master-1.0.6.jar:1.0.6]
	at org.evosuite.shaded.org.objectweb.asm.MethodVisitor.visitEnd(MethodVisitor.java:878) ~[evosuite-master-1.0.6.jar:1.0.6]
	at org.evosuite.shaded.org.objectweb.asm.MethodVisitor.visitEnd(MethodVisitor.java:878) ~[evosuite-master-1.0.6.jar:1.0.6]
	at org.evosuite.shaded.org.objectweb.asm.MethodVisitor.visitEnd(MethodVisitor.java:878) ~[evosuite-master-1.0.6.jar:1.0.6]
	at org.evosuite.shaded.org.objectweb.asm.ClassReader.readMethod(ClassReader.java:1130) ~[evosuite-master-1.0.6.jar:1.0.6]
	at org.evosuite.shaded.org.objectweb.asm.ClassReader.accept(ClassReader.java:698) ~[evosuite-master-1.0.6.jar:1.0.6]
	at org.evosuite.shaded.org.objectweb.asm.ClassReader.accept(ClassReader.java:500) ~[evosuite-master-1.0.6.jar:1.0.6]
	at org.evosuite.instrumentation.BytecodeInstrumentation.transformBytes(BytecodeInstrumentation.java:294) ~[evosuite-master-1.0.6.jar:1.0.6]
	at org.evosuite.instrumentation.InstrumentingClassLoader.getTransformedBytes(InstrumentingClassLoader.java:175) ~[evosuite-master-1.0.6.jar:1.0.6]
	at org.evosuite.instrumentation.InstrumentingClassLoader.instrumentClass(InstrumentingClassLoader.java:192) ~[evosuite-master-1.0.6.jar:1.0.6]
	... 24 common frames omitted
Caused by: java.lang.NullPointerException: Class not found org/apache/hadoop/mapred/JobConf
	at org.evosuite.runtime.util.ComputeClassWriter.typeInfo(ComputeClassWriter.java:186) ~[evosuite-master-1.0.6.jar:1.0.6]
	at org.evosuite.runtime.util.ComputeClassWriter.getCommonSuperClass(ComputeClassWriter.java:49) ~[evosuite-master-1.0.6.jar:1.0.6]
	... 43 common frames omitted
[MASTER] 14:25:33.836 [pool-2-thread-1] ERROR ConcreteClassAnalyzer - Removing class from inheritance tree
[MASTER] 14:25:34.141 [pool-2-thread-1] ERROR TestSuiteGenerator - Problem for com.facebook.presto.spark.classloader_interface.PrestoSparkPartitioner. Full stack:
java.lang.StringIndexOutOfBoundsException: String index out of range: 31
	at java.lang.String.charAt(String.java:658) ~[na:1.8.0_292]
	at org.evosuite.setup.TestClusterUtils.isAnonymousClass(TestClusterUtils.java:97) ~[evosuite-master-1.0.6.jar:1.0.6]
	at org.evosuite.setup.ConcreteClassAnalyzer.getConcreteClassesImpl(ConcreteClassAnalyzer.java:123) ~[evosuite-master-1.0.6.jar:1.0.6]
	at org.evosuite.setup.ConcreteClassAnalyzer.getConcreteClasses(ConcreteClassAnalyzer.java:61) ~[evosuite-master-1.0.6.jar:1.0.6]
	at org.evosuite.setup.TestClusterGenerator.addDependency(TestClusterGenerator.java:878) ~[evosuite-master-1.0.6.jar:1.0.6]
	at org.evosuite.setup.TestClusterGenerator.addDependencies(TestClusterGenerator.java:789) ~[evosuite-master-1.0.6.jar:1.0.6]
	at org.evosuite.setup.TestClusterGenerator.initializeTargetMethods(TestClusterGenerator.java:546) ~[evosuite-master-1.0.6.jar:1.0.6]
	at org.evosuite.setup.TestClusterGenerator.generateCluster(TestClusterGenerator.java:134) ~[evosuite-master-1.0.6.jar:1.0.6]
	at org.evosuite.setup.DependencyAnalysis.analyze(DependencyAnalysis.java:118) ~[evosuite-master-1.0.6.jar:1.0.6]
	at org.evosuite.setup.DependencyAnalysis.analyzeClass(DependencyAnalysis.java:132) ~[evosuite-master-1.0.6.jar:1.0.6]
	at org.evosuite.TestSuiteGenerator.initializeTargetClass(TestSuiteGenerator.java:110) ~[evosuite-master-1.0.6.jar:1.0.6]
	at org.evosuite.TestSuiteGenerator.generateTestSuite(TestSuiteGenerator.java:130) ~[evosuite-master-1.0.6.jar:1.0.6]
	at org.evosuite.rmi.service.ClientNodeImpl$1.run(ClientNodeImpl.java:145) [evosuite-master-1.0.6.jar:1.0.6]
	at java.util.concurrent.Executors$RunnableAdapter.call(Executors.java:511) [na:1.8.0_292]
	at java.util.concurrent.FutureTask.run(FutureTask.java:266) [na:1.8.0_292]
	at java.util.concurrent.ThreadPoolExecutor.runWorker(ThreadPoolExecutor.java:1149) [na:1.8.0_292]
	at java.util.concurrent.ThreadPoolExecutor$Worker.run(ThreadPoolExecutor.java:624) [na:1.8.0_292]
	at java.lang.Thread.run(Thread.java:748) [na:1.8.0_292]
