[MASTER] 14:33:41.751 [pool-2-thread-1] ERROR TestSuiteGenerator - Problem for com.facebook.presto.spark.classloader_interface.PrestoSparkShuffleSerializer. Full stack:
java.lang.StringIndexOutOfBoundsException: String index out of range: 11
	at java.lang.String.charAt(String.java:658) ~[na:1.8.0_292]
	at org.evosuite.setup.TestClusterUtils.isAnonymousClass(TestClusterUtils.java:97) ~[evosuite-master-1.0.6.jar:1.0.6]
	at org.evosuite.setup.ConcreteClassAnalyzer.getConcreteClassesImpl(ConcreteClassAnalyzer.java:123) ~[evosuite-master-1.0.6.jar:1.0.6]
	at org.evosuite.setup.ConcreteClassAnalyzer.getConcreteClasses(ConcreteClassAnalyzer.java:61) ~[evosuite-master-1.0.6.jar:1.0.6]
	at org.evosuite.setup.TestClusterGenerator.addDependency(TestClusterGenerator.java:878) ~[evosuite-master-1.0.6.jar:1.0.6]
	at org.evosuite.setup.TestClusterGenerator.addDependencies(TestClusterGenerator.java:789) ~[evosuite-master-1.0.6.jar:1.0.6]
	at org.evosuite.setup.TestClusterGenerator.initializeTargetMethods(TestClusterGenerator.java:546) ~[evosuite-master-1.0.6.jar:1.0.6]
	at org.evosuite.setup.TestClusterGenerator.generateCluster(TestClusterGenerator.java:134) ~[evosuite-master-1.0.6.jar:1.0.6]
	at org.evosuite.setup.DependencyAnalysis.analyze(DependencyAnalysis.java:118) ~[evosuite-master-1.0.6.jar:1.0.6]
	at org.evosuite.setup.DependencyAnalysis.analyzeClass(DependencyAnalysis.java:132) ~[evosuite-master-1.0.6.jar:1.0.6]
	at org.evosuite.TestSuiteGenerator.initializeTargetClass(TestSuiteGenerator.java:110) ~[evosuite-master-1.0.6.jar:1.0.6]
	at org.evosuite.TestSuiteGenerator.generateTestSuite(TestSuiteGenerator.java:130) ~[evosuite-master-1.0.6.jar:1.0.6]
	at org.evosuite.rmi.service.ClientNodeImpl$1.run(ClientNodeImpl.java:145) [evosuite-master-1.0.6.jar:1.0.6]
	at java.util.concurrent.Executors$RunnableAdapter.call(Executors.java:511) [na:1.8.0_292]
	at java.util.concurrent.FutureTask.run(FutureTask.java:266) [na:1.8.0_292]
	at java.util.concurrent.ThreadPoolExecutor.runWorker(ThreadPoolExecutor.java:1149) [na:1.8.0_292]
	at java.util.concurrent.ThreadPoolExecutor$Worker.run(ThreadPoolExecutor.java:624) [na:1.8.0_292]
	at java.lang.Thread.run(Thread.java:748) [na:1.8.0_292]
