[MASTER] 15:37:18.385 [TEST_EXECUTION_THREAD_0] ERROR FunctionalMockStatement - Cannot use Mockito on class java.lang.invoke.MethodHandle due to IAE: 
Mockito cannot mock this class: class java.lang.invoke.MethodHandle.

Mockito can only mock non-private & non-final classes.
If you're not sure why you're getting this error, please report to the mailing list.


Java               : 1.8
JVM vendor name    : Private Build
JVM vendor version : 25.292-b10
JVM name           : OpenJDK 64-Bit Server VM
JVM version        : 1.8.0_292-8u292-b10-0ubuntu1~20.04-b10
JVM info           : mixed mode
OS name            : Linux
OS version         : 5.10.16.3-microsoft-standard-WSL2


Underlying exception : java.lang.IllegalArgumentException: Could not create type
[MASTER] 15:37:40.913 [TEST_EXECUTION_THREAD_5] ERROR FunctionalMockStatement - Cannot use Mockito on class com.facebook.presto.common.block.BlockBuilderStatus due to IAE: 
Mockito cannot mock this class: class com.facebook.presto.common.block.BlockBuilderStatus.

Mockito can only mock non-private & non-final classes.
If you're not sure why you're getting this error, please report to the mailing list.


Java               : 1.8
JVM vendor name    : Private Build
JVM vendor version : 25.292-b10
JVM name           : OpenJDK 64-Bit Server VM
JVM version        : 1.8.0_292-8u292-b10-0ubuntu1~20.04-b10
JVM info           : mixed mode
OS name            : Linux
OS version         : 5.10.16.3-microsoft-standard-WSL2


Underlying exception : java.lang.IllegalArgumentException: Could not create type
[MASTER] 15:37:42.391 [TEST_EXECUTION_THREAD_5] ERROR FunctionalMockStatement - Cannot use Mockito on class com.facebook.presto.common.type.RowFieldName due to IAE: 
Mockito cannot mock this class: class com.facebook.presto.common.type.RowFieldName.

Mockito can only mock non-private & non-final classes.
If you're not sure why you're getting this error, please report to the mailing list.


Java               : 1.8
JVM vendor name    : Private Build
JVM vendor version : 25.292-b10
JVM name           : OpenJDK 64-Bit Server VM
JVM version        : 1.8.0_292-8u292-b10-0ubuntu1~20.04-b10
JVM info           : mixed mode
OS name            : Linux
OS version         : 5.10.16.3-microsoft-standard-WSL2


Underlying exception : java.lang.IllegalArgumentException: Could not create type
[MASTER] 15:37:42.849 [TEST_EXECUTION_THREAD_5] ERROR FunctionalMockStatement - Cannot use Mockito on class com.facebook.presto.common.function.SqlFunctionProperties due to IAE: 
Mockito cannot mock this class: class com.facebook.presto.common.function.SqlFunctionProperties.

Mockito can only mock non-private & non-final classes.
If you're not sure why you're getting this error, please report to the mailing list.


Java               : 1.8
JVM vendor name    : Private Build
JVM vendor version : 25.292-b10
JVM name           : OpenJDK 64-Bit Server VM
JVM version        : 1.8.0_292-8u292-b10-0ubuntu1~20.04-b10
JVM info           : mixed mode
OS name            : Linux
OS version         : 5.10.16.3-microsoft-standard-WSL2


Underlying exception : java.lang.IllegalArgumentException: Could not create type
[MASTER] 15:37:45.141 [TEST_EXECUTION_THREAD_5] ERROR FunctionalMockStatement - Cannot use Mockito on interface com.facebook.presto.common.block.LazyBlockLoader due to IAE: 
Mockito cannot mock this class: interface com.facebook.presto.common.block.LazyBlockLoader.

Mockito can only mock non-private & non-final classes.
If you're not sure why you're getting this error, please report to the mailing list.


Java               : 1.8
JVM vendor name    : Private Build
JVM vendor version : 25.292-b10
JVM name           : OpenJDK 64-Bit Server VM
JVM version        : 1.8.0_292-8u292-b10-0ubuntu1~20.04-b10
JVM info           : mixed mode
OS name            : Linux
OS version         : 5.10.16.3-microsoft-standard-WSL2


Underlying exception : java.lang.IllegalArgumentException: Could not create type
[MASTER] 15:37:50.617 [pool-2-thread-1] ERROR TestCluster - Failed to check cache for java.util.Enumeration<E> : Type points to itself
[MASTER] 15:37:55.258 [TEST_EXECUTION_THREAD_5] ERROR FunctionalMockStatement - Cannot use Mockito on interface java.util.Comparator due to IAE: 
Mockito cannot mock this class: interface java.util.Comparator.

Mockito can only mock non-private & non-final classes.
If you're not sure why you're getting this error, please report to the mailing list.


Java               : 1.8
JVM vendor name    : Private Build
JVM vendor version : 25.292-b10
JVM name           : OpenJDK 64-Bit Server VM
JVM version        : 1.8.0_292-8u292-b10-0ubuntu1~20.04-b10
JVM info           : mixed mode
OS name            : Linux
OS version         : 5.10.16.3-microsoft-standard-WSL2


Underlying exception : java.lang.IllegalArgumentException: Could not create type
[MASTER] 15:37:57.716 [TEST_EXECUTION_THREAD_5] ERROR FunctionalMockStatement - Cannot use Mockito on class com.facebook.presto.common.block.AbstractMapBlock$HashTables due to IAE: 
Mockito cannot mock this class: class com.facebook.presto.common.block.AbstractMapBlock$HashTables.

Mockito can only mock non-private & non-final classes.
If you're not sure why you're getting this error, please report to the mailing list.


Java               : 1.8
JVM vendor name    : Private Build
JVM vendor version : 25.292-b10
JVM name           : OpenJDK 64-Bit Server VM
JVM version        : 1.8.0_292-8u292-b10-0ubuntu1~20.04-b10
JVM info           : mixed mode
OS name            : Linux
OS version         : 5.10.16.3-microsoft-standard-WSL2


Underlying exception : java.lang.IllegalArgumentException: Could not create type
[MASTER] 15:37:58.584 [TEST_EXECUTION_THREAD_5] ERROR FunctionalMockStatement - Cannot use Mockito on class com.facebook.presto.common.type.UserDefinedType due to IAE: 
Mockito cannot mock this class: class com.facebook.presto.common.type.UserDefinedType.

Mockito can only mock non-private & non-final classes.
If you're not sure why you're getting this error, please report to the mailing list.


Java               : 1.8
JVM vendor name    : Private Build
JVM vendor version : 25.292-b10
JVM name           : OpenJDK 64-Bit Server VM
JVM version        : 1.8.0_292-8u292-b10-0ubuntu1~20.04-b10
JVM info           : mixed mode
OS name            : Linux
OS version         : 5.10.16.3-microsoft-standard-WSL2


Underlying exception : java.lang.IllegalArgumentException: Could not create type
