* Starting client
* Connecting to master process on port 21361
* Analyzing classpath: 
  - /mnt/c/Users/Helen/Documents/DataScience18668/GroupProject/project/presto/presto-bytecode/target/classes
  - /home/helen/.m2/repository/org/ow2/asm/asm/9.0/asm-9.0.jar
  - /home/helen/.m2/repository/org/ow2/asm/asm-tree/9.0/asm-tree-9.0.jar
  - /home/helen/.m2/repository/org/ow2/asm/asm-util/9.0/asm-util-9.0.jar
  - /home/helen/.m2/repository/org/ow2/asm/asm-analysis/9.0/asm-analysis-9.0.jar
  - /home/helen/.m2/repository/com/google/code/findbugs/jsr305/3.0.2/jsr305-3.0.2.jar
  - /home/helen/.m2/repository/com/google/guava/guava/26.0-jre/guava-26.0-jre.jar
  - /home/helen/.m2/repository/org/checkerframework/checker-qual/2.5.2/checker-qual-2.5.2.jar
  - /home/helen/.m2/repository/com/google/errorprone/error_prone_annotations/2.1.3/error_prone_annotations-2.1.3.jar
  - /home/helen/.m2/repository/com/google/j2objc/j2objc-annotations/1.1/j2objc-annotations-1.1.jar
  - /home/helen/.m2/repository/org/codehaus/mojo/animal-sniffer-annotations/1.14/animal-sniffer-annotations-1.14.jar
  - /home/helen/.m2/repository/io/airlift/slice/0.38/slice-0.38.jar
  - /home/helen/.m2/repository/org/openjdk/jol/jol-core/0.2/jol-core-0.2.jar
  - /mnt/c/Users/Helen/Documents/DataScience18668/GroupProject/project/presto/presto-testng-services/target/classes
  - /home/helen/.m2/repository/com/facebook/airlift/log/0.201/log-0.201.jar
  - /home/helen/.m2/repository/io/airlift/units/1.3/units-1.3.jar
  - /home/helen/.m2/repository/com/facebook/airlift/concurrent/0.201/concurrent-0.201.jar
  - /home/helen/.m2/repository/org/testng/testng/6.10/testng-6.10.jar
  - /home/helen/.m2/repository/com/beust/jcommander/1.48/jcommander-1.48.jar
  - /home/helen/.m2/repository/org/assertj/assertj-core/3.8.0/assertj-core-3.8.0.jar
* Finished analyzing classpath
* Generating tests for class com.facebook.presto.bytecode.AnnotationDefinition
* Test criteria:
  - Line Coverage
  - Branch Coverage
  - Exception
  - Mutation testing (weak)
  - Method-Output Coverage
  - Top-Level Method Coverage
  - No-Exception Top-Level Method Coverage
  - Context Branch Coverage
* Setting up search algorithm for whole suite generation
[MASTER] 19:27:04.848 [pool-2-thread-1] WARN  TestSuiteSerialization - Cannot load tests because file does not exist: /mnt/c/Users/Helen/Documents/DataScience18668/GroupProject/project/presto/presto-bytecode/.evosuite/evosuite-seeds/com.facebook.presto.bytecode.AnnotationDefinition.seed
* Loaded 0 tests from /mnt/c/Users/Helen/Documents/DataScience18668/GroupProject/project/presto/presto-bytecode/.evosuite/evosuite-seeds/com.facebook.presto.bytecode.AnnotationDefinition.seed
* Total number of test goals: 
  - Line 85
  - Branch 47
  - Exception 0
  - MutationFactory 39
  - Output 41
  - Method 22
  - MethodNoException 22
  - CBranchFitnessFactory 47
* Using seed 1637292397546
* Starting evolution
[MASTER] 19:27:06.938 [pool-2-thread-1] WARN  TimeController - Phase INITIALIZATION lasted too long, 17 seconds more than allowed.
* Search finished after 78s and 122 generations, 75634 statements, best individual has fitness: 25.037037037037038
* Writing sequences to pool
[MASTER] 19:28:32.073 [pool-2-thread-1] WARN  TimeController - Phase SEARCH lasted too long, 10 seconds more than allowed.
* Minimizing test suite
[MASTER] 19:28:47.643 [pool-2-thread-1] WARN  TestSuiteMinimizer - Minimization timeout. Roll back to original test suite
* Going to analyze the coverage criteria
* Coverage analysis for criterion LINE
* Coverage of criterion LINE: 99%
* Total number of goals: 85
* Number of covered goals: 84
* Coverage analysis for criterion BRANCH
* Coverage of criterion BRANCH: 98%
* Total number of goals: 47
* Number of covered goals: 46
* Coverage analysis for criterion EXCEPTION
* Coverage of criterion EXCEPTION: 100%
* Total number of goals: 26
* Number of covered goals: 26
* Coverage analysis for criterion WEAKMUTATION
* Coverage of criterion WEAKMUTATION: 92%
* Total number of goals: 39
* Number of covered goals: 36
* Coverage analysis for criterion OUTPUT
* Coverage of criterion OUTPUT: 54%
* Total number of goals: 41
* Number of covered goals: 22
* Coverage analysis for criterion METHOD
* Coverage of criterion METHOD: 100%
* Total number of goals: 22
* Number of covered goals: 22
* Coverage analysis for criterion METHODNOEXCEPTION
* Coverage of criterion METHODNOEXCEPTION: 95%
* Total number of goals: 22
* Number of covered goals: 21
* Coverage analysis for criterion CBRANCH
* Coverage of criterion CBRANCH: 98%
* Total number of goals: 47
* Number of covered goals: 46
* Generated 61 tests with total length 956
* Resulting test suite's coverage: 92% (average coverage for all fitness functions)
* Generating assertions
* Resulting test suite's mutation score: 41%
* Compiling and checking tests
[MASTER] 19:28:57.497 [pool-2-thread-1] WARN  TimeController - Current phase JUNIT_CHECK could run up to 12s, but only 7s are left
