* Starting client
* Connecting to master process on port 19833
* Analyzing classpath: 
  - /mnt/c/Users/Helen/Documents/DataScience18668/GroupProject/project/presto/presto-memory-context/target/classes
  - /home/helen/.m2/repository/com/google/code/findbugs/jsr305/3.0.2/jsr305-3.0.2.jar
  - /home/helen/.m2/repository/com/google/guava/guava/26.0-jre/guava-26.0-jre.jar
  - /home/helen/.m2/repository/org/checkerframework/checker-qual/2.5.2/checker-qual-2.5.2.jar
  - /home/helen/.m2/repository/com/google/errorprone/error_prone_annotations/2.1.3/error_prone_annotations-2.1.3.jar
  - /home/helen/.m2/repository/com/google/j2objc/j2objc-annotations/1.1/j2objc-annotations-1.1.jar
  - /home/helen/.m2/repository/org/codehaus/mojo/animal-sniffer-annotations/1.14/animal-sniffer-annotations-1.14.jar
  - /mnt/c/Users/Helen/Documents/DataScience18668/GroupProject/project/presto/presto-testng-services/target/classes
  - /home/helen/.m2/repository/com/facebook/airlift/log/0.201/log-0.201.jar
  - /home/helen/.m2/repository/com/facebook/airlift/concurrent/0.201/concurrent-0.201.jar
  - /home/helen/.m2/repository/com/facebook/airlift/testing/0.201/testing-0.201.jar
  - /home/helen/.m2/repository/javax/validation/validation-api/2.0.1.Final/validation-api-2.0.1.Final.jar
  - /home/helen/.m2/repository/org/apache/bval/bval-jsr/2.0.0/bval-jsr-2.0.0.jar
  - /home/helen/.m2/repository/io/airlift/units/1.3/units-1.3.jar
  - /home/helen/.m2/repository/org/testng/testng/6.10/testng-6.10.jar
  - /home/helen/.m2/repository/com/beust/jcommander/1.48/jcommander-1.48.jar
* Finished analyzing classpath
* Generating tests for class com.facebook.presto.memory.context.MemoryTrackingContext
* Test criteria:
  - Line Coverage
  - Branch Coverage
  - Exception
  - Mutation testing (weak)
  - Method-Output Coverage
  - Top-Level Method Coverage
  - No-Exception Top-Level Method Coverage
  - Context Branch Coverage
* Setting up search algorithm for whole suite generation
[MASTER] 20:23:56.222 [pool-2-thread-1] WARN  TestSuiteSerialization - Cannot load tests because file does not exist: /mnt/c/Users/Helen/Documents/DataScience18668/GroupProject/project/presto/presto-memory-context/.evosuite/evosuite-seeds/com.facebook.presto.memory.context.MemoryTrackingContext.seed
* Loaded 0 tests from /mnt/c/Users/Helen/Documents/DataScience18668/GroupProject/project/presto/presto-memory-context/.evosuite/evosuite-seeds/com.facebook.presto.memory.context.MemoryTrackingContext.seed
* Total number of test goals: 
  - Line 47
  - Branch 26
  - Exception 0
  - MutationFactory 25
  - Output 54
  - Method 16
  - MethodNoException 16
  - CBranchFitnessFactory 26
* Using seed 1637295801149
* Starting evolution
[MASTER] 20:23:59.332 [pool-2-thread-1] WARN  TimeController - Phase INITIALIZATION lasted too long, 25 seconds more than allowed.
[MASTER] 20:24:59.966 [pool-2-thread-1] WARN  TestChromosome - Functional mock problem: org.evosuite.ga.ConstructionFailedException: Have no generator for class com.facebook.presto.memory.context.MemoryTrackingContext canUseFunctionalMocks=false, canBeMocked: false
* Search finished after 85s and 195 generations, 57547 statements, best individual has fitness: 74.48333333333333
* Writing sequences to pool
* Minimizing test suite
* Going to analyze the coverage criteria
* Coverage analysis for criterion LINE
* Coverage of criterion LINE: 81%
* Total number of goals: 47
* Number of covered goals: 38
* Coverage analysis for criterion BRANCH
* Coverage of criterion BRANCH: 65%
* Total number of goals: 26
* Number of covered goals: 17
* Coverage analysis for criterion EXCEPTION
* Coverage of criterion EXCEPTION: 55%
* Total number of goals: 11
* Number of covered goals: 6
* Coverage analysis for criterion WEAKMUTATION
* Coverage of criterion WEAKMUTATION: 80%
* Total number of goals: 25
* Number of covered goals: 20
* Coverage analysis for criterion OUTPUT
* Coverage of criterion OUTPUT: 41%
* Total number of goals: 54
* Number of covered goals: 22
* Coverage analysis for criterion METHOD
* Coverage of criterion METHOD: 100%
* Total number of goals: 16
* Number of covered goals: 16
* Coverage analysis for criterion METHODNOEXCEPTION
* Coverage of criterion METHODNOEXCEPTION: 75%
* Total number of goals: 16
* Number of covered goals: 12
* Coverage analysis for criterion CBRANCH
* Coverage of criterion CBRANCH: 65%
* Total number of goals: 26
* Number of covered goals: 17
* Generated 25 tests with total length 78
* Resulting test suite's coverage: 76% (average coverage for all fitness functions)
* Generating assertions
* Resulting test suite's mutation score: 18%
* Compiling and checking tests
