[MASTER] 21:03:07.189 [TEST_EXECUTION_THREAD_0] ERROR FunctionalMockStatement - Failed to use Mockito on class com.facebook.presto.common.QualifiedObjectName: null
[MASTER] 21:03:13.825 [TEST_EXECUTION_THREAD_1] ERROR FunctionalMockStatement - Cannot use Mockito on class com.facebook.presto.common.QualifiedObjectName due to IAE: 
Mockito cannot mock this class: class com.facebook.presto.common.QualifiedObjectName.

Mockito can only mock non-private & non-final classes.
If you're not sure why you're getting this error, please report to the mailing list.


Java               : 1.8
JVM vendor name    : Private Build
JVM vendor version : 25.292-b10
JVM name           : OpenJDK 64-Bit Server VM
JVM version        : 1.8.0_292-8u292-b10-0ubuntu1~20.04-b10
JVM info           : mixed mode
OS name            : Linux
OS version         : 5.10.16.3-microsoft-standard-WSL2


Underlying exception : java.lang.IllegalArgumentException: Could not create type
[MASTER] 21:03:17.300 [TEST_EXECUTION_THREAD_2] ERROR FunctionalMockStatement - Cannot use Mockito on class com.facebook.presto.spi.function.RoutineCharacteristics due to IAE: 
Mockito cannot mock this class: class com.facebook.presto.spi.function.RoutineCharacteristics.

Mockito can only mock non-private & non-final classes.
If you're not sure why you're getting this error, please report to the mailing list.


Java               : 1.8
JVM vendor name    : Private Build
JVM vendor version : 25.292-b10
JVM name           : OpenJDK 64-Bit Server VM
JVM version        : 1.8.0_292-8u292-b10-0ubuntu1~20.04-b10
JVM info           : mixed mode
OS name            : Linux
OS version         : 5.10.16.3-microsoft-standard-WSL2


Underlying exception : java.lang.IllegalArgumentException: Could not create type
[MASTER] 21:03:27.368 [TEST_EXECUTION_THREAD_5] ERROR FunctionalMockStatement - Cannot use Mockito on class com.facebook.presto.common.type.TypeSignature due to IAE: 
Mockito cannot mock this class: class com.facebook.presto.common.type.TypeSignature.

Mockito can only mock non-private & non-final classes.
If you're not sure why you're getting this error, please report to the mailing list.


Java               : 1.8
JVM vendor name    : Private Build
JVM vendor version : 25.292-b10
JVM name           : OpenJDK 64-Bit Server VM
JVM version        : 1.8.0_292-8u292-b10-0ubuntu1~20.04-b10
JVM info           : mixed mode
OS name            : Linux
OS version         : 5.10.16.3-microsoft-standard-WSL2


Underlying exception : java.lang.IllegalArgumentException: Could not create type
[MASTER] 21:03:27.395 [TEST_EXECUTION_THREAD_5] ERROR FunctionalMockStatement - Cannot use Mockito on class com.facebook.presto.spi.function.Signature due to IAE: 
Mockito cannot mock this class: class com.facebook.presto.spi.function.Signature.

Mockito can only mock non-private & non-final classes.
If you're not sure why you're getting this error, please report to the mailing list.


Java               : 1.8
JVM vendor name    : Private Build
JVM vendor version : 25.292-b10
JVM name           : OpenJDK 64-Bit Server VM
JVM version        : 1.8.0_292-8u292-b10-0ubuntu1~20.04-b10
JVM info           : mixed mode
OS name            : Linux
OS version         : 5.10.16.3-microsoft-standard-WSL2


Underlying exception : java.lang.IllegalArgumentException: Could not create type
[MASTER] 21:03:30.290 [TEST_EXECUTION_THREAD_5] ERROR FunctionalMockStatement - Cannot use Mockito on class com.facebook.presto.spi.function.FunctionVersion due to IAE: 
Mockito cannot mock this class: class com.facebook.presto.spi.function.FunctionVersion.

Mockito can only mock non-private & non-final classes.
If you're not sure why you're getting this error, please report to the mailing list.


Java               : 1.8
JVM vendor name    : Private Build
JVM vendor version : 25.292-b10
JVM name           : OpenJDK 64-Bit Server VM
JVM version        : 1.8.0_292-8u292-b10-0ubuntu1~20.04-b10
JVM info           : mixed mode
OS name            : Linux
OS version         : 5.10.16.3-microsoft-standard-WSL2


Underlying exception : java.lang.IllegalArgumentException: Could not create type
[MASTER] 21:03:30.399 [TEST_EXECUTION_THREAD_5] ERROR FunctionalMockStatement - Cannot use Mockito on class com.facebook.presto.spi.function.SqlFunctionId due to IAE: 
Mockito cannot mock this class: class com.facebook.presto.spi.function.SqlFunctionId.

Mockito can only mock non-private & non-final classes.
If you're not sure why you're getting this error, please report to the mailing list.


Java               : 1.8
JVM vendor name    : Private Build
JVM vendor version : 25.292-b10
JVM name           : OpenJDK 64-Bit Server VM
JVM version        : 1.8.0_292-8u292-b10-0ubuntu1~20.04-b10
JVM info           : mixed mode
OS name            : Linux
OS version         : 5.10.16.3-microsoft-standard-WSL2


Underlying exception : java.lang.IllegalArgumentException: Could not create type
